# JRE version: Java(TM) SE Runtime Environment (8.0_101-b13) (build 1.8.0_101-b13)
# Java VM: Java HotSpot(TM) 64-Bit Server VM (25.101-b13 mixed mode linux-amd64 compressed oops)
Heap:
 PSYoungGen      total 132608K, used 7653K [0x00000000d7000000, 0x00000000dfb00000, 0x0000000100000000)
  eden space 124928K, 0% used [0x00000000d7000000,0x00000000d7000000,0x00000000dea00000)
  from space 7680K, 99% used [0x00000000dea00000,0x00000000df179460,0x00000000df180000)
  to   space 5632K, 0% used [0x00000000df180000,0x00000000df180000,0x00000000df700000)
 ParOldGen       total 84992K, used 6433K [0x0000000085000000, 0x000000008a300000, 0x00000000d7000000)
  object space 84992K, 7% used [0x0000000085000000,0x0000000085648428,0x000000008a300000)
 Metaspace       used 20489K, capacity 20766K, committed 20864K, reserved 1067008K
  class space    used 2322K, capacity 2403K, committed 2432K, reserved 1048576K
GC Heap History (10 events):
Event: 1.290 GC heap after
Heap after GC invocations=2 (full 0):
 PSYoungGen      total 36864K, used 3064K [0x00000000d7000000, 0x00000000db800000, 0x0000000100000000)
  eden space 31744K, 0% used [0x00000000d7000000,0x00000000d7000000,0x00000000d8f00000)
  from space 5120K, 59% used [0x00000000d9400000,0x00000000d96fe0d0,0x00000000d9900000)
  to   space 5120K, 0% used [0x00000000d8f00000,0x00000000d8f00000,0x00000000d9400000)
 ParOldGen       total 84992K, used 8K [0x0000000085000000, 0x000000008a300000, 0x00000000d7000000)
  object space 84992K, 0% used [0x0000000085000000,0x0000000085002000,0x000000008a300000)
 Metaspace       used 7452K, capacity 7548K, committed 7680K, reserved 1056768K
  class space    used 888K, capacity 915K, committed 1024K, reserved 1048576K
}
Event: 1.860 GC heap before
{Heap before GC invocations=3 (full 0):
 PSYoungGen      total 36864K, used 34808K [0x00000000d7000000, 0x00000000db800000, 0x0000000100000000)
  eden space 31744K, 100% used [0x00000000d7000000,0x00000000d8f00000,0x00000000d8f00000)
  from space 5120K, 59% used [0x00000000d9400000,0x00000000d96fe0d0,0x00000000d9900000)
  to   space 5120K, 0% used [0x00000000d8f00000,0x00000000d8f00000,0x00000000d9400000)
 ParOldGen       total 84992K, used 8K [0x0000000085000000, 0x000000008a300000, 0x00000000d7000000)
  object space 84992K, 0% used [0x0000000085000000,0x0000000085002000,0x000000008a300000)
 Metaspace       used 11095K, capacity 11150K, committed 11392K, reserved 1058816K
  class space    used 1279K, capacity 1302K, committed 1408K, reserved 1048576K
Event: 1.875 GC heap after
Heap after GC invocations=3 (full 0):
 PSYoungGen      total 36864K, used 4040K [0x00000000d7000000, 0x00000000db800000, 0x0000000100000000)
  eden space 31744K, 0% used [0x00000000d7000000,0x00000000d7000000,0x00000000d8f00000)
  from space 5120K, 78% used [0x00000000d8f00000,0x00000000d92f2268,0x00000000d9400000)
  to   space 5120K, 0% used [0x00000000db300000,0x00000000db300000,0x00000000db800000)
 ParOldGen       total 84992K, used 16K [0x0000000085000000, 0x000000008a300000, 0x00000000d7000000)
  object space 84992K, 0% used [0x0000000085000000,0x0000000085004000,0x000000008a300000)
 Metaspace       used 11095K, capacity 11150K, committed 11392K, reserved 1058816K
  class space    used 1279K, capacity 1302K, committed 1408K, reserved 1048576K
}
Event: 2.244 GC heap before
{Heap before GC invocations=4 (full 0):
 PSYoungGen      total 36864K, used 35784K [0x00000000d7000000, 0x00000000db800000, 0x0000000100000000)
  eden space 31744K, 100% used [0x00000000d7000000,0x00000000d8f00000,0x00000000d8f00000)
  from space 5120K, 78% used [0x00000000d8f00000,0x00000000d92f2268,0x00000000d9400000)
  to   space 5120K, 0% used [0x00000000db300000,0x00000000db300000,0x00000000db800000)
 ParOldGen       total 84992K, used 16K [0x0000000085000000, 0x000000008a300000, 0x00000000d7000000)
  object space 84992K, 0% used [0x0000000085000000,0x0000000085004000,0x000000008a300000)
 Metaspace       used 12032K, capacity 12224K, committed 12416K, reserved 1060864K
  class space    used 1364K, capacity 1402K, committed 1408K, reserved 1048576K
Event: 2.255 GC heap after
Heap after GC invocations=4 (full 0):
 PSYoungGen      total 68608K, used 3855K [0x00000000d7000000, 0x00000000db800000, 0x0000000100000000)
  eden space 63488K, 0% used [0x00000000d7000000,0x00000000d7000000,0x00000000dae00000)
  from space 5120K, 75% used [0x00000000db300000,0x00000000db6c3ea8,0x00000000db800000)
  to   space 5120K, 0% used [0x00000000dae00000,0x00000000dae00000,0x00000000db300000)
 ParOldGen       total 84992K, used 88K [0x0000000085000000, 0x000000008a300000, 0x00000000d7000000)
  object space 84992K, 0% used [0x0000000085000000,0x0000000085016010,0x000000008a300000)
 Metaspace       used 12032K, capacity 12224K, committed 12416K, reserved 1060864K
  class space    used 1364K, capacity 1402K, committed 1408K, reserved 1048576K
}
Event: 2.848 GC heap before
{Heap before GC invocations=5 (full 0):
 PSYoungGen      total 68608K, used 67343K [0x00000000d7000000, 0x00000000db800000, 0x0000000100000000)
  eden space 63488K, 100% used [0x00000000d7000000,0x00000000dae00000,0x00000000dae00000)
  from space 5120K, 75% used [0x00000000db300000,0x00000000db6c3ea8,0x00000000db800000)
  to   space 5120K, 0% used [0x00000000dae00000,0x00000000dae00000,0x00000000db300000)
 ParOldGen       total 84992K, used 88K [0x0000000085000000, 0x000000008a300000, 0x00000000d7000000)
  object space 84992K, 0% used [0x0000000085000000,0x0000000085016010,0x000000008a300000)
 Metaspace       used 14382K, capacity 14610K, committed 14848K, reserved 1062912K
  class space    used 1674K, capacity 1725K, committed 1792K, reserved 1048576K
Event: 2.856 GC heap after
Heap after GC invocations=5 (full 0):
 PSYoungGen      total 68608K, used 5105K [0x00000000d7000000, 0x00000000df700000, 0x0000000100000000)
  eden space 63488K, 0% used [0x00000000d7000000,0x00000000d7000000,0x00000000dae00000)
  from space 5120K, 99% used [0x00000000dae00000,0x00000000db2fc4a8,0x00000000db300000)
  to   space 5632K, 0% used [0x00000000df180000,0x00000000df180000,0x00000000df700000)
 ParOldGen       total 84992K, used 231K [0x0000000085000000, 0x000000008a300000, 0x00000000d7000000)
  object space 84992K, 0% used [0x0000000085000000,0x0000000085039f50,0x000000008a300000)
 Metaspace       used 14382K, capacity 14610K, committed 14848K, reserved 1062912K
  class space    used 1674K, capacity 1725K, committed 1792K, reserved 1048576K
}
Event: 3.343 GC heap before
{Heap before GC invocations=6 (full 0):
 PSYoungGen      total 68608K, used 68593K [0x00000000d7000000, 0x00000000df700000, 0x0000000100000000)
  eden space 63488K, 100% used [0x00000000d7000000,0x00000000dae00000,0x00000000dae00000)
  from space 5120K, 99% used [0x00000000dae00000,0x00000000db2fc4a8,0x00000000db300000)
  to   space 5632K, 0% used [0x00000000df180000,0x00000000df180000,0x00000000df700000)
 ParOldGen       total 84992K, used 231K [0x0000000085000000, 0x000000008a300000, 0x00000000d7000000)
  object space 84992K, 0% used [0x0000000085000000,0x0000000085039f50,0x000000008a300000)
 Metaspace       used 18659K, capacity 18894K, committed 19200K, reserved 1067008K
  class space    used 2157K, capacity 2235K, committed 2304K, reserved 1048576K
Event: 3.352 GC heap after
Heap after GC invocations=6 (full 0):
 PSYoungGen      total 130560K, used 5614K [0x00000000d7000000, 0x00000000dfb00000, 0x0000000100000000)
  eden space 124928K, 0% used [0x00000000d7000000,0x00000000d7000000,0x00000000dea00000)
  from space 5632K, 99% used [0x00000000df180000,0x00000000df6fbb00,0x00000000df700000)
  to   space 7680K, 0% used [0x00000000dea00000,0x00000000dea00000,0x00000000df180000)
 ParOldGen       total 84992K, used 2227K [0x0000000085000000, 0x000000008a300000, 0x00000000d7000000)
  object space 84992K, 2% used [0x0000000085000000,0x000000008522cea8,0x000000008a300000)
 Metaspace       used 18659K, capacity 18894K, committed 19200K, reserved 1067008K
  class space    used 2157K, capacity 2235K, committed 2304K, reserved 1048576K
}
Event: 4.234 GC heap before
{Heap before GC invocations=7 (full 0):
 PSYoungGen      total 130560K, used 130542K [0x00000000d7000000, 0x00000000dfb00000, 0x0000000100000000)
  eden space 124928K, 100% used [0x00000000d7000000,0x00000000dea00000,0x00000000dea00000)
  from space 5632K, 99% used [0x00000000df180000,0x00000000df6fbb00,0x00000000df700000)
  to   space 7680K, 0% used [0x00000000dea00000,0x00000000dea00000,0x00000000df180000)
 ParOldGen       total 84992K, used 2227K [0x0000000085000000, 0x000000008a300000, 0x00000000d7000000)
  object space 84992K, 2% used [0x0000000085000000,0x000000008522cea8,0x000000008a300000)
 Metaspace       used 20489K, capacity 20766K, committed 20864K, reserved 1067008K
  class space    used 2322K, capacity 2403K, committed 2432K, reserved 1048576K

