# JRE version: Java(TM) SE Runtime Environment (8.0_101-b13) (build 1.8.0_101-b13)
# Java VM: Java HotSpot(TM) 64-Bit Server VM (25.101-b13 mixed mode linux-amd64 compressed oops)
Heap:
 PSYoungGen      total 291328K, used 0K [0x00000000eab00000, 0x0000000100000000, 0x0000000100000000)
  eden space 252928K, 0% used [0x00000000eab00000,0x00000000eab00000,0x00000000fa200000)
  from space 38400K, 0% used [0x00000000fa200000,0x00000000fa200000,0x00000000fc780000)
  to   space 48640K, 0% used [0x00000000fd080000,0x00000000fd080000,0x0000000100000000)
 ParOldGen       total 285696K, used 281720K [0x00000000c0000000, 0x00000000d1700000, 0x00000000eab00000)
  object space 285696K, 98% used [0x00000000c0000000,0x00000000d131e258,0x00000000d1700000)
 Metaspace       used 49385K, capacity 59792K, committed 59904K, reserved 1097728K
  class space    used 7147K, capacity 10902K, committed 11008K, reserved 1048576K
GC Heap History (10 events):
Event: 91.782 GC heap after
Heap after GC invocations=70 (full 3):
 PSYoungGen      total 302592K, used 38528K [0x00000000eab00000, 0x0000000100000000, 0x0000000100000000)
  eden space 263680K, 0% used [0x00000000eab00000,0x00000000eab00000,0x00000000fac80000)
  from space 38912K, 99% used [0x00000000fac80000,0x00000000fd220000,0x00000000fd280000)
  to   space 44544K, 0% used [0x00000000fd480000,0x00000000fd480000,0x0000000100000000)
 ParOldGen       total 285696K, used 274773K [0x00000000c0000000, 0x00000000d1700000, 0x00000000eab00000)
  object space 285696K, 96% used [0x00000000c0000000,0x00000000d0c554c8,0x00000000d1700000)
 Metaspace       used 49367K, capacity 59728K, committed 59904K, reserved 1097728K
  class space    used 7146K, capacity 10902K, committed 11008K, reserved 1048576K
}
Event: 103.192 GC heap before
{Heap before GC invocations=71 (full 3):
 PSYoungGen      total 302592K, used 302208K [0x00000000eab00000, 0x0000000100000000, 0x0000000100000000)
  eden space 263680K, 100% used [0x00000000eab00000,0x00000000fac80000,0x00000000fac80000)
  from space 38912K, 99% used [0x00000000fac80000,0x00000000fd220000,0x00000000fd280000)
  to   space 44544K, 0% used [0x00000000fd480000,0x00000000fd480000,0x0000000100000000)
 ParOldGen       total 285696K, used 274773K [0x00000000c0000000, 0x00000000d1700000, 0x00000000eab00000)
  object space 285696K, 96% used [0x00000000c0000000,0x00000000d0c554c8,0x00000000d1700000)
 Metaspace       used 49368K, capacity 59728K, committed 59904K, reserved 1097728K
  class space    used 7146K, capacity 10902K, committed 11008K, reserved 1048576K
Event: 103.370 GC heap after
Heap after GC invocations=71 (full 3):
 PSYoungGen      total 303616K, used 36384K [0x00000000eab00000, 0x0000000100000000, 0x0000000100000000)
  eden space 259072K, 0% used [0x00000000eab00000,0x00000000eab00000,0x00000000fa800000)
  from space 44544K, 81% used [0x00000000fd480000,0x00000000ff808000,0x0000000100000000)
  to   space 45056K, 0% used [0x00000000fa800000,0x00000000fa800000,0x00000000fd400000)
 ParOldGen       total 285696K, used 274773K [0x00000000c0000000, 0x00000000d1700000, 0x00000000eab00000)
  object space 285696K, 96% used [0x00000000c0000000,0x00000000d0c554c8,0x00000000d1700000)
 Metaspace       used 49368K, capacity 59728K, committed 59904K, reserved 1097728K
  class space    used 7146K, capacity 10902K, committed 11008K, reserved 1048576K
}
Event: 134.972 GC heap before
{Heap before GC invocations=72 (full 3):
 PSYoungGen      total 303616K, used 295456K [0x00000000eab00000, 0x0000000100000000, 0x0000000100000000)
  eden space 259072K, 100% used [0x00000000eab00000,0x00000000fa800000,0x00000000fa800000)
  from space 44544K, 81% used [0x00000000fd480000,0x00000000ff808000,0x0000000100000000)
  to   space 45056K, 0% used [0x00000000fa800000,0x00000000fa800000,0x00000000fd400000)
 ParOldGen       total 285696K, used 274773K [0x00000000c0000000, 0x00000000d1700000, 0x00000000eab00000)
  object space 285696K, 96% used [0x00000000c0000000,0x00000000d0c554c8,0x00000000d1700000)
 Metaspace       used 49372K, capacity 59728K, committed 59904K, reserved 1097728K
  class space    used 7146K, capacity 10902K, committed 11008K, reserved 1048576K
Event: 135.266 GC heap after
Heap after GC invocations=72 (full 3):
 PSYoungGen      total 300032K, used 40640K [0x00000000eab00000, 0x0000000100000000, 0x0000000100000000)
  eden space 259072K, 0% used [0x00000000eab00000,0x00000000eab00000,0x00000000fa800000)
  from space 40960K, 99% used [0x00000000fa800000,0x00000000fcfb0000,0x00000000fd000000)
  to   space 47616K, 0% used [0x00000000fd180000,0x00000000fd180000,0x0000000100000000)
 ParOldGen       total 285696K, used 277541K [0x00000000c0000000, 0x00000000d1700000, 0x00000000eab00000)
  object space 285696K, 97% used [0x00000000c0000000,0x00000000d0f09528,0x00000000d1700000)
 Metaspace       used 49372K, capacity 59728K, committed 59904K, reserved 1097728K
  class space    used 7146K, capacity 10902K, committed 11008K, reserved 1048576K
}
Event: 144.051 GC heap before
{Heap before GC invocations=73 (full 3):
 PSYoungGen      total 300032K, used 299712K [0x00000000eab00000, 0x0000000100000000, 0x0000000100000000)
  eden space 259072K, 100% used [0x00000000eab00000,0x00000000fa800000,0x00000000fa800000)
  from space 40960K, 99% used [0x00000000fa800000,0x00000000fcfb0000,0x00000000fd000000)
  to   space 47616K, 0% used [0x00000000fd180000,0x00000000fd180000,0x0000000100000000)
 ParOldGen       total 285696K, used 277541K [0x00000000c0000000, 0x00000000d1700000, 0x00000000eab00000)
  object space 285696K, 97% used [0x00000000c0000000,0x00000000d0f09528,0x00000000d1700000)
 Metaspace       used 49379K, capacity 59792K, committed 59904K, reserved 1097728K
  class space    used 7146K, capacity 10902K, committed 11008K, reserved 1048576K
Event: 144.107 GC heap after
Heap after GC invocations=73 (full 3):
 PSYoungGen      total 300544K, used 37760K [0x00000000eab00000, 0x0000000100000000, 0x0000000100000000)
  eden space 252928K, 0% used [0x00000000eab00000,0x00000000eab00000,0x00000000fa200000)
  from space 47616K, 79% used [0x00000000fd180000,0x00000000ff660000,0x0000000100000000)
  to   space 48128K, 0% used [0x00000000fa200000,0x00000000fa200000,0x00000000fd100000)
 ParOldGen       total 285696K, used 279485K [0x00000000c0000000, 0x00000000d1700000, 0x00000000eab00000)
  object space 285696K, 97% used [0x00000000c0000000,0x00000000d10ef528,0x00000000d1700000)
 Metaspace       used 49379K, capacity 59792K, committed 59904K, reserved 1097728K
  class space    used 7146K, capacity 10902K, committed 11008K, reserved 1048576K
}
Event: 187.797 GC heap before
{Heap before GC invocations=74 (full 3):
 PSYoungGen      total 300544K, used 290688K [0x00000000eab00000, 0x0000000100000000, 0x0000000100000000)
  eden space 252928K, 100% used [0x00000000eab00000,0x00000000fa200000,0x00000000fa200000)
  from space 47616K, 79% used [0x00000000fd180000,0x00000000ff660000,0x0000000100000000)
  to   space 48128K, 0% used [0x00000000fa200000,0x00000000fa200000,0x00000000fd100000)
 ParOldGen       total 285696K, used 279485K [0x00000000c0000000, 0x00000000d1700000, 0x00000000eab00000)
  object space 285696K, 97% used [0x00000000c0000000,0x00000000d10ef528,0x00000000d1700000)
 Metaspace       used 49385K, capacity 59792K, committed 59904K, reserved 1097728K
  class space    used 7147K, capacity 10902K, committed 11008K, reserved 1048576K
Event: 187.838 GC heap after
Heap after GC invocations=74 (full 3):
 PSYoungGen      total 291328K, used 38080K [0x00000000eab00000, 0x0000000100000000, 0x0000000100000000)
  eden space 252928K, 0% used [0x00000000eab00000,0x00000000eab00000,0x00000000fa200000)
  from space 38400K, 99% used [0x00000000fa200000,0x00000000fc730000,0x00000000fc780000)
  to   space 48640K, 0% used [0x00000000fd080000,0x00000000fd080000,0x0000000100000000)
 ParOldGen       total 285696K, used 282025K [0x00000000c0000000, 0x00000000d1700000, 0x00000000eab00000)
  object space 285696K, 98% used [0x00000000c0000000,0x00000000d136a598,0x00000000d1700000)
 Metaspace       used 49385K, capacity 59792K, committed 59904K, reserved 1097728K
  class space    used 7147K, capacity 10902K, committed 11008K, reserved 1048576K
}
Event: 187.864 GC heap before
{Heap before GC invocations=75 (full 4):
 PSYoungGen      total 291328K, used 38080K [0x00000000eab00000, 0x0000000100000000, 0x0000000100000000)
  eden space 252928K, 0% used [0x00000000eab00000,0x00000000eab00000,0x00000000fa200000)
  from space 38400K, 99% used [0x00000000fa200000,0x00000000fc730000,0x00000000fc780000)
  to   space 48640K, 0% used [0x00000000fd080000,0x00000000fd080000,0x0000000100000000)
 ParOldGen       total 285696K, used 282025K [0x00000000c0000000, 0x00000000d1700000, 0x00000000eab00000)
  object space 285696K, 98% used [0x00000000c0000000,0x00000000d136a598,0x00000000d1700000)
 Metaspace       used 49385K, capacity 59792K, committed 59904K, reserved 1097728K
  class space    used 7147K, capacity 10902K, committed 11008K, reserved 1048576K

