# JRE version: Java(TM) SE Runtime Environment (8.0_101-b13) (build 1.8.0_101-b13)
# Java VM: Java HotSpot(TM) 64-Bit Server VM (25.101-b13 mixed mode linux-amd64 compressed oops)
Heap:
 PSYoungGen      total 386048K, used 18936K [0x00000000d7000000, 0x00000000f0d00000, 0x0000000100000000)
  eden space 367104K, 0% used [0x00000000d7000000,0x00000000d7000000,0x00000000ed680000)
  from space 18944K, 99% used [0x00000000ee800000,0x00000000efa7e348,0x00000000efa80000)
  to   space 13312K, 0% used [0x00000000f0000000,0x00000000f0000000,0x00000000f0d00000)
 ParOldGen       total 69120K, used 23793K [0x0000000085000000, 0x0000000089380000, 0x00000000d7000000)
  object space 69120K, 34% used [0x0000000085000000,0x000000008673c470,0x0000000089380000)
 Metaspace       used 43825K, capacity 44216K, committed 44800K, reserved 1089536K
  class space    used 5369K, capacity 5506K, committed 5632K, reserved 1048576K
GC Heap History (10 events):
Event: 6.470 GC heap after
Heap after GC invocations=8 (full 0):
 PSYoungGen      total 258560K, used 13810K [0x00000000d7000000, 0x00000000e8600000, 0x0000000100000000)
  eden space 244736K, 0% used [0x00000000d7000000,0x00000000d7000000,0x00000000e5f00000)
  from space 13824K, 99% used [0x00000000e7080000,0x00000000e7dfcb70,0x00000000e7e00000)
  to   space 17920K, 0% used [0x00000000e5f00000,0x00000000e5f00000,0x00000000e7080000)
 ParOldGen       total 84992K, used 13982K [0x0000000085000000, 0x000000008a300000, 0x00000000d7000000)
  object space 84992K, 16% used [0x0000000085000000,0x0000000085da7b68,0x000000008a300000)
 Metaspace       used 20529K, capacity 20734K, committed 20864K, reserved 1067008K
  class space    used 2319K, capacity 2371K, committed 2432K, reserved 1048576K
}
Event: 6.573 GC heap before
{Heap before GC invocations=9 (full 0):
 PSYoungGen      total 258560K, used 62697K [0x00000000d7000000, 0x00000000e8600000, 0x0000000100000000)
  eden space 244736K, 19% used [0x00000000d7000000,0x00000000d9fbdc50,0x00000000e5f00000)
  from space 13824K, 99% used [0x00000000e7080000,0x00000000e7dfcb70,0x00000000e7e00000)
  to   space 17920K, 0% used [0x00000000e5f00000,0x00000000e5f00000,0x00000000e7080000)
 ParOldGen       total 84992K, used 13982K [0x0000000085000000, 0x000000008a300000, 0x00000000d7000000)
  object space 84992K, 16% used [0x0000000085000000,0x0000000085da7b68,0x000000008a300000)
 Metaspace       used 20849K, capacity 21054K, committed 21248K, reserved 1069056K
  class space    used 2359K, capacity 2435K, committed 2560K, reserved 1048576K
Event: 6.588 GC heap after
Heap after GC invocations=9 (full 0):
 PSYoungGen      total 262656K, used 4279K [0x00000000d7000000, 0x00000000f1180000, 0x0000000100000000)
  eden space 244736K, 0% used [0x00000000d7000000,0x00000000d7000000,0x00000000e5f00000)
  from space 17920K, 23% used [0x00000000e5f00000,0x00000000e632df60,0x00000000e7080000)
  to   space 17920K, 0% used [0x00000000f0000000,0x00000000f0000000,0x00000000f1180000)
 ParOldGen       total 84992K, used 15791K [0x0000000085000000, 0x000000008a300000, 0x00000000d7000000)
  object space 84992K, 18% used [0x0000000085000000,0x0000000085f6bfc8,0x000000008a300000)
 Metaspace       used 20849K, capacity 21054K, committed 21248K, reserved 1069056K
  class space    used 2359K, capacity 2435K, committed 2560K, reserved 1048576K
}
Event: 6.588 GC heap before
{Heap before GC invocations=10 (full 1):
 PSYoungGen      total 262656K, used 4279K [0x00000000d7000000, 0x00000000f1180000, 0x0000000100000000)
  eden space 244736K, 0% used [0x00000000d7000000,0x00000000d7000000,0x00000000e5f00000)
  from space 17920K, 23% used [0x00000000e5f00000,0x00000000e632df60,0x00000000e7080000)
  to   space 17920K, 0% used [0x00000000f0000000,0x00000000f0000000,0x00000000f1180000)
 ParOldGen       total 84992K, used 15791K [0x0000000085000000, 0x000000008a300000, 0x00000000d7000000)
  object space 84992K, 18% used [0x0000000085000000,0x0000000085f6bfc8,0x000000008a300000)
 Metaspace       used 20849K, capacity 21054K, committed 21248K, reserved 1069056K
  class space    used 2359K, capacity 2435K, committed 2560K, reserved 1048576K
Event: 6.638 GC heap after
Heap after GC invocations=10 (full 1):
 PSYoungGen      total 262656K, used 0K [0x00000000d7000000, 0x00000000f1180000, 0x0000000100000000)
  eden space 244736K, 0% used [0x00000000d7000000,0x00000000d7000000,0x00000000e5f00000)
  from space 17920K, 0% used [0x00000000e5f00000,0x00000000e5f00000,0x00000000e7080000)
  to   space 17920K, 0% used [0x00000000f0000000,0x00000000f0000000,0x00000000f1180000)
 ParOldGen       total 50688K, used 8951K [0x0000000085000000, 0x0000000088180000, 0x00000000d7000000)
  object space 50688K, 17% used [0x0000000085000000,0x00000000858bdc88,0x0000000088180000)
 Metaspace       used 20849K, capacity 21054K, committed 21248K, reserved 1069056K
  class space    used 2359K, capacity 2435K, committed 2560K, reserved 1048576K
}
Event: 9.045 GC heap before
{Heap before GC invocations=11 (full 1):
 PSYoungGen      total 262656K, used 158712K [0x00000000d7000000, 0x00000000f1180000, 0x0000000100000000)
  eden space 244736K, 64% used [0x00000000d7000000,0x00000000e0afe110,0x00000000e5f00000)
  from space 17920K, 0% used [0x00000000e5f00000,0x00000000e5f00000,0x00000000e7080000)
  to   space 17920K, 0% used [0x00000000f0000000,0x00000000f0000000,0x00000000f1180000)
 ParOldGen       total 50688K, used 8951K [0x0000000085000000, 0x0000000088180000, 0x00000000d7000000)
  object space 50688K, 17% used [0x0000000085000000,0x00000000858bdc88,0x0000000088180000)
 Metaspace       used 34824K, capacity 35114K, committed 35416K, reserved 1081344K
  class space    used 4172K, capacity 4259K, committed 4352K, reserved 1048576K
Event: 9.058 GC heap after
Heap after GC invocations=11 (full 1):
 PSYoungGen      total 380416K, used 13089K [0x00000000d7000000, 0x00000000f0d00000, 0x0000000100000000)
  eden space 367104K, 0% used [0x00000000d7000000,0x00000000d7000000,0x00000000ed680000)
  from space 13312K, 98% used [0x00000000f0000000,0x00000000f0cc8760,0x00000000f0d00000)
  to   space 18944K, 0% used [0x00000000ee800000,0x00000000ee800000,0x00000000efa80000)
 ParOldGen       total 50688K, used 8959K [0x0000000085000000, 0x0000000088180000, 0x00000000d7000000)
  object space 50688K, 17% used [0x0000000085000000,0x00000000858bfc88,0x0000000088180000)
 Metaspace       used 34824K, capacity 35114K, committed 35416K, reserved 1081344K
  class space    used 4172K, capacity 4259K, committed 4352K, reserved 1048576K
}
Event: 9.058 GC heap before
{Heap before GC invocations=12 (full 2):
 PSYoungGen      total 380416K, used 13089K [0x00000000d7000000, 0x00000000f0d00000, 0x0000000100000000)
  eden space 367104K, 0% used [0x00000000d7000000,0x00000000d7000000,0x00000000ed680000)
  from space 13312K, 98% used [0x00000000f0000000,0x00000000f0cc8760,0x00000000f0d00000)
  to   space 18944K, 0% used [0x00000000ee800000,0x00000000ee800000,0x00000000efa80000)
 ParOldGen       total 50688K, used 8959K [0x0000000085000000, 0x0000000088180000, 0x00000000d7000000)
  object space 50688K, 17% used [0x0000000085000000,0x00000000858bfc88,0x0000000088180000)
 Metaspace       used 34824K, capacity 35114K, committed 35416K, reserved 1081344K
  class space    used 4172K, capacity 4259K, committed 4352K, reserved 1048576K
Event: 9.096 GC heap after
Heap after GC invocations=12 (full 2):
 PSYoungGen      total 380416K, used 0K [0x00000000d7000000, 0x00000000f0d00000, 0x0000000100000000)
  eden space 367104K, 0% used [0x00000000d7000000,0x00000000d7000000,0x00000000ed680000)
  from space 13312K, 0% used [0x00000000f0000000,0x00000000f0000000,0x00000000f0d00000)
  to   space 18944K, 0% used [0x00000000ee800000,0x00000000ee800000,0x00000000efa80000)
 ParOldGen       total 69120K, used 18664K [0x0000000085000000, 0x0000000089380000, 0x00000000d7000000)
  object space 69120K, 27% used [0x0000000085000000,0x000000008623a2f0,0x0000000089380000)
 Metaspace       used 34824K, capacity 35114K, committed 35416K, reserved 1081344K
  class space    used 4172K, capacity 4259K, committed 4352K, reserved 1048576K
}
Event: 14.959 GC heap before
{Heap before GC invocations=13 (full 2):
 PSYoungGen      total 380416K, used 367104K [0x00000000d7000000, 0x00000000f0d00000, 0x0000000100000000)
  eden space 367104K, 100% used [0x00000000d7000000,0x00000000ed680000,0x00000000ed680000)
  from space 13312K, 0% used [0x00000000f0000000,0x00000000f0000000,0x00000000f0d00000)
  to   space 18944K, 0% used [0x00000000ee800000,0x00000000ee800000,0x00000000efa80000)
 ParOldGen       total 69120K, used 18664K [0x0000000085000000, 0x0000000089380000, 0x00000000d7000000)
  object space 69120K, 27% used [0x0000000085000000,0x000000008623a2f0,0x0000000089380000)
 Metaspace       used 43825K, capacity 44216K, committed 44800K, reserved 1089536K
  class space    used 5369K, capacity 5506K, committed 5632K, reserved 1048576K

