# JRE version: Java(TM) SE Runtime Environment (8.0_101-b13) (build 1.8.0_101-b13)
# Java VM: Java HotSpot(TM) 64-Bit Server VM (25.101-b13 mixed mode linux-amd64 compressed oops)
Heap:
 PSYoungGen      total 384512K, used 17917K [0x00000000d7000000, 0x00000000efe00000, 0x0000000100000000)
  eden space 366592K, 0% used [0x00000000d7000000,0x00000000d7000000,0x00000000ed600000)
  from space 17920K, 99% used [0x00000000edb00000,0x00000000eec7f798,0x00000000eec80000)
  to   space 11264K, 0% used [0x00000000ef300000,0x00000000ef300000,0x00000000efe00000)
 ParOldGen       total 85504K, used 23398K [0x0000000085000000, 0x000000008a380000, 0x00000000d7000000)
  object space 85504K, 27% used [0x0000000085000000,0x00000000866d9b18,0x000000008a380000)
 Metaspace       used 40877K, capacity 41506K, committed 41728K, reserved 1085440K
  class space    used 4899K, capacity 5032K, committed 5120K, reserved 1048576K
GC Heap History (10 events):
Event: 5.197 GC heap after
Heap after GC invocations=10 (full 1):
 PSYoungGen      total 215552K, used 11764K [0x00000000d7000000, 0x00000000e9e80000, 0x0000000100000000)
  eden space 203776K, 0% used [0x00000000d7000000,0x00000000d7000000,0x00000000e3700000)
  from space 11776K, 99% used [0x00000000e3700000,0x00000000e427d198,0x00000000e4280000)
  to   space 15872K, 0% used [0x00000000e8f00000,0x00000000e8f00000,0x00000000e9e80000)
 ParOldGen       total 59392K, used 18152K [0x0000000085000000, 0x0000000088a00000, 0x00000000d7000000)
  object space 59392K, 30% used [0x0000000085000000,0x00000000861ba300,0x0000000088a00000)
 Metaspace       used 31769K, capacity 32144K, committed 32384K, reserved 1077248K
  class space    used 3804K, capacity 3913K, committed 3968K, reserved 1048576K
}
Event: 6.159 GC heap before
{Heap before GC invocations=11 (full 1):
 PSYoungGen      total 215552K, used 215540K [0x00000000d7000000, 0x00000000e9e80000, 0x0000000100000000)
  eden space 203776K, 100% used [0x00000000d7000000,0x00000000e3700000,0x00000000e3700000)
  from space 11776K, 99% used [0x00000000e3700000,0x00000000e427d198,0x00000000e4280000)
  to   space 15872K, 0% used [0x00000000e8f00000,0x00000000e8f00000,0x00000000e9e80000)
 ParOldGen       total 59392K, used 18152K [0x0000000085000000, 0x0000000088a00000, 0x00000000d7000000)
  object space 59392K, 30% used [0x0000000085000000,0x00000000861ba300,0x0000000088a00000)
 Metaspace       used 34133K, capacity 34530K, committed 34944K, reserved 1079296K
  class space    used 4071K, capacity 4172K, committed 4224K, reserved 1048576K
Event: 6.177 GC heap after
Heap after GC invocations=11 (full 1):
 PSYoungGen      total 292352K, used 13438K [0x00000000d7000000, 0x00000000ea000000, 0x0000000100000000)
  eden space 276480K, 0% used [0x00000000d7000000,0x00000000d7000000,0x00000000e7e00000)
  from space 15872K, 84% used [0x00000000e8f00000,0x00000000e9c1fa88,0x00000000e9e80000)
  to   space 17408K, 0% used [0x00000000e7e00000,0x00000000e7e00000,0x00000000e8f00000)
 ParOldGen       total 59392K, used 22572K [0x0000000085000000, 0x0000000088a00000, 0x00000000d7000000)
  object space 59392K, 38% used [0x0000000085000000,0x000000008660b390,0x0000000088a00000)
 Metaspace       used 34133K, capacity 34530K, committed 34944K, reserved 1079296K
  class space    used 4071K, capacity 4172K, committed 4224K, reserved 1048576K
}
Event: 6.351 GC heap before
{Heap before GC invocations=12 (full 1):
 PSYoungGen      total 292352K, used 51061K [0x00000000d7000000, 0x00000000ea000000, 0x0000000100000000)
  eden space 276480K, 13% used [0x00000000d7000000,0x00000000d94bdcf0,0x00000000e7e00000)
  from space 15872K, 84% used [0x00000000e8f00000,0x00000000e9c1fa88,0x00000000e9e80000)
  to   space 17408K, 0% used [0x00000000e7e00000,0x00000000e7e00000,0x00000000e8f00000)
 ParOldGen       total 59392K, used 22572K [0x0000000085000000, 0x0000000088a00000, 0x00000000d7000000)
  object space 59392K, 38% used [0x0000000085000000,0x000000008660b390,0x0000000088a00000)
 Metaspace       used 34797K, capacity 35170K, committed 35496K, reserved 1081344K
  class space    used 4147K, capacity 4236K, committed 4352K, reserved 1048576K
Event: 6.356 GC heap after
Heap after GC invocations=12 (full 1):
 PSYoungGen      total 293888K, used 1905K [0x00000000d7000000, 0x00000000f0400000, 0x0000000100000000)
  eden space 276480K, 0% used [0x00000000d7000000,0x00000000d7000000,0x00000000e7e00000)
  from space 17408K, 10% used [0x00000000e7e00000,0x00000000e7fdc6e8,0x00000000e8f00000)
  to   space 17408K, 0% used [0x00000000ef300000,0x00000000ef300000,0x00000000f0400000)
 ParOldGen       total 59392K, used 26335K [0x0000000085000000, 0x0000000088a00000, 0x00000000d7000000)
  object space 59392K, 44% used [0x0000000085000000,0x00000000869b7e68,0x0000000088a00000)
 Metaspace       used 34797K, capacity 35170K, committed 35496K, reserved 1081344K
  class space    used 4147K, capacity 4236K, committed 4352K, reserved 1048576K
}
Event: 6.356 GC heap before
{Heap before GC invocations=13 (full 2):
 PSYoungGen      total 293888K, used 1905K [0x00000000d7000000, 0x00000000f0400000, 0x0000000100000000)
  eden space 276480K, 0% used [0x00000000d7000000,0x00000000d7000000,0x00000000e7e00000)
  from space 17408K, 10% used [0x00000000e7e00000,0x00000000e7fdc6e8,0x00000000e8f00000)
  to   space 17408K, 0% used [0x00000000ef300000,0x00000000ef300000,0x00000000f0400000)
 ParOldGen       total 59392K, used 26335K [0x0000000085000000, 0x0000000088a00000, 0x00000000d7000000)
  object space 59392K, 44% used [0x0000000085000000,0x00000000869b7e68,0x0000000088a00000)
 Metaspace       used 34797K, capacity 35170K, committed 35496K, reserved 1081344K
  class space    used 4147K, capacity 4236K, committed 4352K, reserved 1048576K
Event: 6.421 GC heap after
Heap after GC invocations=13 (full 2):
 PSYoungGen      total 293888K, used 0K [0x00000000d7000000, 0x00000000f0400000, 0x0000000100000000)
  eden space 276480K, 0% used [0x00000000d7000000,0x00000000d7000000,0x00000000e7e00000)
  from space 17408K, 0% used [0x00000000e7e00000,0x00000000e7e00000,0x00000000e8f00000)
  to   space 17408K, 0% used [0x00000000ef300000,0x00000000ef300000,0x00000000f0400000)
 ParOldGen       total 85504K, used 17819K [0x0000000085000000, 0x000000008a380000, 0x00000000d7000000)
  object space 85504K, 20% used [0x0000000085000000,0x0000000086166f08,0x000000008a380000)
 Metaspace       used 34797K, capacity 35170K, committed 35496K, reserved 1081344K
  class space    used 4147K, capacity 4236K, committed 4352K, reserved 1048576K
}
Event: 7.810 GC heap before
{Heap before GC invocations=14 (full 2):
 PSYoungGen      total 293888K, used 276480K [0x00000000d7000000, 0x00000000f0400000, 0x0000000100000000)
  eden space 276480K, 100% used [0x00000000d7000000,0x00000000e7e00000,0x00000000e7e00000)
  from space 17408K, 0% used [0x00000000e7e00000,0x00000000e7e00000,0x00000000e8f00000)
  to   space 17408K, 0% used [0x00000000ef300000,0x00000000ef300000,0x00000000f0400000)
 ParOldGen       total 85504K, used 17819K [0x0000000085000000, 0x000000008a380000, 0x00000000d7000000)
  object space 85504K, 20% used [0x0000000085000000,0x0000000086166f40,0x000000008a380000)
 Metaspace       used 38995K, capacity 39554K, committed 39680K, reserved 1083392K
  class space    used 4693K, capacity 4824K, committed 4864K, reserved 1048576K
Event: 7.820 GC heap after
Heap after GC invocations=14 (full 2):
 PSYoungGen      total 377856K, used 10845K [0x00000000d7000000, 0x00000000efe00000, 0x0000000100000000)
  eden space 366592K, 0% used [0x00000000d7000000,0x00000000d7000000,0x00000000ed600000)
  from space 11264K, 96% used [0x00000000ef300000,0x00000000efd974e0,0x00000000efe00000)
  to   space 17920K, 0% used [0x00000000edb00000,0x00000000edb00000,0x00000000eec80000)
 ParOldGen       total 85504K, used 17827K [0x0000000085000000, 0x000000008a380000, 0x00000000d7000000)
  object space 85504K, 20% used [0x0000000085000000,0x0000000086168f40,0x000000008a380000)
 Metaspace       used 38995K, capacity 39554K, committed 39680K, reserved 1083392K
  class space    used 4693K, capacity 4824K, committed 4864K, reserved 1048576K
}
Event: 8.890 GC heap before
{Heap before GC invocations=15 (full 2):
 PSYoungGen      total 377856K, used 377437K [0x00000000d7000000, 0x00000000efe00000, 0x0000000100000000)
  eden space 366592K, 100% used [0x00000000d7000000,0x00000000ed600000,0x00000000ed600000)
  from space 11264K, 96% used [0x00000000ef300000,0x00000000efd974e0,0x00000000efe00000)
  to   space 17920K, 0% used [0x00000000edb00000,0x00000000edb00000,0x00000000eec80000)
 ParOldGen       total 85504K, used 17836K [0x0000000085000000, 0x000000008a380000, 0x00000000d7000000)
  object space 85504K, 20% used [0x0000000085000000,0x000000008616b1f8,0x000000008a380000)
 Metaspace       used 40877K, capacity 41506K, committed 41728K, reserved 1085440K
  class space    used 4899K, capacity 5032K, committed 5120K, reserved 1048576K

