# JRE version: Java(TM) SE Runtime Environment (8.0_101-b13) (build 1.8.0_101-b13)
# Java VM: Java HotSpot(TM) 64-Bit Server VM (25.101-b13 mixed mode linux-amd64 compressed oops)
Heap:
 PSYoungGen      total 287232K, used 0K [0x00000000eab00000, 0x0000000100000000, 0x0000000100000000)
  eden space 225280K, 0% used [0x00000000eab00000,0x00000000eab00000,0x00000000f8700000)
  from space 61952K, 0% used [0x00000000fc380000,0x00000000fc380000,0x0000000100000000)
  to   space 61952K, 0% used [0x00000000f8700000,0x00000000f8700000,0x00000000fc380000)
 ParOldGen       total 379904K, used 378980K [0x00000000c0000000, 0x00000000d7300000, 0x00000000eab00000)
  object space 379904K, 99% used [0x00000000c0000000,0x00000000d7219188,0x00000000d7300000)
 Metaspace       used 58601K, capacity 70171K, committed 70424K, reserved 1105920K
  class space    used 8913K, capacity 13228K, committed 13336K, reserved 1048576K
GC Heap History (10 events):
Event: 47.424 GC heap after
Heap after GC invocations=88 (full 4):
 PSYoungGen      total 291328K, used 44416K [0x00000000eab00000, 0x0000000100000000, 0x0000000100000000)
  eden space 237568K, 0% used [0x00000000eab00000,0x00000000eab00000,0x00000000f9300000)
  from space 53760K, 82% used [0x00000000fcb80000,0x00000000ff6e0000,0x0000000100000000)
  to   space 55808K, 0% used [0x00000000f9300000,0x00000000f9300000,0x00000000fc980000)
 ParOldGen       total 379904K, used 368099K [0x00000000c0000000, 0x00000000d7300000, 0x00000000eab00000)
  object space 379904K, 96% used [0x00000000c0000000,0x00000000d6778cd8,0x00000000d7300000)
 Metaspace       used 58600K, capacity 70171K, committed 70424K, reserved 1105920K
  class space    used 8913K, capacity 13228K, committed 13336K, reserved 1048576K
}
Event: 48.060 GC heap before
{Heap before GC invocations=89 (full 4):
 PSYoungGen      total 291328K, used 281984K [0x00000000eab00000, 0x0000000100000000, 0x0000000100000000)
  eden space 237568K, 100% used [0x00000000eab00000,0x00000000f9300000,0x00000000f9300000)
  from space 53760K, 82% used [0x00000000fcb80000,0x00000000ff6e0000,0x0000000100000000)
  to   space 55808K, 0% used [0x00000000f9300000,0x00000000f9300000,0x00000000fc980000)
 ParOldGen       total 379904K, used 368099K [0x00000000c0000000, 0x00000000d7300000, 0x00000000eab00000)
  object space 379904K, 96% used [0x00000000c0000000,0x00000000d6778cd8,0x00000000d7300000)
 Metaspace       used 58600K, capacity 70171K, committed 70424K, reserved 1105920K
  class space    used 8913K, capacity 13228K, committed 13336K, reserved 1048576K
Event: 48.092 GC heap after
Heap after GC invocations=89 (full 4):
 PSYoungGen      total 285184K, used 47296K [0x00000000eab00000, 0x0000000100000000, 0x0000000100000000)
  eden space 237568K, 0% used [0x00000000eab00000,0x00000000eab00000,0x00000000f9300000)
  from space 47616K, 99% used [0x00000000f9300000,0x00000000fc130000,0x00000000fc180000)
  to   space 58368K, 0% used [0x00000000fc700000,0x00000000fc700000,0x0000000100000000)
 ParOldGen       total 379904K, used 368099K [0x00000000c0000000, 0x00000000d7300000, 0x00000000eab00000)
  object space 379904K, 96% used [0x00000000c0000000,0x00000000d6778cd8,0x00000000d7300000)
 Metaspace       used 58600K, capacity 70171K, committed 70424K, reserved 1105920K
  class space    used 8913K, capacity 13228K, committed 13336K, reserved 1048576K
}
Event: 48.541 GC heap before
{Heap before GC invocations=90 (full 4):
 PSYoungGen      total 285184K, used 284864K [0x00000000eab00000, 0x0000000100000000, 0x0000000100000000)
  eden space 237568K, 100% used [0x00000000eab00000,0x00000000f9300000,0x00000000f9300000)
  from space 47616K, 99% used [0x00000000f9300000,0x00000000fc130000,0x00000000fc180000)
  to   space 58368K, 0% used [0x00000000fc700000,0x00000000fc700000,0x0000000100000000)
 ParOldGen       total 379904K, used 368099K [0x00000000c0000000, 0x00000000d7300000, 0x00000000eab00000)
  object space 379904K, 96% used [0x00000000c0000000,0x00000000d6778cd8,0x00000000d7300000)
 Metaspace       used 58600K, capacity 70171K, committed 70424K, reserved 1105920K
  class space    used 8913K, capacity 13228K, committed 13336K, reserved 1048576K
Event: 48.578 GC heap after
Heap after GC invocations=90 (full 4):
 PSYoungGen      total 287744K, used 46464K [0x00000000eab00000, 0x0000000100000000, 0x0000000100000000)
  eden space 229376K, 0% used [0x00000000eab00000,0x00000000eab00000,0x00000000f8b00000)
  from space 58368K, 79% used [0x00000000fc700000,0x00000000ff460000,0x0000000100000000)
  to   space 59904K, 0% used [0x00000000f8b00000,0x00000000f8b00000,0x00000000fc580000)
 ParOldGen       total 379904K, used 369683K [0x00000000c0000000, 0x00000000d7300000, 0x00000000eab00000)
  object space 379904K, 97% used [0x00000000c0000000,0x00000000d6904cf8,0x00000000d7300000)
 Metaspace       used 58600K, capacity 70171K, committed 70424K, reserved 1105920K
  class space    used 8913K, capacity 13228K, committed 13336K, reserved 1048576K
}
Event: 49.326 GC heap before
{Heap before GC invocations=91 (full 4):
 PSYoungGen      total 287744K, used 275840K [0x00000000eab00000, 0x0000000100000000, 0x0000000100000000)
  eden space 229376K, 100% used [0x00000000eab00000,0x00000000f8b00000,0x00000000f8b00000)
  from space 58368K, 79% used [0x00000000fc700000,0x00000000ff460000,0x0000000100000000)
  to   space 59904K, 0% used [0x00000000f8b00000,0x00000000f8b00000,0x00000000fc580000)
 ParOldGen       total 379904K, used 369683K [0x00000000c0000000, 0x00000000d7300000, 0x00000000eab00000)
  object space 379904K, 97% used [0x00000000c0000000,0x00000000d6904cf8,0x00000000d7300000)
 Metaspace       used 58601K, capacity 70171K, committed 70424K, reserved 1105920K
  class space    used 8913K, capacity 13228K, committed 13336K, reserved 1048576K
Event: 49.374 GC heap after
Heap after GC invocations=91 (full 4):
 PSYoungGen      total 277504K, used 47712K [0x00000000eab00000, 0x0000000100000000, 0x0000000100000000)
  eden space 229376K, 0% used [0x00000000eab00000,0x00000000eab00000,0x00000000f8b00000)
  from space 48128K, 99% used [0x00000000f8b00000,0x00000000fb998000,0x00000000fba00000)
  to   space 61952K, 0% used [0x00000000fc380000,0x00000000fc380000,0x0000000100000000)
 ParOldGen       total 379904K, used 373023K [0x00000000c0000000, 0x00000000d7300000, 0x00000000eab00000)
  object space 379904K, 98% used [0x00000000c0000000,0x00000000d6c47d88,0x00000000d7300000)
 Metaspace       used 58601K, capacity 70171K, committed 70424K, reserved 1105920K
  class space    used 8913K, capacity 13228K, committed 13336K, reserved 1048576K
}
Event: 49.905 GC heap before
{Heap before GC invocations=92 (full 4):
 PSYoungGen      total 277504K, used 277088K [0x00000000eab00000, 0x0000000100000000, 0x0000000100000000)
  eden space 229376K, 100% used [0x00000000eab00000,0x00000000f8b00000,0x00000000f8b00000)
  from space 48128K, 99% used [0x00000000f8b00000,0x00000000fb998000,0x00000000fba00000)
  to   space 61952K, 0% used [0x00000000fc380000,0x00000000fc380000,0x0000000100000000)
 ParOldGen       total 379904K, used 373023K [0x00000000c0000000, 0x00000000d7300000, 0x00000000eab00000)
  object space 379904K, 98% used [0x00000000c0000000,0x00000000d6c47d88,0x00000000d7300000)
 Metaspace       used 58601K, capacity 70171K, committed 70424K, reserved 1105920K
  class space    used 8913K, capacity 13228K, committed 13336K, reserved 1048576K
Event: 49.943 GC heap after
Heap after GC invocations=92 (full 4):
 PSYoungGen      total 287232K, used 44512K [0x00000000eab00000, 0x0000000100000000, 0x0000000100000000)
  eden space 225280K, 0% used [0x00000000eab00000,0x00000000eab00000,0x00000000f8700000)
  from space 61952K, 71% used [0x00000000fc380000,0x00000000feef8000,0x0000000100000000)
  to   space 61952K, 0% used [0x00000000f8700000,0x00000000f8700000,0x00000000fc380000)
 ParOldGen       total 379904K, used 375871K [0x00000000c0000000, 0x00000000d7300000, 0x00000000eab00000)
  object space 379904K, 98% used [0x00000000c0000000,0x00000000d6f0fde8,0x00000000d7300000)
 Metaspace       used 58601K, capacity 70171K, committed 70424K, reserved 1105920K
  class space    used 8913K, capacity 13228K, committed 13336K, reserved 1048576K
}
Event: 49.943 GC heap before
{Heap before GC invocations=93 (full 5):
 PSYoungGen      total 287232K, used 44512K [0x00000000eab00000, 0x0000000100000000, 0x0000000100000000)
  eden space 225280K, 0% used [0x00000000eab00000,0x00000000eab00000,0x00000000f8700000)
  from space 61952K, 71% used [0x00000000fc380000,0x00000000feef8000,0x0000000100000000)
  to   space 61952K, 0% used [0x00000000f8700000,0x00000000f8700000,0x00000000fc380000)
 ParOldGen       total 379904K, used 375871K [0x00000000c0000000, 0x00000000d7300000, 0x00000000eab00000)
  object space 379904K, 98% used [0x00000000c0000000,0x00000000d6f0fde8,0x00000000d7300000)
 Metaspace       used 58601K, capacity 70171K, committed 70424K, reserved 1105920K
  class space    used 8913K, capacity 13228K, committed 13336K, reserved 1048576K

