# JRE version: Java(TM) SE Runtime Environment (8.0_101-b13) (build 1.8.0_101-b13)
# Java VM: Java HotSpot(TM) 64-Bit Server VM (25.101-b13 mixed mode linux-amd64 compressed oops)
Heap:
 PSYoungGen      total 623104K, used 516748K [0x00000000d7000000, 0x00000000fea80000, 0x0000000100000000)
  eden space 599552K, 83% used [0x00000000d7000000,0x00000000f58a8a78,0x00000000fb980000)
  from space 23552K, 69% used [0x00000000fd200000,0x00000000fe1fa8f8,0x00000000fe900000)
  to   space 25088K, 0% used [0x00000000fb980000,0x00000000fb980000,0x00000000fd200000)
 ParOldGen       total 84480K, used 38919K [0x0000000085000000, 0x000000008a280000, 0x00000000d7000000)
  object space 84480K, 46% used [0x0000000085000000,0x0000000087601d00,0x000000008a280000)
 Metaspace       used 56821K, capacity 58072K, committed 58328K, reserved 1101824K
  class space    used 6689K, capacity 6906K, committed 6912K, reserved 1048576K
GC Heap History (10 events):
Event: 6.338 GC heap before
{Heap before GC invocations=12 (full 2):
 PSYoungGen      total 370688K, used 13264K [0x00000000d7000000, 0x00000000eee80000, 0x0000000100000000)
  eden space 354816K, 0% used [0x00000000d7000000,0x00000000d7000000,0x00000000eca80000)
  from space 15872K, 83% used [0x00000000edf00000,0x00000000eebf4270,0x00000000eee80000)
  to   space 18432K, 0% used [0x00000000eca80000,0x00000000eca80000,0x00000000edc80000)
 ParOldGen       total 53248K, used 23511K [0x0000000085000000, 0x0000000088400000, 0x00000000d7000000)
  object space 53248K, 44% used [0x0000000085000000,0x00000000866f5ca8,0x0000000088400000)
 Metaspace       used 34659K, capacity 34940K, committed 35416K, reserved 1081344K
  class space    used 4109K, capacity 4198K, committed 4224K, reserved 1048576K
Event: 6.374 GC heap after
Heap after GC invocations=12 (full 2):
 PSYoungGen      total 370688K, used 0K [0x00000000d7000000, 0x00000000eee80000, 0x0000000100000000)
  eden space 354816K, 0% used [0x00000000d7000000,0x00000000d7000000,0x00000000eca80000)
  from space 15872K, 0% used [0x00000000edf00000,0x00000000edf00000,0x00000000eee80000)
  to   space 18432K, 0% used [0x00000000eca80000,0x00000000eca80000,0x00000000edc80000)
 ParOldGen       total 84480K, used 18915K [0x0000000085000000, 0x000000008a280000, 0x00000000d7000000)
  object space 84480K, 22% used [0x0000000085000000,0x0000000086278f68,0x000000008a280000)
 Metaspace       used 34659K, capacity 34940K, committed 35416K, reserved 1081344K
  class space    used 4109K, capacity 4198K, committed 4224K, reserved 1048576K
}
Event: 8.928 GC heap before
{Heap before GC invocations=13 (full 2):
 PSYoungGen      total 370688K, used 354816K [0x00000000d7000000, 0x00000000eee80000, 0x0000000100000000)
  eden space 354816K, 100% used [0x00000000d7000000,0x00000000eca80000,0x00000000eca80000)
  from space 15872K, 0% used [0x00000000edf00000,0x00000000edf00000,0x00000000eee80000)
  to   space 18432K, 0% used [0x00000000eca80000,0x00000000eca80000,0x00000000edc80000)
 ParOldGen       total 84480K, used 18915K [0x0000000085000000, 0x000000008a280000, 0x00000000d7000000)
  object space 84480K, 22% used [0x0000000085000000,0x0000000086278f68,0x000000008a280000)
 Metaspace       used 42173K, capacity 42510K, committed 43096K, reserved 1087488K
  class space    used 5055K, capacity 5175K, committed 5248K, reserved 1048576K
Event: 8.942 GC heap after
Heap after GC invocations=13 (full 2):
 PSYoungGen      total 373248K, used 18407K [0x00000000d7000000, 0x00000000f6580000, 0x0000000100000000)
  eden space 354816K, 0% used [0x00000000d7000000,0x00000000d7000000,0x00000000eca80000)
  from space 18432K, 99% used [0x00000000eca80000,0x00000000edc79fc8,0x00000000edc80000)
  to   space 22016K, 0% used [0x00000000f5000000,0x00000000f5000000,0x00000000f6580000)
 ParOldGen       total 84480K, used 20981K [0x0000000085000000, 0x000000008a280000, 0x00000000d7000000)
  object space 84480K, 24% used [0x0000000085000000,0x000000008647d6c0,0x000000008a280000)
 Metaspace       used 42173K, capacity 42510K, committed 43096K, reserved 1087488K
  class space    used 5055K, capacity 5175K, committed 5248K, reserved 1048576K
}
Event: 10.542 GC heap before
{Heap before GC invocations=14 (full 2):
 PSYoungGen      total 373248K, used 373223K [0x00000000d7000000, 0x00000000f6580000, 0x0000000100000000)
  eden space 354816K, 100% used [0x00000000d7000000,0x00000000eca80000,0x00000000eca80000)
  from space 18432K, 99% used [0x00000000eca80000,0x00000000edc79fc8,0x00000000edc80000)
  to   space 22016K, 0% used [0x00000000f5000000,0x00000000f5000000,0x00000000f6580000)
 ParOldGen       total 84480K, used 20981K [0x0000000085000000, 0x000000008a280000, 0x00000000d7000000)
  object space 84480K, 24% used [0x0000000085000000,0x000000008647d6c0,0x000000008a280000)
 Metaspace       used 48268K, capacity 48694K, committed 49240K, reserved 1093632K
  class space    used 5865K, capacity 5991K, committed 6016K, reserved 1048576K
Event: 10.560 GC heap after
Heap after GC invocations=14 (full 2):
 PSYoungGen      total 488448K, used 18157K [0x00000000d7000000, 0x00000000f6680000, 0x0000000100000000)
  eden space 466432K, 0% used [0x00000000d7000000,0x00000000d7000000,0x00000000f3780000)
  from space 22016K, 82% used [0x00000000f5000000,0x00000000f61bb6b8,0x00000000f6580000)
  to   space 24064K, 0% used [0x00000000f3780000,0x00000000f3780000,0x00000000f4f00000)
 ParOldGen       total 84480K, used 28737K [0x0000000085000000, 0x000000008a280000, 0x00000000d7000000)
  object space 84480K, 34% used [0x0000000085000000,0x0000000086c10508,0x000000008a280000)
 Metaspace       used 48268K, capacity 48694K, committed 49240K, reserved 1093632K
  class space    used 5865K, capacity 5991K, committed 6016K, reserved 1048576K
}
Event: 12.920 GC heap before
{Heap before GC invocations=15 (full 2):
 PSYoungGen      total 488448K, used 484589K [0x00000000d7000000, 0x00000000f6680000, 0x0000000100000000)
  eden space 466432K, 100% used [0x00000000d7000000,0x00000000f3780000,0x00000000f3780000)
  from space 22016K, 82% used [0x00000000f5000000,0x00000000f61bb6b8,0x00000000f6580000)
  to   space 24064K, 0% used [0x00000000f3780000,0x00000000f3780000,0x00000000f4f00000)
 ParOldGen       total 84480K, used 28737K [0x0000000085000000, 0x000000008a280000, 0x00000000d7000000)
  object space 84480K, 34% used [0x0000000085000000,0x0000000086c10508,0x000000008a280000)
 Metaspace       used 50505K, capacity 51272K, committed 51544K, reserved 1095680K
  class space    used 6038K, capacity 6218K, committed 6272K, reserved 1048576K
Event: 12.933 GC heap after
Heap after GC invocations=15 (full 2):
 PSYoungGen      total 490496K, used 4736K [0x00000000d7000000, 0x00000000fe900000, 0x0000000100000000)
  eden space 466432K, 0% used [0x00000000d7000000,0x00000000d7000000,0x00000000f3780000)
  from space 24064K, 19% used [0x00000000f3780000,0x00000000f3c20010,0x00000000f4f00000)
  to   space 23552K, 0% used [0x00000000fd200000,0x00000000fd200000,0x00000000fe900000)
 ParOldGen       total 84480K, used 34897K [0x0000000085000000, 0x000000008a280000, 0x00000000d7000000)
  object space 84480K, 41% used [0x0000000085000000,0x0000000087214750,0x000000008a280000)
 Metaspace       used 50505K, capacity 51272K, committed 51544K, reserved 1095680K
  class space    used 6038K, capacity 6218K, committed 6272K, reserved 1048576K
}
Event: 14.383 GC heap before
{Heap before GC invocations=16 (full 2):
 PSYoungGen      total 490496K, used 471168K [0x00000000d7000000, 0x00000000fe900000, 0x0000000100000000)
  eden space 466432K, 100% used [0x00000000d7000000,0x00000000f3780000,0x00000000f3780000)
  from space 24064K, 19% used [0x00000000f3780000,0x00000000f3c20010,0x00000000f4f00000)
  to   space 23552K, 0% used [0x00000000fd200000,0x00000000fd200000,0x00000000fe900000)
 ParOldGen       total 84480K, used 34897K [0x0000000085000000, 0x000000008a280000, 0x00000000d7000000)
  object space 84480K, 41% used [0x0000000085000000,0x0000000087214750,0x000000008a280000)
 Metaspace       used 52450K, capacity 53316K, committed 53464K, reserved 1095680K
  class space    used 6211K, capacity 6388K, committed 6400K, reserved 1048576K
Event: 14.399 GC heap after
Heap after GC invocations=16 (full 2):
 PSYoungGen      total 623104K, used 16362K [0x00000000d7000000, 0x00000000fea80000, 0x0000000100000000)
  eden space 599552K, 0% used [0x00000000d7000000,0x00000000d7000000,0x00000000fb980000)
  from space 23552K, 69% used [0x00000000fd200000,0x00000000fe1fa8f8,0x00000000fe900000)
  to   space 25088K, 0% used [0x00000000fb980000,0x00000000fb980000,0x00000000fd200000)
 ParOldGen       total 84480K, used 38919K [0x0000000085000000, 0x000000008a280000, 0x00000000d7000000)
  object space 84480K, 46% used [0x0000000085000000,0x0000000087601d00,0x000000008a280000)
 Metaspace       used 52450K, capacity 53316K, committed 53464K, reserved 1095680K
  class space    used 6211K, capacity 6388K, committed 6400K, reserved 1048576K
}

