# JRE version: Java(TM) SE Runtime Environment (8.0_101-b13) (build 1.8.0_101-b13)
# Java VM: Java HotSpot(TM) 64-Bit Server VM (25.101-b13 mixed mode linux-amd64 compressed oops)
Heap:
 PSYoungGen      total 232960K, used 10231K [0x00000000d7000000, 0x00000000e7500000, 0x0000000100000000)
  eden space 222720K, 0% used [0x00000000d7000000,0x00000000d7000000,0x00000000e4980000)
  from space 10240K, 99% used [0x00000000e6100000,0x00000000e6afdea8,0x00000000e6b00000)
  to   space 3072K, 0% used [0x00000000e7200000,0x00000000e7200000,0x00000000e7500000)
 ParOldGen       total 56320K, used 15035K [0x0000000085000000, 0x0000000088700000, 0x00000000d7000000)
  object space 56320K, 26% used [0x0000000085000000,0x0000000085eaee88,0x0000000088700000)
 Metaspace       used 28309K, capacity 28750K, committed 29056K, reserved 1075200K
  class space    used 3551K, capacity 3666K, committed 3712K, reserved 1048576K
GC Heap History (10 events):
Event: 2.558 GC heap after
Heap after GC invocations=5 (full 0):
 PSYoungGen      total 68608K, used 5117K [0x00000000d7000000, 0x00000000e0000000, 0x0000000100000000)
  eden space 63488K, 0% used [0x00000000d7000000,0x00000000d7000000,0x00000000dae00000)
  from space 5120K, 99% used [0x00000000dae00000,0x00000000db2ff670,0x00000000db300000)
  to   space 10240K, 0% used [0x00000000df600000,0x00000000df600000,0x00000000e0000000)
 ParOldGen       total 84992K, used 7030K [0x0000000085000000, 0x000000008a300000, 0x00000000d7000000)
  object space 84992K, 8% used [0x0000000085000000,0x00000000856dda98,0x000000008a300000)
 Metaspace       used 17560K, capacity 17906K, committed 17920K, reserved 1064960K
  class space    used 2209K, capacity 2293K, committed 2304K, reserved 1048576K
}
Event: 3.183 GC heap before
{Heap before GC invocations=6 (full 0):
 PSYoungGen      total 68608K, used 68605K [0x00000000d7000000, 0x00000000e0000000, 0x0000000100000000)
  eden space 63488K, 100% used [0x00000000d7000000,0x00000000dae00000,0x00000000dae00000)
  from space 5120K, 99% used [0x00000000dae00000,0x00000000db2ff670,0x00000000db300000)
  to   space 10240K, 0% used [0x00000000df600000,0x00000000df600000,0x00000000e0000000)
 ParOldGen       total 84992K, used 7030K [0x0000000085000000, 0x000000008a300000, 0x00000000d7000000)
  object space 84992K, 8% used [0x0000000085000000,0x00000000856dda98,0x000000008a300000)
 Metaspace       used 19564K, capacity 19866K, committed 20096K, reserved 1067008K
  class space    used 2481K, capacity 2564K, committed 2688K, reserved 1048576K
Event: 3.202 GC heap after
Heap after GC invocations=6 (full 0):
 PSYoungGen      total 137216K, used 7316K [0x00000000d7000000, 0x00000000e0000000, 0x0000000100000000)
  eden space 126976K, 0% used [0x00000000d7000000,0x00000000d7000000,0x00000000dec00000)
  from space 10240K, 71% used [0x00000000df600000,0x00000000dfd250d8,0x00000000e0000000)
  to   space 10240K, 0% used [0x00000000dec00000,0x00000000dec00000,0x00000000df600000)
 ParOldGen       total 84992K, used 7038K [0x0000000085000000, 0x000000008a300000, 0x00000000d7000000)
  object space 84992K, 8% used [0x0000000085000000,0x00000000856dfa98,0x000000008a300000)
 Metaspace       used 19564K, capacity 19866K, committed 20096K, reserved 1067008K
  class space    used 2481K, capacity 2564K, committed 2688K, reserved 1048576K
}
Event: 3.880 GC heap before
{Heap before GC invocations=7 (full 0):
 PSYoungGen      total 137216K, used 93864K [0x00000000d7000000, 0x00000000e0000000, 0x0000000100000000)
  eden space 126976K, 68% used [0x00000000d7000000,0x00000000dc485090,0x00000000dec00000)
  from space 10240K, 71% used [0x00000000df600000,0x00000000dfd250d8,0x00000000e0000000)
  to   space 10240K, 0% used [0x00000000dec00000,0x00000000dec00000,0x00000000df600000)
 ParOldGen       total 84992K, used 7038K [0x0000000085000000, 0x000000008a300000, 0x00000000d7000000)
  object space 84992K, 8% used [0x0000000085000000,0x00000000856dfa98,0x000000008a300000)
 Metaspace       used 20781K, capacity 21172K, committed 21248K, reserved 1067008K
  class space    used 2673K, capacity 2771K, committed 2816K, reserved 1048576K
Event: 3.905 GC heap after
Heap after GC invocations=7 (full 0):
 PSYoungGen      total 137216K, used 6272K [0x00000000d7000000, 0x00000000e7c00000, 0x0000000100000000)
  eden space 126976K, 0% used [0x00000000d7000000,0x00000000d7000000,0x00000000dec00000)
  from space 10240K, 61% used [0x00000000dec00000,0x00000000df220190,0x00000000df600000)
  to   space 10240K, 0% used [0x00000000e7200000,0x00000000e7200000,0x00000000e7c00000)
 ParOldGen       total 84992K, used 9387K [0x0000000085000000, 0x000000008a300000, 0x00000000d7000000)
  object space 84992K, 11% used [0x0000000085000000,0x000000008592aee0,0x000000008a300000)
 Metaspace       used 20781K, capacity 21172K, committed 21248K, reserved 1067008K
  class space    used 2673K, capacity 2771K, committed 2816K, reserved 1048576K
}
Event: 3.905 GC heap before
{Heap before GC invocations=8 (full 1):
 PSYoungGen      total 137216K, used 6272K [0x00000000d7000000, 0x00000000e7c00000, 0x0000000100000000)
  eden space 126976K, 0% used [0x00000000d7000000,0x00000000d7000000,0x00000000dec00000)
  from space 10240K, 61% used [0x00000000dec00000,0x00000000df220190,0x00000000df600000)
  to   space 10240K, 0% used [0x00000000e7200000,0x00000000e7200000,0x00000000e7c00000)
 ParOldGen       total 84992K, used 9387K [0x0000000085000000, 0x000000008a300000, 0x00000000d7000000)
  object space 84992K, 11% used [0x0000000085000000,0x000000008592aee0,0x000000008a300000)
 Metaspace       used 20781K, capacity 21172K, committed 21248K, reserved 1067008K
  class space    used 2673K, capacity 2771K, committed 2816K, reserved 1048576K
Event: 3.950 GC heap after
Heap after GC invocations=8 (full 1):
 PSYoungGen      total 137216K, used 0K [0x00000000d7000000, 0x00000000e7c00000, 0x0000000100000000)
  eden space 126976K, 0% used [0x00000000d7000000,0x00000000d7000000,0x00000000dec00000)
  from space 10240K, 0% used [0x00000000dec00000,0x00000000dec00000,0x00000000df600000)
  to   space 10240K, 0% used [0x00000000e7200000,0x00000000e7200000,0x00000000e7c00000)
 ParOldGen       total 56320K, used 11528K [0x0000000085000000, 0x0000000088700000, 0x00000000d7000000)
  object space 56320K, 20% used [0x0000000085000000,0x0000000085b42228,0x0000000088700000)
 Metaspace       used 20781K, capacity 21172K, committed 21248K, reserved 1067008K
  class space    used 2673K, capacity 2771K, committed 2816K, reserved 1048576K
}
Event: 4.527 GC heap before
{Heap before GC invocations=9 (full 1):
 PSYoungGen      total 137216K, used 126976K [0x00000000d7000000, 0x00000000e7c00000, 0x0000000100000000)
  eden space 126976K, 100% used [0x00000000d7000000,0x00000000dec00000,0x00000000dec00000)
  from space 10240K, 0% used [0x00000000dec00000,0x00000000dec00000,0x00000000df600000)
  to   space 10240K, 0% used [0x00000000e7200000,0x00000000e7200000,0x00000000e7c00000)
 ParOldGen       total 56320K, used 11528K [0x0000000085000000, 0x0000000088700000, 0x00000000d7000000)
  object space 56320K, 20% used [0x0000000085000000,0x0000000085b42228,0x0000000088700000)
 Metaspace       used 22833K, capacity 23288K, committed 23552K, reserved 1069056K
  class space    used 2905K, capacity 3001K, committed 3072K, reserved 1048576K
Event: 4.550 GC heap after
Heap after GC invocations=9 (full 1):
 PSYoungGen      total 225792K, used 2771K [0x00000000d7000000, 0x00000000e7500000, 0x0000000100000000)
  eden space 222720K, 0% used [0x00000000d7000000,0x00000000d7000000,0x00000000e4980000)
  from space 3072K, 90% used [0x00000000e7200000,0x00000000e74b4fc8,0x00000000e7500000)
  to   space 10240K, 0% used [0x00000000e6100000,0x00000000e6100000,0x00000000e6b00000)
 ParOldGen       total 56320K, used 11536K [0x0000000085000000, 0x0000000088700000, 0x00000000d7000000)
  object space 56320K, 20% used [0x0000000085000000,0x0000000085b44228,0x0000000088700000)
 Metaspace       used 22833K, capacity 23288K, committed 23552K, reserved 1069056K
  class space    used 2905K, capacity 3001K, committed 3072K, reserved 1048576K
}
Event: 18.452 GC heap before
{Heap before GC invocations=10 (full 1):
 PSYoungGen      total 225792K, used 225491K [0x00000000d7000000, 0x00000000e7500000, 0x0000000100000000)
  eden space 222720K, 100% used [0x00000000d7000000,0x00000000e4980000,0x00000000e4980000)
  from space 3072K, 90% used [0x00000000e7200000,0x00000000e74b4fc8,0x00000000e7500000)
  to   space 10240K, 0% used [0x00000000e6100000,0x00000000e6100000,0x00000000e6b00000)
 ParOldGen       total 56320K, used 11536K [0x0000000085000000, 0x0000000088700000, 0x00000000d7000000)
  object space 56320K, 20% used [0x0000000085000000,0x0000000085b44228,0x0000000088700000)
 Metaspace       used 28309K, capacity 28750K, committed 29056K, reserved 1075200K
  class space    used 3551K, capacity 3666K, committed 3712K, reserved 1048576K

