# JRE version: Java(TM) SE Runtime Environment (8.0_101-b13) (build 1.8.0_101-b13)
# Java VM: Java HotSpot(TM) 64-Bit Server VM (25.101-b13 mixed mode linux-amd64 compressed oops)
Heap:
 PSYoungGen      total 517120K, used 18306K [0x00000000d7000000, 0x00000000f9780000, 0x0000000100000000)
  eden space 494592K, 0% used [0x00000000d7000000,0x00000000d7000000,0x00000000f5300000)
  from space 22528K, 81% used [0x00000000f5300000,0x00000000f64e0918,0x00000000f6900000)
  to   space 22528K, 0% used [0x00000000f6900000,0x00000000f6900000,0x00000000f7f00000)
 ParOldGen       total 75264K, used 35839K [0x0000000085000000, 0x0000000089980000, 0x00000000d7000000)
  object space 75264K, 47% used [0x0000000085000000,0x00000000872ffc80,0x0000000089980000)
 Metaspace       used 53782K, capacity 54654K, committed 54784K, reserved 1097728K
  class space    used 6477K, capacity 6653K, committed 6656K, reserved 1048576K
GC Heap History (10 events):
Event: 5.432 GC heap after
Heap after GC invocations=10 (full 1):
 PSYoungGen      total 262144K, used 0K [0x00000000d7000000, 0x00000000f1080000, 0x0000000100000000)
  eden space 245248K, 0% used [0x00000000d7000000,0x00000000d7000000,0x00000000e5f80000)
  from space 16896K, 0% used [0x00000000e5f80000,0x00000000e5f80000,0x00000000e7000000)
  to   space 16896K, 0% used [0x00000000f0000000,0x00000000f0000000,0x00000000f1080000)
 ParOldGen       total 57344K, used 13806K [0x0000000085000000, 0x0000000088800000, 0x00000000d7000000)
  object space 57344K, 24% used [0x0000000085000000,0x0000000085d7b9d8,0x0000000088800000)
 Metaspace       used 20913K, capacity 21150K, committed 21296K, reserved 1069056K
  class space    used 2354K, capacity 2403K, committed 2432K, reserved 1048576K
}
Event: 7.420 GC heap before
{Heap before GC invocations=11 (full 1):
 PSYoungGen      total 262144K, used 176130K [0x00000000d7000000, 0x00000000f1080000, 0x0000000100000000)
  eden space 245248K, 71% used [0x00000000d7000000,0x00000000e1c00808,0x00000000e5f80000)
  from space 16896K, 0% used [0x00000000e5f80000,0x00000000e5f80000,0x00000000e7000000)
  to   space 16896K, 0% used [0x00000000f0000000,0x00000000f0000000,0x00000000f1080000)
 ParOldGen       total 57344K, used 13806K [0x0000000085000000, 0x0000000088800000, 0x00000000d7000000)
  object space 57344K, 24% used [0x0000000085000000,0x0000000085d7b9d8,0x0000000088800000)
 Metaspace       used 34729K, capacity 35018K, committed 35496K, reserved 1081344K
  class space    used 4135K, capacity 4227K, committed 4352K, reserved 1048576K
Event: 7.432 GC heap after
Heap after GC invocations=11 (full 1):
 PSYoungGen      total 374272K, used 12787K [0x00000000d7000000, 0x00000000f0c80000, 0x0000000100000000)
  eden space 361472K, 0% used [0x00000000d7000000,0x00000000d7000000,0x00000000ed100000)
  from space 12800K, 99% used [0x00000000f0000000,0x00000000f0c7ccc0,0x00000000f0c80000)
  to   space 17920K, 0% used [0x00000000ee980000,0x00000000ee980000,0x00000000efb00000)
 ParOldGen       total 57344K, used 13814K [0x0000000085000000, 0x0000000088800000, 0x00000000d7000000)
  object space 57344K, 24% used [0x0000000085000000,0x0000000085d7d9d8,0x0000000088800000)
 Metaspace       used 34729K, capacity 35018K, committed 35496K, reserved 1081344K
  class space    used 4135K, capacity 4227K, committed 4352K, reserved 1048576K
}
Event: 7.432 GC heap before
{Heap before GC invocations=12 (full 2):
 PSYoungGen      total 374272K, used 12787K [0x00000000d7000000, 0x00000000f0c80000, 0x0000000100000000)
  eden space 361472K, 0% used [0x00000000d7000000,0x00000000d7000000,0x00000000ed100000)
  from space 12800K, 99% used [0x00000000f0000000,0x00000000f0c7ccc0,0x00000000f0c80000)
  to   space 17920K, 0% used [0x00000000ee980000,0x00000000ee980000,0x00000000efb00000)
 ParOldGen       total 57344K, used 13814K [0x0000000085000000, 0x0000000088800000, 0x00000000d7000000)
  object space 57344K, 24% used [0x0000000085000000,0x0000000085d7d9d8,0x0000000088800000)
 Metaspace       used 34729K, capacity 35018K, committed 35496K, reserved 1081344K
  class space    used 4135K, capacity 4227K, committed 4352K, reserved 1048576K
Event: 7.466 GC heap after
Heap after GC invocations=12 (full 2):
 PSYoungGen      total 374272K, used 0K [0x00000000d7000000, 0x00000000f0c80000, 0x0000000100000000)
  eden space 361472K, 0% used [0x00000000d7000000,0x00000000d7000000,0x00000000ed100000)
  from space 12800K, 0% used [0x00000000f0000000,0x00000000f0000000,0x00000000f0c80000)
  to   space 17920K, 0% used [0x00000000ee980000,0x00000000ee980000,0x00000000efb00000)
 ParOldGen       total 75264K, used 18651K [0x0000000085000000, 0x0000000089980000, 0x00000000d7000000)
  object space 75264K, 24% used [0x0000000085000000,0x0000000086236ca8,0x0000000089980000)
 Metaspace       used 34729K, capacity 35018K, committed 35496K, reserved 1081344K
  class space    used 4135K, capacity 4227K, committed 4352K, reserved 1048576K
}
Event: 10.107 GC heap before
{Heap before GC invocations=13 (full 2):
 PSYoungGen      total 374272K, used 361472K [0x00000000d7000000, 0x00000000f0c80000, 0x0000000100000000)
  eden space 361472K, 100% used [0x00000000d7000000,0x00000000ed100000,0x00000000ed100000)
  from space 12800K, 0% used [0x00000000f0000000,0x00000000f0000000,0x00000000f0c80000)
  to   space 17920K, 0% used [0x00000000ee980000,0x00000000ee980000,0x00000000efb00000)
 ParOldGen       total 75264K, used 18651K [0x0000000085000000, 0x0000000089980000, 0x00000000d7000000)
  object space 75264K, 24% used [0x0000000085000000,0x0000000086236ca8,0x0000000089980000)
 Metaspace       used 43193K, capacity 43510K, committed 44032K, reserved 1087488K
  class space    used 5233K, capacity 5339K, committed 5376K, reserved 1048576K
Event: 10.126 GC heap after
Heap after GC invocations=13 (full 2):
 PSYoungGen      total 404480K, used 17914K [0x00000000d7000000, 0x00000000f7f00000, 0x0000000100000000)
  eden space 386560K, 0% used [0x00000000d7000000,0x00000000d7000000,0x00000000ee980000)
  from space 17920K, 99% used [0x00000000ee980000,0x00000000efafea68,0x00000000efb00000)
  to   space 22528K, 0% used [0x00000000f6900000,0x00000000f6900000,0x00000000f7f00000)
 ParOldGen       total 75264K, used 24270K [0x0000000085000000, 0x0000000089980000, 0x00000000d7000000)
  object space 75264K, 32% used [0x0000000085000000,0x00000000867b3bc8,0x0000000089980000)
 Metaspace       used 43193K, capacity 43510K, committed 44032K, reserved 1087488K
  class space    used 5233K, capacity 5339K, committed 5376K, reserved 1048576K
}
Event: 12.808 GC heap before
{Heap before GC invocations=14 (full 2):
 PSYoungGen      total 404480K, used 404474K [0x00000000d7000000, 0x00000000f7f00000, 0x0000000100000000)
  eden space 386560K, 100% used [0x00000000d7000000,0x00000000ee980000,0x00000000ee980000)
  from space 17920K, 99% used [0x00000000ee980000,0x00000000efafea68,0x00000000efb00000)
  to   space 22528K, 0% used [0x00000000f6900000,0x00000000f6900000,0x00000000f7f00000)
 ParOldGen       total 75264K, used 24270K [0x0000000085000000, 0x0000000089980000, 0x00000000d7000000)
  object space 75264K, 32% used [0x0000000085000000,0x00000000867b3bc8,0x0000000089980000)
 Metaspace       used 48445K, capacity 49112K, committed 49664K, reserved 1093632K
  class space    used 5895K, capacity 6050K, committed 6144K, reserved 1048576K
Event: 12.828 GC heap after
Heap after GC invocations=14 (full 2):
 PSYoungGen      total 517120K, used 12831K [0x00000000d7000000, 0x00000000f9780000, 0x0000000100000000)
  eden space 494592K, 0% used [0x00000000d7000000,0x00000000d7000000,0x00000000f5300000)
  from space 22528K, 56% used [0x00000000f6900000,0x00000000f7587dd8,0x00000000f7f00000)
  to   space 22528K, 0% used [0x00000000f5300000,0x00000000f5300000,0x00000000f6900000)
 ParOldGen       total 75264K, used 28679K [0x0000000085000000, 0x0000000089980000, 0x00000000d7000000)
  object space 75264K, 38% used [0x0000000085000000,0x0000000086c01f60,0x0000000089980000)
 Metaspace       used 48445K, capacity 49112K, committed 49664K, reserved 1093632K
  class space    used 5895K, capacity 6050K, committed 6144K, reserved 1048576K
}
Event: 698.578 GC heap before
{Heap before GC invocations=15 (full 2):
 PSYoungGen      total 517120K, used 507423K [0x00000000d7000000, 0x00000000f9780000, 0x0000000100000000)
  eden space 494592K, 100% used [0x00000000d7000000,0x00000000f5300000,0x00000000f5300000)
  from space 22528K, 56% used [0x00000000f6900000,0x00000000f7587dd8,0x00000000f7f00000)
  to   space 22528K, 0% used [0x00000000f5300000,0x00000000f5300000,0x00000000f6900000)
 ParOldGen       total 75264K, used 28679K [0x0000000085000000, 0x0000000089980000, 0x00000000d7000000)
  object space 75264K, 38% used [0x0000000085000000,0x0000000086c01f60,0x0000000089980000)
 Metaspace       used 53782K, capacity 54654K, committed 54784K, reserved 1097728K
  class space    used 6477K, capacity 6653K, committed 6656K, reserved 1048576K

