# JRE version: Java(TM) SE Runtime Environment (8.0_101-b13) (build 1.8.0_101-b13)
# Java VM: Java HotSpot(TM) 64-Bit Server VM (25.101-b13 mixed mode linux-amd64 compressed oops)
Heap:
 PSYoungGen      total 133632K, used 8175K [0x00000000d7000000, 0x00000000dfc00000, 0x0000000100000000)
  eden space 125440K, 0% used [0x00000000d7000000,0x00000000d7000000,0x00000000dea80000)
  from space 8192K, 99% used [0x00000000dea80000,0x00000000df27bff0,0x00000000df280000)
  to   space 6656K, 0% used [0x00000000df280000,0x00000000df280000,0x00000000df900000)
 ParOldGen       total 84992K, used 12211K [0x0000000085000000, 0x000000008a300000, 0x00000000d7000000)
  object space 84992K, 14% used [0x0000000085000000,0x0000000085beceb8,0x000000008a300000)
 Metaspace       used 18460K, capacity 18696K, committed 18944K, reserved 1067008K
  class space    used 2119K, capacity 2182K, committed 2304K, reserved 1048576K
GC Heap History (10 events):
Event: 0.997 GC heap after
Heap after GC invocations=2 (full 0):
 PSYoungGen      total 36864K, used 3134K [0x00000000d7000000, 0x00000000d9900000, 0x0000000100000000)
  eden space 31744K, 0% used [0x00000000d7000000,0x00000000d7000000,0x00000000d8f00000)
  from space 5120K, 61% used [0x00000000d9400000,0x00000000d970f858,0x00000000d9900000)
  to   space 5120K, 0% used [0x00000000d8f00000,0x00000000d8f00000,0x00000000d9400000)
 ParOldGen       total 84992K, used 16K [0x0000000085000000, 0x000000008a300000, 0x00000000d7000000)
  object space 84992K, 0% used [0x0000000085000000,0x0000000085004000,0x000000008a300000)
 Metaspace       used 7589K, capacity 7694K, committed 7936K, reserved 1056768K
  class space    used 897K, capacity 918K, committed 1024K, reserved 1048576K
}
Event: 1.607 GC heap before
{Heap before GC invocations=3 (full 0):
 PSYoungGen      total 36864K, used 34878K [0x00000000d7000000, 0x00000000d9900000, 0x0000000100000000)
  eden space 31744K, 100% used [0x00000000d7000000,0x00000000d8f00000,0x00000000d8f00000)
  from space 5120K, 61% used [0x00000000d9400000,0x00000000d970f858,0x00000000d9900000)
  to   space 5120K, 0% used [0x00000000d8f00000,0x00000000d8f00000,0x00000000d9400000)
 ParOldGen       total 84992K, used 16K [0x0000000085000000, 0x000000008a300000, 0x00000000d7000000)
  object space 84992K, 0% used [0x0000000085000000,0x0000000085004000,0x000000008a300000)
 Metaspace       used 11216K, capacity 11374K, committed 11648K, reserved 1058816K
  class space    used 1285K, capacity 1334K, committed 1408K, reserved 1048576K
Event: 1.619 GC heap after
Heap after GC invocations=3 (full 0):
 PSYoungGen      total 36864K, used 4227K [0x00000000d7000000, 0x00000000db800000, 0x0000000100000000)
  eden space 31744K, 0% used [0x00000000d7000000,0x00000000d7000000,0x00000000d8f00000)
  from space 5120K, 82% used [0x00000000d8f00000,0x00000000d9320d58,0x00000000d9400000)
  to   space 5120K, 0% used [0x00000000db300000,0x00000000db300000,0x00000000db800000)
 ParOldGen       total 84992K, used 16K [0x0000000085000000, 0x000000008a300000, 0x00000000d7000000)
  object space 84992K, 0% used [0x0000000085000000,0x0000000085004000,0x000000008a300000)
 Metaspace       used 11216K, capacity 11374K, committed 11648K, reserved 1058816K
  class space    used 1285K, capacity 1334K, committed 1408K, reserved 1048576K
}
Event: 1.942 GC heap before
{Heap before GC invocations=4 (full 0):
 PSYoungGen      total 36864K, used 35971K [0x00000000d7000000, 0x00000000db800000, 0x0000000100000000)
  eden space 31744K, 100% used [0x00000000d7000000,0x00000000d8f00000,0x00000000d8f00000)
  from space 5120K, 82% used [0x00000000d8f00000,0x00000000d9320d58,0x00000000d9400000)
  to   space 5120K, 0% used [0x00000000db300000,0x00000000db300000,0x00000000db800000)
 ParOldGen       total 84992K, used 16K [0x0000000085000000, 0x000000008a300000, 0x00000000d7000000)
  object space 84992K, 0% used [0x0000000085000000,0x0000000085004000,0x000000008a300000)
 Metaspace       used 12075K, capacity 12250K, committed 12544K, reserved 1060864K
  class space    used 1369K, capacity 1433K, committed 1536K, reserved 1048576K
Event: 1.956 GC heap after
Heap after GC invocations=4 (full 0):
 PSYoungGen      total 68608K, used 4063K [0x00000000d7000000, 0x00000000db800000, 0x0000000100000000)
  eden space 63488K, 0% used [0x00000000d7000000,0x00000000d7000000,0x00000000dae00000)
  from space 5120K, 79% used [0x00000000db300000,0x00000000db6f7eb8,0x00000000db800000)
  to   space 5120K, 0% used [0x00000000dae00000,0x00000000dae00000,0x00000000db300000)
 ParOldGen       total 84992K, used 88K [0x0000000085000000, 0x000000008a300000, 0x00000000d7000000)
  object space 84992K, 0% used [0x0000000085000000,0x0000000085016010,0x000000008a300000)
 Metaspace       used 12075K, capacity 12250K, committed 12544K, reserved 1060864K
  class space    used 1369K, capacity 1433K, committed 1536K, reserved 1048576K
}
Event: 4.845 GC heap before
{Heap before GC invocations=5 (full 0):
 PSYoungGen      total 68608K, used 67551K [0x00000000d7000000, 0x00000000db800000, 0x0000000100000000)
  eden space 63488K, 100% used [0x00000000d7000000,0x00000000dae00000,0x00000000dae00000)
  from space 5120K, 79% used [0x00000000db300000,0x00000000db6f7eb8,0x00000000db800000)
  to   space 5120K, 0% used [0x00000000dae00000,0x00000000dae00000,0x00000000db300000)
 ParOldGen       total 84992K, used 88K [0x0000000085000000, 0x000000008a300000, 0x00000000d7000000)
  object space 84992K, 0% used [0x0000000085000000,0x0000000085016010,0x000000008a300000)
 Metaspace       used 15448K, capacity 15646K, committed 16000K, reserved 1062912K
  class space    used 1813K, capacity 1855K, committed 1920K, reserved 1048576K
Event: 4.863 GC heap after
Heap after GC invocations=5 (full 0):
 PSYoungGen      total 68608K, used 5117K [0x00000000d7000000, 0x00000000df900000, 0x0000000100000000)
  eden space 63488K, 0% used [0x00000000d7000000,0x00000000d7000000,0x00000000dae00000)
  from space 5120K, 99% used [0x00000000dae00000,0x00000000db2ff720,0x00000000db300000)
  to   space 6656K, 0% used [0x00000000df280000,0x00000000df280000,0x00000000df900000)
 ParOldGen       total 84992K, used 1190K [0x0000000085000000, 0x000000008a300000, 0x00000000d7000000)
  object space 84992K, 1% used [0x0000000085000000,0x0000000085129938,0x000000008a300000)
 Metaspace       used 15448K, capacity 15646K, committed 16000K, reserved 1062912K
  class space    used 1813K, capacity 1855K, committed 1920K, reserved 1048576K
}
Event: 6.136 GC heap before
{Heap before GC invocations=6 (full 0):
 PSYoungGen      total 68608K, used 68605K [0x00000000d7000000, 0x00000000df900000, 0x0000000100000000)
  eden space 63488K, 100% used [0x00000000d7000000,0x00000000dae00000,0x00000000dae00000)
  from space 5120K, 99% used [0x00000000dae00000,0x00000000db2ff720,0x00000000db300000)
  to   space 6656K, 0% used [0x00000000df280000,0x00000000df280000,0x00000000df900000)
 ParOldGen       total 84992K, used 1190K [0x0000000085000000, 0x000000008a300000, 0x00000000d7000000)
  object space 84992K, 1% used [0x0000000085000000,0x0000000085129938,0x000000008a300000)
 Metaspace       used 18300K, capacity 18504K, committed 18944K, reserved 1067008K
  class space    used 2118K, capacity 2182K, committed 2304K, reserved 1048576K
Event: 6.146 GC heap after
Heap after GC invocations=6 (full 0):
 PSYoungGen      total 132096K, used 6646K [0x00000000d7000000, 0x00000000dfc00000, 0x0000000100000000)
  eden space 125440K, 0% used [0x00000000d7000000,0x00000000d7000000,0x00000000dea80000)
  from space 6656K, 99% used [0x00000000df280000,0x00000000df8fdae0,0x00000000df900000)
  to   space 8192K, 0% used [0x00000000dea80000,0x00000000dea80000,0x00000000df280000)
 ParOldGen       total 84992K, used 2158K [0x0000000085000000, 0x000000008a300000, 0x00000000d7000000)
  object space 84992K, 2% used [0x0000000085000000,0x000000008521ba20,0x000000008a300000)
 Metaspace       used 18300K, capacity 18504K, committed 18944K, reserved 1067008K
  class space    used 2118K, capacity 2182K, committed 2304K, reserved 1048576K
}
Event: 7.622 GC heap before
{Heap before GC invocations=7 (full 0):
 PSYoungGen      total 132096K, used 132086K [0x00000000d7000000, 0x00000000dfc00000, 0x0000000100000000)
  eden space 125440K, 100% used [0x00000000d7000000,0x00000000dea80000,0x00000000dea80000)
  from space 6656K, 99% used [0x00000000df280000,0x00000000df8fdae0,0x00000000df900000)
  to   space 8192K, 0% used [0x00000000dea80000,0x00000000dea80000,0x00000000df280000)
 ParOldGen       total 84992K, used 2158K [0x0000000085000000, 0x000000008a300000, 0x00000000d7000000)
  object space 84992K, 2% used [0x0000000085000000,0x000000008521ba20,0x000000008a300000)
 Metaspace       used 18460K, capacity 18696K, committed 18944K, reserved 1067008K
  class space    used 2119K, capacity 2182K, committed 2304K, reserved 1048576K

