# JRE version: Java(TM) SE Runtime Environment (8.0_101-b13) (build 1.8.0_101-b13)
# Java VM: Java HotSpot(TM) 64-Bit Server VM (25.101-b13 mixed mode linux-amd64 compressed oops)
Heap:
 PSYoungGen      total 297984K, used 0K [0x00000000eab00000, 0x0000000100000000, 0x0000000100000000)
  eden space 246784K, 0% used [0x00000000eab00000,0x00000000eab00000,0x00000000f9c00000)
  from space 51200K, 0% used [0x00000000fce00000,0x00000000fce00000,0x0000000100000000)
  to   space 51200K, 0% used [0x00000000f9c00000,0x00000000f9c00000,0x00000000fce00000)
 ParOldGen       total 360960K, used 335623K [0x00000000c0000000, 0x00000000d6080000, 0x00000000eab00000)
  object space 360960K, 92% used [0x00000000c0000000,0x00000000d47c1f38,0x00000000d6080000)
 Metaspace       used 47077K, capacity 55516K, committed 55640K, reserved 1095680K
  class space    used 6652K, capacity 9589K, committed 9600K, reserved 1048576K
GC Heap History (10 events):
Event: 39.933 GC heap after
Heap after GC invocations=86 (full 4):
 PSYoungGen      total 302592K, used 34816K [0x00000000eab00000, 0x0000000100000000, 0x0000000100000000)
  eden space 265216K, 0% used [0x00000000eab00000,0x00000000eab00000,0x00000000fae00000)
  from space 37376K, 93% used [0x00000000fdb80000,0x00000000ffd80000,0x0000000100000000)
  to   space 41984K, 0% used [0x00000000fae00000,0x00000000fae00000,0x00000000fd700000)
 ParOldGen       total 360960K, used 341262K [0x00000000c0000000, 0x00000000d6080000, 0x00000000eab00000)
  object space 360960K, 94% used [0x00000000c0000000,0x00000000d4d43a08,0x00000000d6080000)
 Metaspace       used 47074K, capacity 55516K, committed 55640K, reserved 1095680K
  class space    used 6651K, capacity 9589K, committed 9600K, reserved 1048576K
}
Event: 40.220 GC heap before
{Heap before GC invocations=87 (full 4):
 PSYoungGen      total 302592K, used 300032K [0x00000000eab00000, 0x0000000100000000, 0x0000000100000000)
  eden space 265216K, 100% used [0x00000000eab00000,0x00000000fae00000,0x00000000fae00000)
  from space 37376K, 93% used [0x00000000fdb80000,0x00000000ffd80000,0x0000000100000000)
  to   space 41984K, 0% used [0x00000000fae00000,0x00000000fae00000,0x00000000fd700000)
 ParOldGen       total 360960K, used 341262K [0x00000000c0000000, 0x00000000d6080000, 0x00000000eab00000)
  object space 360960K, 94% used [0x00000000c0000000,0x00000000d4d43a08,0x00000000d6080000)
 Metaspace       used 47074K, capacity 55516K, committed 55640K, reserved 1095680K
  class space    used 6651K, capacity 9589K, committed 9600K, reserved 1048576K
Event: 40.242 GC heap after
Heap after GC invocations=87 (full 4):
 PSYoungGen      total 302080K, used 36384K [0x00000000eab00000, 0x0000000100000000, 0x0000000100000000)
  eden space 265216K, 0% used [0x00000000eab00000,0x00000000eab00000,0x00000000fae00000)
  from space 36864K, 98% used [0x00000000fae00000,0x00000000fd188000,0x00000000fd200000)
  to   space 46592K, 0% used [0x00000000fd280000,0x00000000fd280000,0x0000000100000000)
 ParOldGen       total 360960K, used 341262K [0x00000000c0000000, 0x00000000d6080000, 0x00000000eab00000)
  object space 360960K, 94% used [0x00000000c0000000,0x00000000d4d43a08,0x00000000d6080000)
 Metaspace       used 47074K, capacity 55516K, committed 55640K, reserved 1095680K
  class space    used 6651K, capacity 9589K, committed 9600K, reserved 1048576K
}
Event: 40.757 GC heap before
{Heap before GC invocations=88 (full 4):
 PSYoungGen      total 302080K, used 301600K [0x00000000eab00000, 0x0000000100000000, 0x0000000100000000)
  eden space 265216K, 100% used [0x00000000eab00000,0x00000000fae00000,0x00000000fae00000)
  from space 36864K, 98% used [0x00000000fae00000,0x00000000fd188000,0x00000000fd200000)
  to   space 46592K, 0% used [0x00000000fd280000,0x00000000fd280000,0x0000000100000000)
 ParOldGen       total 360960K, used 341262K [0x00000000c0000000, 0x00000000d6080000, 0x00000000eab00000)
  object space 360960K, 94% used [0x00000000c0000000,0x00000000d4d43a08,0x00000000d6080000)
 Metaspace       used 47077K, capacity 55516K, committed 55640K, reserved 1095680K
  class space    used 6652K, capacity 9589K, committed 9600K, reserved 1048576K
Event: 40.794 GC heap after
Heap after GC invocations=88 (full 4):
 PSYoungGen      total 295424K, used 37536K [0x00000000eab00000, 0x0000000100000000, 0x0000000100000000)
  eden space 248832K, 0% used [0x00000000eab00000,0x00000000eab00000,0x00000000f9e00000)
  from space 46592K, 80% used [0x00000000fd280000,0x00000000ff728000,0x0000000100000000)
  to   space 50176K, 0% used [0x00000000f9e00000,0x00000000f9e00000,0x00000000fcf00000)
 ParOldGen       total 360960K, used 344162K [0x00000000c0000000, 0x00000000d6080000, 0x00000000eab00000)
  object space 360960K, 95% used [0x00000000c0000000,0x00000000d5018a58,0x00000000d6080000)
 Metaspace       used 47077K, capacity 55516K, committed 55640K, reserved 1095680K
  class space    used 6652K, capacity 9589K, committed 9600K, reserved 1048576K
}
Event: 41.101 GC heap before
{Heap before GC invocations=89 (full 4):
 PSYoungGen      total 295424K, used 286368K [0x00000000eab00000, 0x0000000100000000, 0x0000000100000000)
  eden space 248832K, 100% used [0x00000000eab00000,0x00000000f9e00000,0x00000000f9e00000)
  from space 46592K, 80% used [0x00000000fd280000,0x00000000ff728000,0x0000000100000000)
  to   space 50176K, 0% used [0x00000000f9e00000,0x00000000f9e00000,0x00000000fcf00000)
 ParOldGen       total 360960K, used 344162K [0x00000000c0000000, 0x00000000d6080000, 0x00000000eab00000)
  object space 360960K, 95% used [0x00000000c0000000,0x00000000d5018a58,0x00000000d6080000)
 Metaspace       used 47077K, capacity 55516K, committed 55640K, reserved 1095680K
  class space    used 6652K, capacity 9589K, committed 9600K, reserved 1048576K
Event: 41.130 GC heap after
Heap after GC invocations=89 (full 4):
 PSYoungGen      total 281088K, used 32192K [0x00000000eab00000, 0x0000000100000000, 0x0000000100000000)
  eden space 248832K, 0% used [0x00000000eab00000,0x00000000eab00000,0x00000000f9e00000)
  from space 32256K, 99% used [0x00000000f9e00000,0x00000000fbd70000,0x00000000fbd80000)
  to   space 51200K, 0% used [0x00000000fce00000,0x00000000fce00000,0x0000000100000000)
 ParOldGen       total 360960K, used 350466K [0x00000000c0000000, 0x00000000d6080000, 0x00000000eab00000)
  object space 360960K, 97% used [0x00000000c0000000,0x00000000d5640ad8,0x00000000d6080000)
 Metaspace       used 47077K, capacity 55516K, committed 55640K, reserved 1095680K
  class space    used 6652K, capacity 9589K, committed 9600K, reserved 1048576K
}
Event: 41.889 GC heap before
{Heap before GC invocations=90 (full 4):
 PSYoungGen      total 281088K, used 281024K [0x00000000eab00000, 0x0000000100000000, 0x0000000100000000)
  eden space 248832K, 100% used [0x00000000eab00000,0x00000000f9e00000,0x00000000f9e00000)
  from space 32256K, 99% used [0x00000000f9e00000,0x00000000fbd70000,0x00000000fbd80000)
  to   space 51200K, 0% used [0x00000000fce00000,0x00000000fce00000,0x0000000100000000)
 ParOldGen       total 360960K, used 350466K [0x00000000c0000000, 0x00000000d6080000, 0x00000000eab00000)
  object space 360960K, 97% used [0x00000000c0000000,0x00000000d5640ad8,0x00000000d6080000)
 Metaspace       used 47077K, capacity 55516K, committed 55640K, reserved 1095680K
  class space    used 6652K, capacity 9589K, committed 9600K, reserved 1048576K
Event: 41.948 GC heap after
Heap after GC invocations=90 (full 4):
 PSYoungGen      total 297984K, used 30096K [0x00000000eab00000, 0x0000000100000000, 0x0000000100000000)
  eden space 246784K, 0% used [0x00000000eab00000,0x00000000eab00000,0x00000000f9c00000)
  from space 51200K, 58% used [0x00000000fce00000,0x00000000feb64010,0x0000000100000000)
  to   space 51200K, 0% used [0x00000000f9c00000,0x00000000f9c00000,0x00000000fce00000)
 ParOldGen       total 360960K, used 357210K [0x00000000c0000000, 0x00000000d6080000, 0x00000000eab00000)
  object space 360960K, 98% used [0x00000000c0000000,0x00000000d5cd6b38,0x00000000d6080000)
 Metaspace       used 47077K, capacity 55516K, committed 55640K, reserved 1095680K
  class space    used 6652K, capacity 9589K, committed 9600K, reserved 1048576K
}
Event: 41.948 GC heap before
{Heap before GC invocations=91 (full 5):
 PSYoungGen      total 297984K, used 30096K [0x00000000eab00000, 0x0000000100000000, 0x0000000100000000)
  eden space 246784K, 0% used [0x00000000eab00000,0x00000000eab00000,0x00000000f9c00000)
  from space 51200K, 58% used [0x00000000fce00000,0x00000000feb64010,0x0000000100000000)
  to   space 51200K, 0% used [0x00000000f9c00000,0x00000000f9c00000,0x00000000fce00000)
 ParOldGen       total 360960K, used 357210K [0x00000000c0000000, 0x00000000d6080000, 0x00000000eab00000)
  object space 360960K, 98% used [0x00000000c0000000,0x00000000d5cd6b38,0x00000000d6080000)
 Metaspace       used 47077K, capacity 55516K, committed 55640K, reserved 1095680K
  class space    used 6652K, capacity 9589K, committed 9600K, reserved 1048576K

