# JRE version: Java(TM) SE Runtime Environment (8.0_101-b13) (build 1.8.0_101-b13)
# Java VM: Java HotSpot(TM) 64-Bit Server VM (25.101-b13 mixed mode linux-amd64 compressed oops)
Heap:
 PSYoungGen      total 481792K, used 320501K [0x00000000d7000000, 0x00000000f6100000, 0x0000000100000000)
  eden space 459264K, 65% used [0x00000000d7000000,0x00000000e9635c78,0x00000000f3080000)
  from space 22528K, 85% used [0x00000000f4880000,0x00000000f5b47ae8,0x00000000f5e80000)
  to   space 24576K, 0% used [0x00000000f3080000,0x00000000f3080000,0x00000000f4880000)
 ParOldGen       total 83456K, used 31904K [0x0000000085000000, 0x000000008a180000, 0x00000000d7000000)
  object space 83456K, 38% used [0x0000000085000000,0x0000000086f28378,0x000000008a180000)
 Metaspace       used 57296K, capacity 58666K, committed 59008K, reserved 1101824K
  class space    used 6705K, capacity 6951K, committed 7040K, reserved 1048576K
GC Heap History (10 events):
Event: 6.750 GC heap before
{Heap before GC invocations=12 (full 2):
 PSYoungGen      total 303104K, used 9093K [0x00000000d7000000, 0x00000000ed880000, 0x0000000100000000)
  eden space 285696K, 0% used [0x00000000d7000000,0x00000000d7000000,0x00000000e8700000)
  from space 17408K, 52% used [0x00000000e9780000,0x00000000ea061790,0x00000000ea880000)
  to   space 16896K, 0% used [0x00000000e8700000,0x00000000e8700000,0x00000000e9780000)
 ParOldGen       total 58368K, used 17604K [0x0000000085000000, 0x0000000088900000, 0x00000000d7000000)
  object space 58368K, 30% used [0x0000000085000000,0x0000000086131228,0x0000000088900000)
 Metaspace       used 34619K, capacity 34908K, committed 35416K, reserved 1081344K
  class space    used 4134K, capacity 4230K, committed 4352K, reserved 1048576K
Event: 6.800 GC heap after
Heap after GC invocations=12 (full 2):
 PSYoungGen      total 303104K, used 0K [0x00000000d7000000, 0x00000000ed880000, 0x0000000100000000)
  eden space 285696K, 0% used [0x00000000d7000000,0x00000000d7000000,0x00000000e8700000)
  from space 17408K, 0% used [0x00000000e9780000,0x00000000e9780000,0x00000000ea880000)
  to   space 16896K, 0% used [0x00000000e8700000,0x00000000e8700000,0x00000000e9780000)
 ParOldGen       total 83456K, used 15246K [0x0000000085000000, 0x000000008a180000, 0x00000000d7000000)
  object space 83456K, 18% used [0x0000000085000000,0x0000000085ee3930,0x000000008a180000)
 Metaspace       used 34619K, capacity 34908K, committed 35416K, reserved 1081344K
  class space    used 4134K, capacity 4230K, committed 4352K, reserved 1048576K
}
Event: 8.934 GC heap before
{Heap before GC invocations=13 (full 2):
 PSYoungGen      total 303104K, used 285696K [0x00000000d7000000, 0x00000000ed880000, 0x0000000100000000)
  eden space 285696K, 100% used [0x00000000d7000000,0x00000000e8700000,0x00000000e8700000)
  from space 17408K, 0% used [0x00000000e9780000,0x00000000e9780000,0x00000000ea880000)
  to   space 16896K, 0% used [0x00000000e8700000,0x00000000e8700000,0x00000000e9780000)
 ParOldGen       total 83456K, used 15246K [0x0000000085000000, 0x000000008a180000, 0x00000000d7000000)
  object space 83456K, 18% used [0x0000000085000000,0x0000000085ee3930,0x000000008a180000)
 Metaspace       used 42117K, capacity 42484K, committed 43136K, reserved 1087488K
  class space    used 5093K, capacity 5208K, committed 5248K, reserved 1048576K
Event: 8.956 GC heap after
Heap after GC invocations=13 (full 2):
 PSYoungGen      total 302592K, used 16879K [0x00000000d7000000, 0x00000000eff80000, 0x0000000100000000)
  eden space 285696K, 0% used [0x00000000d7000000,0x00000000d7000000,0x00000000e8700000)
  from space 16896K, 99% used [0x00000000e8700000,0x00000000e977bef8,0x00000000e9780000)
  to   space 20480K, 0% used [0x00000000eeb80000,0x00000000eeb80000,0x00000000eff80000)
 ParOldGen       total 83456K, used 18729K [0x0000000085000000, 0x000000008a180000, 0x00000000d7000000)
  object space 83456K, 22% used [0x0000000085000000,0x000000008624a500,0x000000008a180000)
 Metaspace       used 42117K, capacity 42484K, committed 43136K, reserved 1087488K
  class space    used 5093K, capacity 5208K, committed 5248K, reserved 1048576K
}
Event: 10.741 GC heap before
{Heap before GC invocations=14 (full 2):
 PSYoungGen      total 302592K, used 302575K [0x00000000d7000000, 0x00000000eff80000, 0x0000000100000000)
  eden space 285696K, 100% used [0x00000000d7000000,0x00000000e8700000,0x00000000e8700000)
  from space 16896K, 99% used [0x00000000e8700000,0x00000000e977bef8,0x00000000e9780000)
  to   space 20480K, 0% used [0x00000000eeb80000,0x00000000eeb80000,0x00000000eff80000)
 ParOldGen       total 83456K, used 18729K [0x0000000085000000, 0x000000008a180000, 0x00000000d7000000)
  object space 83456K, 22% used [0x0000000085000000,0x000000008624a500,0x000000008a180000)
 Metaspace       used 48185K, capacity 48614K, committed 49280K, reserved 1093632K
  class space    used 5878K, capacity 5999K, committed 6016K, reserved 1048576K
Event: 10.769 GC heap after
Heap after GC invocations=14 (full 2):
 PSYoungGen      total 386560K, used 17372K [0x00000000d7000000, 0x00000000f0380000, 0x0000000100000000)
  eden space 366080K, 0% used [0x00000000d7000000,0x00000000d7000000,0x00000000ed580000)
  from space 20480K, 84% used [0x00000000eeb80000,0x00000000efc77318,0x00000000eff80000)
  to   space 22528K, 0% used [0x00000000ed580000,0x00000000ed580000,0x00000000eeb80000)
 ParOldGen       total 83456K, used 25659K [0x0000000085000000, 0x000000008a180000, 0x00000000d7000000)
  object space 83456K, 30% used [0x0000000085000000,0x000000008690efe8,0x000000008a180000)
 Metaspace       used 48185K, capacity 48614K, committed 49280K, reserved 1093632K
  class space    used 5878K, capacity 5999K, committed 6016K, reserved 1048576K
}
Event: 13.922 GC heap before
{Heap before GC invocations=15 (full 2):
 PSYoungGen      total 386560K, used 383452K [0x00000000d7000000, 0x00000000f0380000, 0x0000000100000000)
  eden space 366080K, 100% used [0x00000000d7000000,0x00000000ed580000,0x00000000ed580000)
  from space 20480K, 84% used [0x00000000eeb80000,0x00000000efc77318,0x00000000eff80000)
  to   space 22528K, 0% used [0x00000000ed580000,0x00000000ed580000,0x00000000eeb80000)
 ParOldGen       total 83456K, used 25659K [0x0000000085000000, 0x000000008a180000, 0x00000000d7000000)
  object space 83456K, 30% used [0x0000000085000000,0x000000008690efe8,0x000000008a180000)
 Metaspace       used 50007K, capacity 50766K, committed 51072K, reserved 1093632K
  class space    used 5991K, capacity 6155K, committed 6272K, reserved 1048576K
Event: 13.936 GC heap after
Heap after GC invocations=15 (full 2):
 PSYoungGen      total 388608K, used 4096K [0x00000000d7000000, 0x00000000f5e80000, 0x0000000100000000)
  eden space 366080K, 0% used [0x00000000d7000000,0x00000000d7000000,0x00000000ed580000)
  from space 22528K, 18% used [0x00000000ed580000,0x00000000ed980010,0x00000000eeb80000)
  to   space 22528K, 0% used [0x00000000f4880000,0x00000000f4880000,0x00000000f5e80000)
 ParOldGen       total 83456K, used 31896K [0x0000000085000000, 0x000000008a180000, 0x00000000d7000000)
  object space 83456K, 38% used [0x0000000085000000,0x0000000086f26378,0x000000008a180000)
 Metaspace       used 50007K, capacity 50766K, committed 51072K, reserved 1093632K
  class space    used 5991K, capacity 6155K, committed 6272K, reserved 1048576K
}
Event: 15.814 GC heap before
{Heap before GC invocations=16 (full 2):
 PSYoungGen      total 388608K, used 370176K [0x00000000d7000000, 0x00000000f5e80000, 0x0000000100000000)
  eden space 366080K, 100% used [0x00000000d7000000,0x00000000ed580000,0x00000000ed580000)
  from space 22528K, 18% used [0x00000000ed580000,0x00000000ed980010,0x00000000eeb80000)
  to   space 22528K, 0% used [0x00000000f4880000,0x00000000f4880000,0x00000000f5e80000)
 ParOldGen       total 83456K, used 31896K [0x0000000085000000, 0x000000008a180000, 0x00000000d7000000)
  object space 83456K, 38% used [0x0000000085000000,0x0000000086f26378,0x000000008a180000)
 Metaspace       used 51826K, capacity 52676K, committed 52992K, reserved 1095680K
  class space    used 6164K, capacity 6324K, committed 6400K, reserved 1048576K
Event: 15.834 GC heap after
Heap after GC invocations=16 (full 2):
 PSYoungGen      total 481792K, used 19230K [0x00000000d7000000, 0x00000000f6100000, 0x0000000100000000)
  eden space 459264K, 0% used [0x00000000d7000000,0x00000000d7000000,0x00000000f3080000)
  from space 22528K, 85% used [0x00000000f4880000,0x00000000f5b47ae8,0x00000000f5e80000)
  to   space 24576K, 0% used [0x00000000f3080000,0x00000000f3080000,0x00000000f4880000)
 ParOldGen       total 83456K, used 31904K [0x0000000085000000, 0x000000008a180000, 0x00000000d7000000)
  object space 83456K, 38% used [0x0000000085000000,0x0000000086f28378,0x000000008a180000)
 Metaspace       used 51826K, capacity 52676K, committed 52992K, reserved 1095680K
  class space    used 6164K, capacity 6324K, committed 6400K, reserved 1048576K
}

