# JRE version: Java(TM) SE Runtime Environment (8.0_101-b13) (build 1.8.0_101-b13)
# Java VM: Java HotSpot(TM) 64-Bit Server VM (25.101-b13 mixed mode linux-amd64 compressed oops)
Heap:
 PSYoungGen      total 390144K, used 14034K [0x00000000d7000000, 0x00000000efe80000, 0x0000000100000000)
  eden space 372224K, 0% used [0x00000000d7000000,0x00000000d7000000,0x00000000edb80000)
  from space 17920K, 78% used [0x00000000edb80000,0x00000000ee934a08,0x00000000eed00000)
  to   space 13824K, 0% used [0x00000000eed00000,0x00000000eed00000,0x00000000efa80000)
 ParOldGen       total 52224K, used 27049K [0x0000000085000000, 0x0000000088300000, 0x00000000d7000000)
  object space 52224K, 51% used [0x0000000085000000,0x0000000086a6a7c0,0x0000000088300000)
 Metaspace       used 33952K, capacity 34540K, committed 34688K, reserved 1079296K
  class space    used 4241K, capacity 4373K, committed 4480K, reserved 1048576K
GC Heap History (10 events):
Event: 5.386 GC heap after
Heap after GC invocations=7 (full 0):
 PSYoungGen      total 137728K, used 7584K [0x00000000d7000000, 0x00000000e7d00000, 0x0000000100000000)
  eden space 126976K, 0% used [0x00000000d7000000,0x00000000d7000000,0x00000000dec00000)
  from space 10752K, 70% used [0x00000000dec00000,0x00000000df368310,0x00000000df680000)
  to   space 10752K, 0% used [0x00000000e7280000,0x00000000e7280000,0x00000000e7d00000)
 ParOldGen       total 84992K, used 8800K [0x0000000085000000, 0x000000008a300000, 0x00000000d7000000)
  object space 84992K, 10% used [0x0000000085000000,0x0000000085898148,0x000000008a300000)
 Metaspace       used 19812K, capacity 20128K, committed 20352K, reserved 1067008K
  class space    used 2537K, capacity 2615K, committed 2688K, reserved 1048576K
}
Event: 5.475 GC heap before
{Heap before GC invocations=8 (full 0):
 PSYoungGen      total 137728K, used 24392K [0x00000000d7000000, 0x00000000e7d00000, 0x0000000100000000)
  eden space 126976K, 13% used [0x00000000d7000000,0x00000000d8069d40,0x00000000dec00000)
  from space 10752K, 70% used [0x00000000dec00000,0x00000000df368310,0x00000000df680000)
  to   space 10752K, 0% used [0x00000000e7280000,0x00000000e7280000,0x00000000e7d00000)
 ParOldGen       total 84992K, used 8800K [0x0000000085000000, 0x000000008a300000, 0x00000000d7000000)
  object space 84992K, 10% used [0x0000000085000000,0x0000000085898148,0x000000008a300000)
 Metaspace       used 20810K, capacity 21158K, committed 21248K, reserved 1067008K
  class space    used 2631K, capacity 2744K, committed 2816K, reserved 1048576K
Event: 5.481 GC heap after
Heap after GC invocations=8 (full 0):
 PSYoungGen      total 264704K, used 4794K [0x00000000d7000000, 0x00000000e7d00000, 0x0000000100000000)
  eden space 253952K, 0% used [0x00000000d7000000,0x00000000d7000000,0x00000000e6800000)
  from space 10752K, 44% used [0x00000000e7280000,0x00000000e772eae8,0x00000000e7d00000)
  to   space 10752K, 0% used [0x00000000e6800000,0x00000000e6800000,0x00000000e7280000)
 ParOldGen       total 84992K, used 10416K [0x0000000085000000, 0x000000008a300000, 0x00000000d7000000)
  object space 84992K, 12% used [0x0000000085000000,0x0000000085a2c210,0x000000008a300000)
 Metaspace       used 20810K, capacity 21158K, committed 21248K, reserved 1067008K
  class space    used 2631K, capacity 2744K, committed 2816K, reserved 1048576K
}
Event: 5.481 GC heap before
{Heap before GC invocations=9 (full 1):
 PSYoungGen      total 264704K, used 4794K [0x00000000d7000000, 0x00000000e7d00000, 0x0000000100000000)
  eden space 253952K, 0% used [0x00000000d7000000,0x00000000d7000000,0x00000000e6800000)
  from space 10752K, 44% used [0x00000000e7280000,0x00000000e772eae8,0x00000000e7d00000)
  to   space 10752K, 0% used [0x00000000e6800000,0x00000000e6800000,0x00000000e7280000)
 ParOldGen       total 84992K, used 10416K [0x0000000085000000, 0x000000008a300000, 0x00000000d7000000)
  object space 84992K, 12% used [0x0000000085000000,0x0000000085a2c210,0x000000008a300000)
 Metaspace       used 20810K, capacity 21158K, committed 21248K, reserved 1067008K
  class space    used 2631K, capacity 2744K, committed 2816K, reserved 1048576K
Event: 5.520 GC heap after
Heap after GC invocations=9 (full 1):
 PSYoungGen      total 264704K, used 0K [0x00000000d7000000, 0x00000000e7d00000, 0x0000000100000000)
  eden space 253952K, 0% used [0x00000000d7000000,0x00000000d7000000,0x00000000e6800000)
  from space 10752K, 0% used [0x00000000e7280000,0x00000000e7280000,0x00000000e7d00000)
  to   space 10752K, 0% used [0x00000000e6800000,0x00000000e6800000,0x00000000e7280000)
 ParOldGen       total 52224K, used 10709K [0x0000000085000000, 0x0000000088300000, 0x00000000d7000000)
  object space 52224K, 20% used [0x0000000085000000,0x0000000085a75650,0x0000000088300000)
 Metaspace       used 20810K, capacity 21158K, committed 21248K, reserved 1067008K
  class space    used 2631K, capacity 2744K, committed 2816K, reserved 1048576K
}
Event: 6.535 GC heap before
{Heap before GC invocations=10 (full 1):
 PSYoungGen      total 264704K, used 253952K [0x00000000d7000000, 0x00000000e7d00000, 0x0000000100000000)
  eden space 253952K, 100% used [0x00000000d7000000,0x00000000e6800000,0x00000000e6800000)
  from space 10752K, 0% used [0x00000000e7280000,0x00000000e7280000,0x00000000e7d00000)
  to   space 10752K, 0% used [0x00000000e6800000,0x00000000e6800000,0x00000000e7280000)
 ParOldGen       total 52224K, used 10709K [0x0000000085000000, 0x0000000088300000, 0x00000000d7000000)
  object space 52224K, 20% used [0x0000000085000000,0x0000000085a75650,0x0000000088300000)
 Metaspace       used 27526K, capacity 27898K, committed 28160K, reserved 1073152K
  class space    used 3425K, capacity 3526K, committed 3584K, reserved 1048576K
Event: 6.551 GC heap after
Heap after GC invocations=10 (full 1):
 PSYoungGen      total 264704K, used 10748K [0x00000000d7000000, 0x00000000efa80000, 0x0000000100000000)
  eden space 253952K, 0% used [0x00000000d7000000,0x00000000d7000000,0x00000000e6800000)
  from space 10752K, 99% used [0x00000000e6800000,0x00000000e727f148,0x00000000e7280000)
  to   space 13824K, 0% used [0x00000000eed00000,0x00000000eed00000,0x00000000efa80000)
 ParOldGen       total 52224K, used 15499K [0x0000000085000000, 0x0000000088300000, 0x00000000d7000000)
  object space 52224K, 29% used [0x0000000085000000,0x0000000085f22c98,0x0000000088300000)
 Metaspace       used 27526K, capacity 27898K, committed 28160K, reserved 1073152K
  class space    used 3425K, capacity 3526K, committed 3584K, reserved 1048576K
}
Event: 7.779 GC heap before
{Heap before GC invocations=11 (full 1):
 PSYoungGen      total 264704K, used 264700K [0x00000000d7000000, 0x00000000efa80000, 0x0000000100000000)
  eden space 253952K, 100% used [0x00000000d7000000,0x00000000e6800000,0x00000000e6800000)
  from space 10752K, 99% used [0x00000000e6800000,0x00000000e727f148,0x00000000e7280000)
  to   space 13824K, 0% used [0x00000000eed00000,0x00000000eed00000,0x00000000efa80000)
 ParOldGen       total 52224K, used 15499K [0x0000000085000000, 0x0000000088300000, 0x00000000d7000000)
  object space 52224K, 29% used [0x0000000085000000,0x0000000085f22c98,0x0000000088300000)
 Metaspace       used 29841K, capacity 30316K, committed 30464K, reserved 1075200K
  class space    used 3687K, capacity 3817K, committed 3840K, reserved 1048576K
Event: 7.793 GC heap after
Heap after GC invocations=11 (full 1):
 PSYoungGen      total 386048K, used 13809K [0x00000000d7000000, 0x00000000efe80000, 0x0000000100000000)
  eden space 372224K, 0% used [0x00000000d7000000,0x00000000d7000000,0x00000000edb80000)
  from space 13824K, 99% used [0x00000000eed00000,0x00000000efa7c690,0x00000000efa80000)
  to   space 17920K, 0% used [0x00000000edb80000,0x00000000edb80000,0x00000000eed00000)
 ParOldGen       total 52224K, used 20600K [0x0000000085000000, 0x0000000088300000, 0x00000000d7000000)
  object space 52224K, 39% used [0x0000000085000000,0x000000008641e3c8,0x0000000088300000)
 Metaspace       used 29841K, capacity 30316K, committed 30464K, reserved 1075200K
  class space    used 3687K, capacity 3817K, committed 3840K, reserved 1048576K
}
Event: 11.392 GC heap before
{Heap before GC invocations=12 (full 1):
 PSYoungGen      total 386048K, used 386033K [0x00000000d7000000, 0x00000000efe80000, 0x0000000100000000)
  eden space 372224K, 100% used [0x00000000d7000000,0x00000000edb80000,0x00000000edb80000)
  from space 13824K, 99% used [0x00000000eed00000,0x00000000efa7c690,0x00000000efa80000)
  to   space 17920K, 0% used [0x00000000edb80000,0x00000000edb80000,0x00000000eed00000)
 ParOldGen       total 52224K, used 20600K [0x0000000085000000, 0x0000000088300000, 0x00000000d7000000)
  object space 52224K, 39% used [0x0000000085000000,0x000000008641e3c8,0x0000000088300000)
 Metaspace       used 33952K, capacity 34540K, committed 34688K, reserved 1079296K
  class space    used 4241K, capacity 4373K, committed 4480K, reserved 1048576K

