# JRE version: Java(TM) SE Runtime Environment (8.0_101-b13) (build 1.8.0_101-b13)
# Java VM: Java HotSpot(TM) 64-Bit Server VM (25.101-b13 mixed mode linux-amd64 compressed oops)
Heap:
 PSYoungGen      total 286208K, used 2578K [0x00000000d7000000, 0x00000000e9f00000, 0x0000000100000000)
  eden space 267264K, 0% used [0x00000000d7000000,0x00000000d7000000,0x00000000e7500000)
  from space 18944K, 13% used [0x00000000e7500000,0x00000000e7784a48,0x00000000e8780000)
  to   space 19968K, 0% used [0x00000000e8780000,0x00000000e8780000,0x00000000e9b00000)
 ParOldGen       total 76288K, used 37722K [0x0000000085000000, 0x0000000089a80000, 0x00000000d7000000)
  object space 76288K, 49% used [0x0000000085000000,0x00000000874d6b68,0x0000000089a80000)
 Metaspace       used 50388K, capacity 50994K, committed 51328K, reserved 1093632K
  class space    used 6060K, capacity 6193K, committed 6272K, reserved 1048576K
GC Heap History (10 events):
Event: 16.485 GC heap after
Heap after GC invocations=16 (full 2):
 PSYoungGen      total 199680K, used 8912K [0x00000000d7000000, 0x00000000e7100000, 0x0000000100000000)
  eden space 190464K, 0% used [0x00000000d7000000,0x00000000d7000000,0x00000000e2a00000)
  from space 9216K, 96% used [0x00000000e6800000,0x00000000e70b4138,0x00000000e7100000)
  to   space 13312K, 0% used [0x00000000e5700000,0x00000000e5700000,0x00000000e6400000)
 ParOldGen       total 76288K, used 18629K [0x0000000085000000, 0x0000000089a80000, 0x00000000d7000000)
  object space 76288K, 24% used [0x0000000085000000,0x00000000862314f8,0x0000000089a80000)
 Metaspace       used 40583K, capacity 40994K, committed 41472K, reserved 1085440K
  class space    used 4953K, capacity 5077K, committed 5120K, reserved 1048576K
}
Event: 17.941 GC heap before
{Heap before GC invocations=17 (full 2):
 PSYoungGen      total 199680K, used 199376K [0x00000000d7000000, 0x00000000e7100000, 0x0000000100000000)
  eden space 190464K, 100% used [0x00000000d7000000,0x00000000e2a00000,0x00000000e2a00000)
  from space 9216K, 96% used [0x00000000e6800000,0x00000000e70b4138,0x00000000e7100000)
  to   space 13312K, 0% used [0x00000000e5700000,0x00000000e5700000,0x00000000e6400000)
 ParOldGen       total 76288K, used 18629K [0x0000000085000000, 0x0000000089a80000, 0x00000000d7000000)
  object space 76288K, 24% used [0x0000000085000000,0x00000000862314f8,0x0000000089a80000)
 Metaspace       used 43358K, capacity 43776K, committed 44416K, reserved 1087488K
  class space    used 5320K, capacity 5442K, committed 5504K, reserved 1048576K
Event: 17.958 GC heap after
Heap after GC invocations=17 (full 2):
 PSYoungGen      total 244224K, used 13297K [0x00000000d7000000, 0x00000000e7280000, 0x0000000100000000)
  eden space 230912K, 0% used [0x00000000d7000000,0x00000000d7000000,0x00000000e5180000)
  from space 13312K, 99% used [0x00000000e5700000,0x00000000e63fc730,0x00000000e6400000)
  to   space 14848K, 0% used [0x00000000e6400000,0x00000000e6400000,0x00000000e7280000)
 ParOldGen       total 76288K, used 23751K [0x0000000085000000, 0x0000000089a80000, 0x00000000d7000000)
  object space 76288K, 31% used [0x0000000085000000,0x0000000086731d10,0x0000000089a80000)
 Metaspace       used 43358K, capacity 43776K, committed 44416K, reserved 1087488K
  class space    used 5320K, capacity 5442K, committed 5504K, reserved 1048576K
}
Event: 20.417 GC heap before
{Heap before GC invocations=18 (full 2):
 PSYoungGen      total 244224K, used 244209K [0x00000000d7000000, 0x00000000e7280000, 0x0000000100000000)
  eden space 230912K, 100% used [0x00000000d7000000,0x00000000e5180000,0x00000000e5180000)
  from space 13312K, 99% used [0x00000000e5700000,0x00000000e63fc730,0x00000000e6400000)
  to   space 14848K, 0% used [0x00000000e6400000,0x00000000e6400000,0x00000000e7280000)
 ParOldGen       total 76288K, used 23751K [0x0000000085000000, 0x0000000089a80000, 0x00000000d7000000)
  object space 76288K, 31% used [0x0000000085000000,0x0000000086731d10,0x0000000089a80000)
 Metaspace       used 45313K, capacity 45786K, committed 46464K, reserved 1089536K
  class space    used 5485K, capacity 5633K, committed 5760K, reserved 1048576K
Event: 20.433 GC heap after
Heap after GC invocations=18 (full 2):
 PSYoungGen      total 248320K, used 5463K [0x00000000d7000000, 0x00000000e9d00000, 0x0000000100000000)
  eden space 233472K, 0% used [0x00000000d7000000,0x00000000d7000000,0x00000000e5400000)
  from space 14848K, 36% used [0x00000000e6400000,0x00000000e6955f78,0x00000000e7280000)
  to   space 16384K, 0% used [0x00000000e5400000,0x00000000e5400000,0x00000000e6400000)
 ParOldGen       total 76288K, used 29179K [0x0000000085000000, 0x0000000089a80000, 0x00000000d7000000)
  object space 76288K, 38% used [0x0000000085000000,0x0000000086c7ec30,0x0000000089a80000)
 Metaspace       used 45313K, capacity 45786K, committed 46464K, reserved 1089536K
  class space    used 5485K, capacity 5633K, committed 5760K, reserved 1048576K
}
Event: 21.418 GC heap before
{Heap before GC invocations=19 (full 2):
 PSYoungGen      total 248320K, used 238935K [0x00000000d7000000, 0x00000000e9d00000, 0x0000000100000000)
  eden space 233472K, 100% used [0x00000000d7000000,0x00000000e5400000,0x00000000e5400000)
  from space 14848K, 36% used [0x00000000e6400000,0x00000000e6955f78,0x00000000e7280000)
  to   space 16384K, 0% used [0x00000000e5400000,0x00000000e5400000,0x00000000e6400000)
 ParOldGen       total 76288K, used 29179K [0x0000000085000000, 0x0000000089a80000, 0x00000000d7000000)
  object space 76288K, 38% used [0x0000000085000000,0x0000000086c7ec30,0x0000000089a80000)
 Metaspace       used 46640K, capacity 47134K, committed 47488K, reserved 1091584K
  class space    used 5607K, capacity 5735K, committed 5760K, reserved 1048576K
Event: 21.438 GC heap after
Heap after GC invocations=19 (full 2):
 PSYoungGen      total 249856K, used 16353K [0x00000000d7000000, 0x00000000e9b00000, 0x0000000100000000)
  eden space 233472K, 0% used [0x00000000d7000000,0x00000000d7000000,0x00000000e5400000)
  from space 16384K, 99% used [0x00000000e5400000,0x00000000e63f8760,0x00000000e6400000)
  to   space 19968K, 0% used [0x00000000e8780000,0x00000000e8780000,0x00000000e9b00000)
 ParOldGen       total 76288K, used 32020K [0x0000000085000000, 0x0000000089a80000, 0x00000000d7000000)
  object space 76288K, 41% used [0x0000000085000000,0x0000000086f450a0,0x0000000089a80000)
 Metaspace       used 46640K, capacity 47134K, committed 47488K, reserved 1091584K
  class space    used 5607K, capacity 5735K, committed 5760K, reserved 1048576K
}
Event: 30.004 GC heap before
{Heap before GC invocations=20 (full 2):
 PSYoungGen      total 249856K, used 249825K [0x00000000d7000000, 0x00000000e9b00000, 0x0000000100000000)
  eden space 233472K, 100% used [0x00000000d7000000,0x00000000e5400000,0x00000000e5400000)
  from space 16384K, 99% used [0x00000000e5400000,0x00000000e63f8760,0x00000000e6400000)
  to   space 19968K, 0% used [0x00000000e8780000,0x00000000e8780000,0x00000000e9b00000)
 ParOldGen       total 76288K, used 32020K [0x0000000085000000, 0x0000000089a80000, 0x00000000d7000000)
  object space 76288K, 41% used [0x0000000085000000,0x0000000086f450a0,0x0000000089a80000)
 Metaspace       used 50226K, capacity 50866K, committed 51328K, reserved 1093632K
  class space    used 6057K, capacity 6193K, committed 6272K, reserved 1048576K
Event: 30.275 GC heap after
Heap after GC invocations=20 (full 2):
 PSYoungGen      total 287232K, used 7904K [0x00000000d7000000, 0x00000000e9f00000, 0x0000000100000000)
  eden space 267264K, 0% used [0x00000000d7000000,0x00000000d7000000,0x00000000e7500000)
  from space 19968K, 39% used [0x00000000e8780000,0x00000000e8f383f8,0x00000000e9b00000)
  to   space 18944K, 0% used [0x00000000e7500000,0x00000000e7500000,0x00000000e8780000)
 ParOldGen       total 76288K, used 37714K [0x0000000085000000, 0x0000000089a80000, 0x00000000d7000000)
  object space 76288K, 49% used [0x0000000085000000,0x00000000874d4b68,0x0000000089a80000)
 Metaspace       used 50226K, capacity 50866K, committed 51328K, reserved 1093632K
  class space    used 6057K, capacity 6193K, committed 6272K, reserved 1048576K
}
Event: 34.539 GC heap before
{Heap before GC invocations=21 (full 2):
 PSYoungGen      total 287232K, used 275168K [0x00000000d7000000, 0x00000000e9f00000, 0x0000000100000000)
  eden space 267264K, 100% used [0x00000000d7000000,0x00000000e7500000,0x00000000e7500000)
  from space 19968K, 39% used [0x00000000e8780000,0x00000000e8f383f8,0x00000000e9b00000)
  to   space 18944K, 0% used [0x00000000e7500000,0x00000000e7500000,0x00000000e8780000)
 ParOldGen       total 76288K, used 37714K [0x0000000085000000, 0x0000000089a80000, 0x00000000d7000000)
  object space 76288K, 49% used [0x0000000085000000,0x00000000874d4b68,0x0000000089a80000)
 Metaspace       used 50388K, capacity 50994K, committed 51328K, reserved 1093632K
  class space    used 6060K, capacity 6193K, committed 6272K, reserved 1048576K

