# JRE version: Java(TM) SE Runtime Environment (8.0_101-b13) (build 1.8.0_101-b13)
# Java VM: Java HotSpot(TM) 64-Bit Server VM (25.101-b13 mixed mode linux-amd64 compressed oops)
Heap:
 PSYoungGen      total 444416K, used 17320K [0x00000000d7000000, 0x00000000f3a80000, 0x0000000100000000)
  eden space 423424K, 0% used [0x00000000d7000000,0x00000000d7000000,0x00000000f0d80000)
  from space 20992K, 82% used [0x00000000f0d80000,0x00000000f1e6a190,0x00000000f2200000)
  to   space 20480K, 0% used [0x00000000f2200000,0x00000000f2200000,0x00000000f3600000)
 ParOldGen       total 67072K, used 31636K [0x0000000085000000, 0x0000000089180000, 0x00000000d7000000)
  object space 67072K, 47% used [0x0000000085000000,0x0000000086ee5010,0x0000000089180000)
 Metaspace       used 53001K, capacity 53816K, committed 54144K, reserved 1097728K
  class space    used 6315K, capacity 6482K, committed 6528K, reserved 1048576K
GC Heap History (10 events):
Event: 5.499 GC heap after
Heap after GC invocations=12 (full 1):
 PSYoungGen      total 211456K, used 0K [0x00000000d7000000, 0x00000000ec100000, 0x0000000100000000)
  eden space 197120K, 0% used [0x00000000d7000000,0x00000000d7000000,0x00000000e3080000)
  from space 14336K, 0% used [0x00000000e3080000,0x00000000e3080000,0x00000000e3e80000)
  to   space 14848K, 0% used [0x00000000eb280000,0x00000000eb280000,0x00000000ec100000)
 ParOldGen       total 45056K, used 6448K [0x0000000085000000, 0x0000000087c00000, 0x00000000d7000000)
  object space 45056K, 14% used [0x0000000085000000,0x000000008564c028,0x0000000087c00000)
 Metaspace       used 20827K, capacity 21086K, committed 21296K, reserved 1069056K
  class space    used 2355K, capacity 2403K, committed 2432K, reserved 1048576K
}
Event: 7.542 GC heap before
{Heap before GC invocations=13 (full 1):
 PSYoungGen      total 211456K, used 169018K [0x00000000d7000000, 0x00000000ec100000, 0x0000000100000000)
  eden space 197120K, 85% used [0x00000000d7000000,0x00000000e150e8a0,0x00000000e3080000)
  from space 14336K, 0% used [0x00000000e3080000,0x00000000e3080000,0x00000000e3e80000)
  to   space 14848K, 0% used [0x00000000eb280000,0x00000000eb280000,0x00000000ec100000)
 ParOldGen       total 45056K, used 6448K [0x0000000085000000, 0x0000000087c00000, 0x00000000d7000000)
  object space 45056K, 14% used [0x0000000085000000,0x000000008564c028,0x0000000087c00000)
 Metaspace       used 34857K, capacity 35178K, committed 35496K, reserved 1081344K
  class space    used 4156K, capacity 4259K, committed 4352K, reserved 1048576K
Event: 7.560 GC heap after
Heap after GC invocations=13 (full 1):
 PSYoungGen      total 314880K, used 13062K [0x00000000d7000000, 0x00000000ebf80000, 0x0000000100000000)
  eden space 301568K, 0% used [0x00000000d7000000,0x00000000d7000000,0x00000000e9680000)
  from space 13312K, 98% used [0x00000000eb280000,0x00000000ebf419d8,0x00000000ebf80000)
  to   space 16384K, 0% used [0x00000000e9f80000,0x00000000e9f80000,0x00000000eaf80000)
 ParOldGen       total 45056K, used 6456K [0x0000000085000000, 0x0000000087c00000, 0x00000000d7000000)
  object space 45056K, 14% used [0x0000000085000000,0x000000008564e028,0x0000000087c00000)
 Metaspace       used 34857K, capacity 35178K, committed 35496K, reserved 1081344K
  class space    used 4156K, capacity 4259K, committed 4352K, reserved 1048576K
}
Event: 7.560 GC heap before
{Heap before GC invocations=14 (full 2):
 PSYoungGen      total 314880K, used 13062K [0x00000000d7000000, 0x00000000ebf80000, 0x0000000100000000)
  eden space 301568K, 0% used [0x00000000d7000000,0x00000000d7000000,0x00000000e9680000)
  from space 13312K, 98% used [0x00000000eb280000,0x00000000ebf419d8,0x00000000ebf80000)
  to   space 16384K, 0% used [0x00000000e9f80000,0x00000000e9f80000,0x00000000eaf80000)
 ParOldGen       total 45056K, used 6456K [0x0000000085000000, 0x0000000087c00000, 0x00000000d7000000)
  object space 45056K, 14% used [0x0000000085000000,0x000000008564e028,0x0000000087c00000)
 Metaspace       used 34857K, capacity 35178K, committed 35496K, reserved 1081344K
  class space    used 4156K, capacity 4259K, committed 4352K, reserved 1048576K
Event: 7.647 GC heap after
Heap after GC invocations=14 (full 2):
 PSYoungGen      total 314880K, used 0K [0x00000000d7000000, 0x00000000ebf80000, 0x0000000100000000)
  eden space 301568K, 0% used [0x00000000d7000000,0x00000000d7000000,0x00000000e9680000)
  from space 13312K, 0% used [0x00000000eb280000,0x00000000eb280000,0x00000000ebf80000)
  to   space 16384K, 0% used [0x00000000e9f80000,0x00000000e9f80000,0x00000000eaf80000)
 ParOldGen       total 67072K, used 18783K [0x0000000085000000, 0x0000000089180000, 0x00000000d7000000)
  object space 67072K, 28% used [0x0000000085000000,0x0000000086257f70,0x0000000089180000)
 Metaspace       used 34857K, capacity 35178K, committed 35496K, reserved 1081344K
  class space    used 4156K, capacity 4259K, committed 4352K, reserved 1048576K
}
Event: 10.573 GC heap before
{Heap before GC invocations=15 (full 2):
 PSYoungGen      total 314880K, used 301568K [0x00000000d7000000, 0x00000000ebf80000, 0x0000000100000000)
  eden space 301568K, 100% used [0x00000000d7000000,0x00000000e9680000,0x00000000e9680000)
  from space 13312K, 0% used [0x00000000eb280000,0x00000000eb280000,0x00000000ebf80000)
  to   space 16384K, 0% used [0x00000000e9f80000,0x00000000e9f80000,0x00000000eaf80000)
 ParOldGen       total 67072K, used 18783K [0x0000000085000000, 0x0000000089180000, 0x00000000d7000000)
  object space 67072K, 28% used [0x0000000085000000,0x0000000086257f70,0x0000000089180000)
 Metaspace       used 41466K, capacity 41884K, committed 42368K, reserved 1087488K
  class space    used 5018K, capacity 5140K, committed 5248K, reserved 1048576K
Event: 10.595 GC heap after
Heap after GC invocations=15 (full 2):
 PSYoungGen      total 327168K, used 16358K [0x00000000d7000000, 0x00000000f3600000, 0x0000000100000000)
  eden space 310784K, 0% used [0x00000000d7000000,0x00000000d7000000,0x00000000e9f80000)
  from space 16384K, 99% used [0x00000000e9f80000,0x00000000eaf79818,0x00000000eaf80000)
  to   space 20480K, 0% used [0x00000000f2200000,0x00000000f2200000,0x00000000f3600000)
 ParOldGen       total 67072K, used 22471K [0x0000000085000000, 0x0000000089180000, 0x00000000d7000000)
  object space 67072K, 33% used [0x0000000085000000,0x00000000865f1cd8,0x0000000089180000)
 Metaspace       used 41466K, capacity 41884K, committed 42368K, reserved 1087488K
  class space    used 5018K, capacity 5140K, committed 5248K, reserved 1048576K
}
Event: 12.836 GC heap before
{Heap before GC invocations=16 (full 2):
 PSYoungGen      total 327168K, used 327142K [0x00000000d7000000, 0x00000000f3600000, 0x0000000100000000)
  eden space 310784K, 100% used [0x00000000d7000000,0x00000000e9f80000,0x00000000e9f80000)
  from space 16384K, 99% used [0x00000000e9f80000,0x00000000eaf79818,0x00000000eaf80000)
  to   space 20480K, 0% used [0x00000000f2200000,0x00000000f2200000,0x00000000f3600000)
 ParOldGen       total 67072K, used 22471K [0x0000000085000000, 0x0000000089180000, 0x00000000d7000000)
  object space 67072K, 33% used [0x0000000085000000,0x00000000865f1cd8,0x0000000089180000)
 Metaspace       used 47968K, capacity 48594K, committed 48768K, reserved 1091584K
  class space    used 5828K, capacity 5985K, committed 6016K, reserved 1048576K
Event: 12.863 GC heap after
Heap after GC invocations=16 (full 2):
 PSYoungGen      total 443904K, used 13048K [0x00000000d7000000, 0x00000000f3a80000, 0x0000000100000000)
  eden space 423424K, 0% used [0x00000000d7000000,0x00000000d7000000,0x00000000f0d80000)
  from space 20480K, 63% used [0x00000000f2200000,0x00000000f2ebe058,0x00000000f3600000)
  to   space 20992K, 0% used [0x00000000f0d80000,0x00000000f0d80000,0x00000000f2200000)
 ParOldGen       total 67072K, used 26797K [0x0000000085000000, 0x0000000089180000, 0x00000000d7000000)
  object space 67072K, 39% used [0x0000000085000000,0x0000000086a2b468,0x0000000089180000)
 Metaspace       used 47968K, capacity 48594K, committed 48768K, reserved 1091584K
  class space    used 5828K, capacity 5985K, committed 6016K, reserved 1048576K
}
Event: 7951.282 GC heap before
{Heap before GC invocations=17 (full 2):
 PSYoungGen      total 443904K, used 436472K [0x00000000d7000000, 0x00000000f3a80000, 0x0000000100000000)
  eden space 423424K, 100% used [0x00000000d7000000,0x00000000f0d80000,0x00000000f0d80000)
  from space 20480K, 63% used [0x00000000f2200000,0x00000000f2ebe058,0x00000000f3600000)
  to   space 20992K, 0% used [0x00000000f0d80000,0x00000000f0d80000,0x00000000f2200000)
 ParOldGen       total 67072K, used 26797K [0x0000000085000000, 0x0000000089180000, 0x00000000d7000000)
  object space 67072K, 39% used [0x0000000085000000,0x0000000086a2b468,0x0000000089180000)
 Metaspace       used 53001K, capacity 53816K, committed 54144K, reserved 1097728K
  class space    used 6315K, capacity 6482K, committed 6528K, reserved 1048576K

