# JRE version: Java(TM) SE Runtime Environment (8.0_101-b13) (build 1.8.0_101-b13)
# Java VM: Java HotSpot(TM) 64-Bit Server VM (25.101-b13 mixed mode linux-amd64 compressed oops)
Heap:
 PSYoungGen      total 542720K, used 1408K [0x00000000d7000000, 0x00000000f9f00000, 0x0000000100000000)
  eden space 518144K, 0% used [0x00000000d7000000,0x00000000d7000000,0x00000000f6a00000)
  from space 24576K, 5% used [0x00000000f6f00000,0x00000000f7060000,0x00000000f8700000)
  to   space 19456K, 0% used [0x00000000f8c00000,0x00000000f8c00000,0x00000000f9f00000)
 ParOldGen       total 79872K, used 26836K [0x0000000085000000, 0x0000000089e00000, 0x00000000d7000000)
  object space 79872K, 33% used [0x0000000085000000,0x0000000086a351c8,0x0000000089e00000)
 Metaspace       used 46126K, capacity 47022K, committed 47360K, reserved 1091584K
  class space    used 5406K, capacity 5574K, committed 5632K, reserved 1048576K
GC Heap History (10 events):
Event: 5.792 GC heap after
Heap after GC invocations=12 (full 1):
 PSYoungGen      total 266752K, used 4751K [0x00000000d7000000, 0x00000000f0180000, 0x0000000100000000)
  eden space 247808K, 0% used [0x00000000d7000000,0x00000000d7000000,0x00000000e6200000)
  from space 18944K, 25% used [0x00000000e6200000,0x00000000e66a3c68,0x00000000e7480000)
  to   space 18944K, 0% used [0x00000000eef00000,0x00000000eef00000,0x00000000f0180000)
 ParOldGen       total 61440K, used 22969K [0x0000000085000000, 0x0000000088c00000, 0x00000000d7000000)
  object space 61440K, 37% used [0x0000000085000000,0x000000008666e468,0x0000000088c00000)
 Metaspace       used 34900K, capacity 35222K, committed 35496K, reserved 1081344K
  class space    used 4160K, capacity 4234K, committed 4352K, reserved 1048576K
}
Event: 5.792 GC heap before
{Heap before GC invocations=13 (full 2):
 PSYoungGen      total 266752K, used 4751K [0x00000000d7000000, 0x00000000f0180000, 0x0000000100000000)
  eden space 247808K, 0% used [0x00000000d7000000,0x00000000d7000000,0x00000000e6200000)
  from space 18944K, 25% used [0x00000000e6200000,0x00000000e66a3c68,0x00000000e7480000)
  to   space 18944K, 0% used [0x00000000eef00000,0x00000000eef00000,0x00000000f0180000)
 ParOldGen       total 61440K, used 22969K [0x0000000085000000, 0x0000000088c00000, 0x00000000d7000000)
  object space 61440K, 37% used [0x0000000085000000,0x000000008666e468,0x0000000088c00000)
 Metaspace       used 34900K, capacity 35222K, committed 35496K, reserved 1081344K
  class space    used 4160K, capacity 4234K, committed 4352K, reserved 1048576K
Event: 5.850 GC heap after
Heap after GC invocations=13 (full 2):
 PSYoungGen      total 266752K, used 0K [0x00000000d7000000, 0x00000000f0180000, 0x0000000100000000)
  eden space 247808K, 0% used [0x00000000d7000000,0x00000000d7000000,0x00000000e6200000)
  from space 18944K, 0% used [0x00000000e6200000,0x00000000e6200000,0x00000000e7480000)
  to   space 18944K, 0% used [0x00000000eef00000,0x00000000eef00000,0x00000000f0180000)
 ParOldGen       total 79872K, used 18149K [0x0000000085000000, 0x0000000089e00000, 0x00000000d7000000)
  object space 79872K, 22% used [0x0000000085000000,0x00000000861b9768,0x0000000089e00000)
 Metaspace       used 34900K, capacity 35222K, committed 35496K, reserved 1081344K
  class space    used 4160K, capacity 4234K, committed 4352K, reserved 1048576K
}
Event: 7.682 GC heap before
{Heap before GC invocations=14 (full 2):
 PSYoungGen      total 266752K, used 247808K [0x00000000d7000000, 0x00000000f0180000, 0x0000000100000000)
  eden space 247808K, 100% used [0x00000000d7000000,0x00000000e6200000,0x00000000e6200000)
  from space 18944K, 0% used [0x00000000e6200000,0x00000000e6200000,0x00000000e7480000)
  to   space 18944K, 0% used [0x00000000eef00000,0x00000000eef00000,0x00000000f0180000)
 ParOldGen       total 79872K, used 18149K [0x0000000085000000, 0x0000000089e00000, 0x00000000d7000000)
  object space 79872K, 22% used [0x0000000085000000,0x00000000861b9768,0x0000000089e00000)
 Metaspace       used 39290K, capacity 39988K, committed 40192K, reserved 1085440K
  class space    used 4715K, capacity 4827K, committed 4864K, reserved 1048576K
Event: 7.695 GC heap after
Heap after GC invocations=14 (full 2):
 PSYoungGen      total 374784K, used 7020K [0x00000000d7000000, 0x00000000ef800000, 0x0000000100000000)
  eden space 365568K, 0% used [0x00000000d7000000,0x00000000d7000000,0x00000000ed500000)
  from space 9216K, 76% used [0x00000000eef00000,0x00000000ef5db010,0x00000000ef800000)
  to   space 17920K, 0% used [0x00000000ed500000,0x00000000ed500000,0x00000000ee680000)
 ParOldGen       total 79872K, used 18157K [0x0000000085000000, 0x0000000089e00000, 0x00000000d7000000)
  object space 79872K, 22% used [0x0000000085000000,0x00000000861bb768,0x0000000089e00000)
 Metaspace       used 39290K, capacity 39988K, committed 40192K, reserved 1085440K
  class space    used 4715K, capacity 4827K, committed 4864K, reserved 1048576K
}
Event: 8.773 GC heap before
{Heap before GC invocations=15 (full 2):
 PSYoungGen      total 374784K, used 372588K [0x00000000d7000000, 0x00000000ef800000, 0x0000000100000000)
  eden space 365568K, 100% used [0x00000000d7000000,0x00000000ed500000,0x00000000ed500000)
  from space 9216K, 76% used [0x00000000eef00000,0x00000000ef5db010,0x00000000ef800000)
  to   space 17920K, 0% used [0x00000000ed500000,0x00000000ed500000,0x00000000ee680000)
 ParOldGen       total 79872K, used 18157K [0x0000000085000000, 0x0000000089e00000, 0x00000000d7000000)
  object space 79872K, 22% used [0x0000000085000000,0x00000000861bb768,0x0000000089e00000)
 Metaspace       used 41094K, capacity 41818K, committed 41984K, reserved 1085440K
  class space    used 4911K, capacity 5052K, committed 5120K, reserved 1048576K
Event: 8.789 GC heap after
Heap after GC invocations=15 (full 2):
 PSYoungGen      total 383488K, used 17913K [0x00000000d7000000, 0x00000000fa180000, 0x0000000100000000)
  eden space 365568K, 0% used [0x00000000d7000000,0x00000000d7000000,0x00000000ed500000)
  from space 17920K, 99% used [0x00000000ed500000,0x00000000ee67e768,0x00000000ee680000)
  to   space 22016K, 0% used [0x00000000f8c00000,0x00000000f8c00000,0x00000000fa180000)
 ParOldGen       total 79872K, used 22042K [0x0000000085000000, 0x0000000089e00000, 0x00000000d7000000)
  object space 79872K, 27% used [0x0000000085000000,0x0000000086586998,0x0000000089e00000)
 Metaspace       used 41094K, capacity 41818K, committed 41984K, reserved 1085440K
  class space    used 4911K, capacity 5052K, committed 5120K, reserved 1048576K
}
Event: 2341.810 GC heap before
{Heap before GC invocations=16 (full 2):
 PSYoungGen      total 383488K, used 383481K [0x00000000d7000000, 0x00000000fa180000, 0x0000000100000000)
  eden space 365568K, 100% used [0x00000000d7000000,0x00000000ed500000,0x00000000ed500000)
  from space 17920K, 99% used [0x00000000ed500000,0x00000000ee67e768,0x00000000ee680000)
  to   space 22016K, 0% used [0x00000000f8c00000,0x00000000f8c00000,0x00000000fa180000)
 ParOldGen       total 79872K, used 22042K [0x0000000085000000, 0x0000000089e00000, 0x00000000d7000000)
  object space 79872K, 27% used [0x0000000085000000,0x0000000086586998,0x0000000089e00000)
 Metaspace       used 44726K, capacity 45548K, committed 45696K, reserved 1089536K
  class space    used 5308K, capacity 5460K, committed 5504K, reserved 1048576K
Event: 2342.791 GC heap after
Heap after GC invocations=16 (full 2):
 PSYoungGen      total 537600K, used 18954K [0x00000000d7000000, 0x00000000f9f00000, 0x0000000100000000)
  eden space 518144K, 0% used [0x00000000d7000000,0x00000000d7000000,0x00000000f6a00000)
  from space 19456K, 97% used [0x00000000f8c00000,0x00000000f9e82958,0x00000000f9f00000)
  to   space 24576K, 0% used [0x00000000f6f00000,0x00000000f6f00000,0x00000000f8700000)
 ParOldGen       total 79872K, used 23798K [0x0000000085000000, 0x0000000089e00000, 0x00000000d7000000)
  object space 79872K, 29% used [0x0000000085000000,0x000000008673d9d8,0x0000000089e00000)
 Metaspace       used 44726K, capacity 45548K, committed 45696K, reserved 1089536K
  class space    used 5308K, capacity 5460K, committed 5504K, reserved 1048576K
}
Event: 60726.065 GC heap before
{Heap before GC invocations=17 (full 2):
 PSYoungGen      total 537600K, used 537098K [0x00000000d7000000, 0x00000000f9f00000, 0x0000000100000000)
  eden space 518144K, 100% used [0x00000000d7000000,0x00000000f6a00000,0x00000000f6a00000)
  from space 19456K, 97% used [0x00000000f8c00000,0x00000000f9e82958,0x00000000f9f00000)
  to   space 24576K, 0% used [0x00000000f6f00000,0x00000000f6f00000,0x00000000f8700000)
 ParOldGen       total 79872K, used 23798K [0x0000000085000000, 0x0000000089e00000, 0x00000000d7000000)
  object space 79872K, 29% used [0x0000000085000000,0x000000008673d9d8,0x0000000089e00000)
 Metaspace       used 46126K, capacity 47022K, committed 47360K, reserved 1091584K
  class space    used 5406K, capacity 5574K, committed 5632K, reserved 1048576K

