# JRE version: Java(TM) SE Runtime Environment (8.0_101-b13) (build 1.8.0_101-b13)
# Java VM: Java HotSpot(TM) 64-Bit Server VM (25.101-b13 mixed mode linux-amd64 compressed oops)
Heap:
 PSYoungGen      total 539648K, used 273729K [0x00000000d7000000, 0x0000000100000000, 0x0000000100000000)
  eden space 515072K, 50% used [0x00000000d7000000,0x00000000e6ca3288,0x00000000f6700000)
  from space 24576K, 61% used [0x00000000f6700000,0x00000000f75ad418,0x00000000f7f00000)
  to   space 25088K, 0% used [0x00000000fe780000,0x00000000fe780000,0x0000000100000000)
 ParOldGen       total 74752K, used 37814K [0x0000000085000000, 0x0000000089900000, 0x00000000d7000000)
  object space 74752K, 50% used [0x0000000085000000,0x00000000874ed9b8,0x0000000089900000)
 Metaspace       used 56377K, capacity 57520K, committed 57768K, reserved 1099776K
  class space    used 6604K, capacity 6820K, committed 6824K, reserved 1048576K
GC Heap History (10 events):
Event: 7.258 GC heap before
{Heap before GC invocations=11 (full 1):
 PSYoungGen      total 261632K, used 193212K [0x00000000d7000000, 0x00000000efc80000, 0x0000000100000000)
  eden space 250880K, 72% used [0x00000000d7000000,0x00000000e2231fe8,0x00000000e6500000)
  from space 10752K, 99% used [0x00000000e6500000,0x00000000e6f7d378,0x00000000e6f80000)
  to   space 17408K, 0% used [0x00000000eeb80000,0x00000000eeb80000,0x00000000efc80000)
 ParOldGen       total 47104K, used 18959K [0x0000000085000000, 0x0000000087e00000, 0x00000000d7000000)
  object space 47104K, 40% used [0x0000000085000000,0x0000000086283c78,0x0000000087e00000)
 Metaspace       used 34814K, capacity 35146K, committed 35496K, reserved 1081344K
  class space    used 4122K, capacity 4227K, committed 4264K, reserved 1048576K
Event: 7.367 GC heap after
Heap after GC invocations=11 (full 1):
 PSYoungGen      total 387072K, used 13606K [0x00000000d7000000, 0x00000000f0500000, 0x0000000100000000)
  eden space 369664K, 0% used [0x00000000d7000000,0x00000000d7000000,0x00000000ed900000)
  from space 17408K, 78% used [0x00000000eeb80000,0x00000000ef8c9988,0x00000000efc80000)
  to   space 18944K, 0% used [0x00000000ed900000,0x00000000ed900000,0x00000000eeb80000)
 ParOldGen       total 47104K, used 18967K [0x0000000085000000, 0x0000000087e00000, 0x00000000d7000000)
  object space 47104K, 40% used [0x0000000085000000,0x0000000086285c78,0x0000000087e00000)
 Metaspace       used 34814K, capacity 35146K, committed 35496K, reserved 1081344K
  class space    used 4122K, capacity 4227K, committed 4264K, reserved 1048576K
}
Event: 7.368 GC heap before
{Heap before GC invocations=12 (full 2):
 PSYoungGen      total 387072K, used 13606K [0x00000000d7000000, 0x00000000f0500000, 0x0000000100000000)
  eden space 369664K, 0% used [0x00000000d7000000,0x00000000d7000000,0x00000000ed900000)
  from space 17408K, 78% used [0x00000000eeb80000,0x00000000ef8c9988,0x00000000efc80000)
  to   space 18944K, 0% used [0x00000000ed900000,0x00000000ed900000,0x00000000eeb80000)
 ParOldGen       total 47104K, used 18967K [0x0000000085000000, 0x0000000087e00000, 0x00000000d7000000)
  object space 47104K, 40% used [0x0000000085000000,0x0000000086285c78,0x0000000087e00000)
 Metaspace       used 34814K, capacity 35146K, committed 35496K, reserved 1081344K
  class space    used 4122K, capacity 4227K, committed 4264K, reserved 1048576K
Event: 7.415 GC heap after
Heap after GC invocations=12 (full 2):
 PSYoungGen      total 387072K, used 0K [0x00000000d7000000, 0x00000000f0500000, 0x0000000100000000)
  eden space 369664K, 0% used [0x00000000d7000000,0x00000000d7000000,0x00000000ed900000)
  from space 17408K, 0% used [0x00000000eeb80000,0x00000000eeb80000,0x00000000efc80000)
  to   space 18944K, 0% used [0x00000000ed900000,0x00000000ed900000,0x00000000eeb80000)
 ParOldGen       total 74752K, used 18787K [0x0000000085000000, 0x0000000089900000, 0x00000000d7000000)
  object space 74752K, 25% used [0x0000000085000000,0x0000000086258c58,0x0000000089900000)
 Metaspace       used 34814K, capacity 35146K, committed 35496K, reserved 1081344K
  class space    used 4122K, capacity 4227K, committed 4264K, reserved 1048576K
}
Event: 10.303 GC heap before
{Heap before GC invocations=13 (full 2):
 PSYoungGen      total 387072K, used 369664K [0x00000000d7000000, 0x00000000f0500000, 0x0000000100000000)
  eden space 369664K, 100% used [0x00000000d7000000,0x00000000ed900000,0x00000000ed900000)
  from space 17408K, 0% used [0x00000000eeb80000,0x00000000eeb80000,0x00000000efc80000)
  to   space 18944K, 0% used [0x00000000ed900000,0x00000000ed900000,0x00000000eeb80000)
 ParOldGen       total 74752K, used 18787K [0x0000000085000000, 0x0000000089900000, 0x00000000d7000000)
  object space 74752K, 25% used [0x0000000085000000,0x0000000086258c58,0x0000000089900000)
 Metaspace       used 42332K, capacity 42690K, committed 43432K, reserved 1087488K
  class space    used 5060K, capacity 5173K, committed 5288K, reserved 1048576K
Event: 10.331 GC heap after
Heap after GC invocations=13 (full 2):
 PSYoungGen      total 388608K, used 18933K [0x00000000d7000000, 0x00000000f9d00000, 0x0000000100000000)
  eden space 369664K, 0% used [0x00000000d7000000,0x00000000d7000000,0x00000000ed900000)
  from space 18944K, 99% used [0x00000000ed900000,0x00000000eeb7d698,0x00000000eeb80000)
  to   space 23552K, 0% used [0x00000000f8600000,0x00000000f8600000,0x00000000f9d00000)
 ParOldGen       total 74752K, used 23438K [0x0000000085000000, 0x0000000089900000, 0x00000000d7000000)
  object space 74752K, 31% used [0x0000000085000000,0x00000000866e3960,0x0000000089900000)
 Metaspace       used 42332K, capacity 42690K, committed 43432K, reserved 1087488K
  class space    used 5060K, capacity 5173K, committed 5288K, reserved 1048576K
}
Event: 12.421 GC heap before
{Heap before GC invocations=14 (full 2):
 PSYoungGen      total 388608K, used 388597K [0x00000000d7000000, 0x00000000f9d00000, 0x0000000100000000)
  eden space 369664K, 100% used [0x00000000d7000000,0x00000000ed900000,0x00000000ed900000)
  from space 18944K, 99% used [0x00000000ed900000,0x00000000eeb7d698,0x00000000eeb80000)
  to   space 23552K, 0% used [0x00000000f8600000,0x00000000f8600000,0x00000000f9d00000)
 ParOldGen       total 74752K, used 23438K [0x0000000085000000, 0x0000000089900000, 0x00000000d7000000)
  object space 74752K, 31% used [0x0000000085000000,0x00000000866e3960,0x0000000089900000)
 Metaspace       used 48946K, capacity 49578K, committed 50216K, reserved 1093632K
  class space    used 5911K, capacity 6069K, committed 6184K, reserved 1048576K
Event: 12.443 GC heap after
Heap after GC invocations=14 (full 2):
 PSYoungGen      total 532480K, used 15164K [0x00000000d7000000, 0x00000000f9700000, 0x0000000100000000)
  eden space 515072K, 0% used [0x00000000d7000000,0x00000000d7000000,0x00000000f6700000)
  from space 17408K, 87% used [0x00000000f8600000,0x00000000f94cf3a8,0x00000000f9700000)
  to   space 24576K, 0% used [0x00000000f6700000,0x00000000f6700000,0x00000000f7f00000)
 ParOldGen       total 74752K, used 30855K [0x0000000085000000, 0x0000000089900000, 0x00000000d7000000)
  object space 74752K, 41% used [0x0000000085000000,0x0000000086e21f48,0x0000000089900000)
 Metaspace       used 48946K, capacity 49578K, committed 50216K, reserved 1093632K
  class space    used 5911K, capacity 6069K, committed 6184K, reserved 1048576K
}
Event: 14.262 GC heap before
{Heap before GC invocations=15 (full 2):
 PSYoungGen      total 532480K, used 530236K [0x00000000d7000000, 0x00000000f9700000, 0x0000000100000000)
  eden space 515072K, 100% used [0x00000000d7000000,0x00000000f6700000,0x00000000f6700000)
  from space 17408K, 87% used [0x00000000f8600000,0x00000000f94cf3a8,0x00000000f9700000)
  to   space 24576K, 0% used [0x00000000f6700000,0x00000000f6700000,0x00000000f7f00000)
 ParOldGen       total 74752K, used 30855K [0x0000000085000000, 0x0000000089900000, 0x00000000d7000000)
  object space 74752K, 41% used [0x0000000085000000,0x0000000086e21f48,0x0000000089900000)
 Metaspace       used 50954K, capacity 51604K, committed 52136K, reserved 1095680K
  class space    used 6052K, capacity 6188K, committed 6312K, reserved 1048576K
Event: 14.276 GC heap after
Heap after GC invocations=15 (full 2):
 PSYoungGen      total 539648K, used 15029K [0x00000000d7000000, 0x0000000100000000, 0x0000000100000000)
  eden space 515072K, 0% used [0x00000000d7000000,0x00000000d7000000,0x00000000f6700000)
  from space 24576K, 61% used [0x00000000f6700000,0x00000000f75ad418,0x00000000f7f00000)
  to   space 25088K, 0% used [0x00000000fe780000,0x00000000fe780000,0x0000000100000000)
 ParOldGen       total 74752K, used 37814K [0x0000000085000000, 0x0000000089900000, 0x00000000d7000000)
  object space 74752K, 50% used [0x0000000085000000,0x00000000874ed9b8,0x0000000089900000)
 Metaspace       used 50954K, capacity 51604K, committed 52136K, reserved 1095680K
  class space    used 6052K, capacity 6188K, committed 6312K, reserved 1048576K
}

