# JRE version: Java(TM) SE Runtime Environment (8.0_101-b13) (build 1.8.0_101-b13)
# Java VM: Java HotSpot(TM) 64-Bit Server VM (25.101-b13 mixed mode linux-amd64 compressed oops)
Heap:
 PSYoungGen      total 444416K, used 16879K [0x00000000d7000000, 0x00000000f3480000, 0x0000000100000000)
  eden space 427520K, 0% used [0x00000000d7000000,0x00000000d7000000,0x00000000f1180000)
  from space 16896K, 99% used [0x00000000f1380000,0x00000000f23fbee0,0x00000000f2400000)
  to   space 12288K, 0% used [0x00000000f2880000,0x00000000f2880000,0x00000000f3480000)
 ParOldGen       total 56320K, used 19308K [0x0000000085000000, 0x0000000088700000, 0x00000000d7000000)
  object space 56320K, 34% used [0x0000000085000000,0x00000000862db230,0x0000000088700000)
 Metaspace       used 33952K, capacity 34674K, committed 34944K, reserved 1079296K
  class space    used 4264K, capacity 4394K, committed 4480K, reserved 1048576K
GC Heap History (10 events):
Event: 2.951 GC heap after
Heap after GC invocations=5 (full 0):
 PSYoungGen      total 132096K, used 5106K [0x00000000d7000000, 0x00000000e8000000, 0x0000000100000000)
  eden space 126976K, 0% used [0x00000000d7000000,0x00000000d7000000,0x00000000dec00000)
  from space 5120K, 99% used [0x00000000dec00000,0x00000000df0fc9a0,0x00000000df100000)
  to   space 12288K, 0% used [0x00000000e7400000,0x00000000e7400000,0x00000000e8000000)
 ParOldGen       total 84992K, used 11708K [0x0000000085000000, 0x000000008a300000, 0x00000000d7000000)
  object space 84992K, 13% used [0x0000000085000000,0x0000000085b6f040,0x000000008a300000)
 Metaspace       used 20714K, capacity 21104K, committed 21248K, reserved 1067008K
  class space    used 2653K, capacity 2771K, committed 2816K, reserved 1048576K
}
Event: 3.007 GC heap before
{Heap before GC invocations=6 (full 0):
 PSYoungGen      total 132096K, used 27464K [0x00000000d7000000, 0x00000000e8000000, 0x0000000100000000)
  eden space 126976K, 17% used [0x00000000d7000000,0x00000000d85d59f8,0x00000000dec00000)
  from space 5120K, 99% used [0x00000000dec00000,0x00000000df0fc9a0,0x00000000df100000)
  to   space 12288K, 0% used [0x00000000e7400000,0x00000000e7400000,0x00000000e8000000)
 ParOldGen       total 84992K, used 11708K [0x0000000085000000, 0x000000008a300000, 0x00000000d7000000)
  object space 84992K, 13% used [0x0000000085000000,0x0000000085b6f040,0x000000008a300000)
 Metaspace       used 20811K, capacity 21174K, committed 21248K, reserved 1067008K
  class space    used 2668K, capacity 2772K, committed 2816K, reserved 1048576K
Event: 3.020 GC heap after
Heap after GC invocations=6 (full 0):
 PSYoungGen      total 265216K, used 6089K [0x00000000d7000000, 0x00000000e7f00000, 0x0000000100000000)
  eden space 253952K, 0% used [0x00000000d7000000,0x00000000d7000000,0x00000000e6800000)
  from space 11264K, 54% used [0x00000000e7400000,0x00000000e79f2430,0x00000000e7f00000)
  to   space 11776K, 0% used [0x00000000e6800000,0x00000000e6800000,0x00000000e7380000)
 ParOldGen       total 84992K, used 11716K [0x0000000085000000, 0x000000008a300000, 0x00000000d7000000)
  object space 84992K, 13% used [0x0000000085000000,0x0000000085b71040,0x000000008a300000)
 Metaspace       used 20811K, capacity 21174K, committed 21248K, reserved 1067008K
  class space    used 2668K, capacity 2772K, committed 2816K, reserved 1048576K
}
Event: 3.020 GC heap before
{Heap before GC invocations=7 (full 1):
 PSYoungGen      total 265216K, used 6089K [0x00000000d7000000, 0x00000000e7f00000, 0x0000000100000000)
  eden space 253952K, 0% used [0x00000000d7000000,0x00000000d7000000,0x00000000e6800000)
  from space 11264K, 54% used [0x00000000e7400000,0x00000000e79f2430,0x00000000e7f00000)
  to   space 11776K, 0% used [0x00000000e6800000,0x00000000e6800000,0x00000000e7380000)
 ParOldGen       total 84992K, used 11716K [0x0000000085000000, 0x000000008a300000, 0x00000000d7000000)
  object space 84992K, 13% used [0x0000000085000000,0x0000000085b71040,0x000000008a300000)
 Metaspace       used 20811K, capacity 21174K, committed 21248K, reserved 1067008K
  class space    used 2668K, capacity 2772K, committed 2816K, reserved 1048576K
Event: 3.083 GC heap after
Heap after GC invocations=7 (full 1):
 PSYoungGen      total 265216K, used 0K [0x00000000d7000000, 0x00000000e7f00000, 0x0000000100000000)
  eden space 253952K, 0% used [0x00000000d7000000,0x00000000d7000000,0x00000000e6800000)
  from space 11264K, 0% used [0x00000000e7400000,0x00000000e7400000,0x00000000e7f00000)
  to   space 11776K, 0% used [0x00000000e6800000,0x00000000e6800000,0x00000000e7380000)
 ParOldGen       total 56320K, used 10693K [0x0000000085000000, 0x0000000088700000, 0x00000000d7000000)
  object space 56320K, 18% used [0x0000000085000000,0x0000000085a716a0,0x0000000088700000)
 Metaspace       used 20811K, capacity 21174K, committed 21248K, reserved 1067008K
  class space    used 2668K, capacity 2772K, committed 2816K, reserved 1048576K
}
Event: 4.075 GC heap before
{Heap before GC invocations=8 (full 1):
 PSYoungGen      total 265216K, used 253952K [0x00000000d7000000, 0x00000000e7f00000, 0x0000000100000000)
  eden space 253952K, 100% used [0x00000000d7000000,0x00000000e6800000,0x00000000e6800000)
  from space 11264K, 0% used [0x00000000e7400000,0x00000000e7400000,0x00000000e7f00000)
  to   space 11776K, 0% used [0x00000000e6800000,0x00000000e6800000,0x00000000e7380000)
 ParOldGen       total 56320K, used 10693K [0x0000000085000000, 0x0000000088700000, 0x00000000d7000000)
  object space 56320K, 18% used [0x0000000085000000,0x0000000085a716a0,0x0000000088700000)
 Metaspace       used 28078K, capacity 28520K, committed 28800K, reserved 1075200K
  class space    used 3502K, capacity 3623K, committed 3712K, reserved 1048576K
Event: 4.087 GC heap after
Heap after GC invocations=8 (full 1):
 PSYoungGen      total 265728K, used 9490K [0x00000000d7000000, 0x00000000f3480000, 0x0000000100000000)
  eden space 253952K, 0% used [0x00000000d7000000,0x00000000d7000000,0x00000000e6800000)
  from space 11776K, 80% used [0x00000000e6800000,0x00000000e7144ae8,0x00000000e7380000)
  to   space 12288K, 0% used [0x00000000f2880000,0x00000000f2880000,0x00000000f3480000)
 ParOldGen       total 56320K, used 10701K [0x0000000085000000, 0x0000000088700000, 0x00000000d7000000)
  object space 56320K, 19% used [0x0000000085000000,0x0000000085a736a0,0x0000000088700000)
 Metaspace       used 28078K, capacity 28520K, committed 28800K, reserved 1075200K
  class space    used 3502K, capacity 3623K, committed 3712K, reserved 1048576K
}
Event: 4.984 GC heap before
{Heap before GC invocations=9 (full 1):
 PSYoungGen      total 265728K, used 263442K [0x00000000d7000000, 0x00000000f3480000, 0x0000000100000000)
  eden space 253952K, 100% used [0x00000000d7000000,0x00000000e6800000,0x00000000e6800000)
  from space 11776K, 80% used [0x00000000e6800000,0x00000000e7144ae8,0x00000000e7380000)
  to   space 12288K, 0% used [0x00000000f2880000,0x00000000f2880000,0x00000000f3480000)
 ParOldGen       total 56320K, used 10701K [0x0000000085000000, 0x0000000088700000, 0x00000000d7000000)
  object space 56320K, 19% used [0x0000000085000000,0x0000000085a736a0,0x0000000088700000)
 Metaspace       used 30411K, capacity 30846K, committed 31104K, reserved 1077248K
  class space    used 3755K, capacity 3856K, committed 3968K, reserved 1048576K
Event: 4.996 GC heap after
Heap after GC invocations=9 (full 1):
 PSYoungGen      total 439808K, used 12270K [0x00000000d7000000, 0x00000000f3480000, 0x0000000100000000)
  eden space 427520K, 0% used [0x00000000d7000000,0x00000000d7000000,0x00000000f1180000)
  from space 12288K, 99% used [0x00000000f2880000,0x00000000f347b890,0x00000000f3480000)
  to   space 16896K, 0% used [0x00000000f1380000,0x00000000f1380000,0x00000000f2400000)
 ParOldGen       total 56320K, used 16737K [0x0000000085000000, 0x0000000088700000, 0x00000000d7000000)
  object space 56320K, 29% used [0x0000000085000000,0x0000000086058450,0x0000000088700000)
 Metaspace       used 30411K, capacity 30846K, committed 31104K, reserved 1077248K
  class space    used 3755K, capacity 3856K, committed 3968K, reserved 1048576K
}
Event: 6.743 GC heap before
{Heap before GC invocations=10 (full 1):
 PSYoungGen      total 439808K, used 439790K [0x00000000d7000000, 0x00000000f3480000, 0x0000000100000000)
  eden space 427520K, 100% used [0x00000000d7000000,0x00000000f1180000,0x00000000f1180000)
  from space 12288K, 99% used [0x00000000f2880000,0x00000000f347b890,0x00000000f3480000)
  to   space 16896K, 0% used [0x00000000f1380000,0x00000000f1380000,0x00000000f2400000)
 ParOldGen       total 56320K, used 16737K [0x0000000085000000, 0x0000000088700000, 0x00000000d7000000)
  object space 56320K, 29% used [0x0000000085000000,0x0000000086058450,0x0000000088700000)
 Metaspace       used 33952K, capacity 34674K, committed 34944K, reserved 1079296K
  class space    used 4264K, capacity 4394K, committed 4480K, reserved 1048576K

