# JRE version: Java(TM) SE Runtime Environment (8.0_101-b13) (build 1.8.0_101-b13)
# Java VM: Java HotSpot(TM) 64-Bit Server VM (25.101-b13 mixed mode linux-amd64 compressed oops)
Heap:
 PSYoungGen      total 339456K, used 0K [0x00000000eab00000, 0x0000000100000000, 0x0000000100000000)
  eden space 329728K, 0% used [0x00000000eab00000,0x00000000eab00000,0x00000000fed00000)
  from space 9728K, 0% used [0x00000000fed00000,0x00000000fed00000,0x00000000ff680000)
  to   space 9728K, 0% used [0x00000000ff680000,0x00000000ff680000,0x0000000100000000)
 ParOldGen       total 494080K, used 379525K [0x00000000c0000000, 0x00000000de280000, 0x00000000eab00000)
  object space 494080K, 76% used [0x00000000c0000000,0x00000000d72a15b0,0x00000000de280000)
 Metaspace       used 73965K, capacity 86356K, committed 87040K, reserved 1122304K
  class space    used 9729K, capacity 13865K, committed 14080K, reserved 1048576K
GC Heap History (10 events):
Event: 2970.322 GC heap after
Heap after GC invocations=230 (full 9):
 PSYoungGen      total 339456K, used 5120K [0x00000000eab00000, 0x0000000100000000, 0x0000000100000000)
  eden space 329728K, 0% used [0x00000000eab00000,0x00000000eab00000,0x00000000fed00000)
  from space 9728K, 52% used [0x00000000fed00000,0x00000000ff200000,0x00000000ff680000)
  to   space 9728K, 0% used [0x00000000ff680000,0x00000000ff680000,0x0000000100000000)
 ParOldGen       total 494080K, used 468496K [0x00000000c0000000, 0x00000000de280000, 0x00000000eab00000)
  object space 494080K, 94% used [0x00000000c0000000,0x00000000dc984320,0x00000000de280000)
 Metaspace       used 73962K, capacity 86356K, committed 87040K, reserved 1122304K
  class space    used 9729K, capacity 13865K, committed 14080K, reserved 1048576K
}
Event: 2975.274 GC heap before
{Heap before GC invocations=231 (full 9):
 PSYoungGen      total 339456K, used 334848K [0x00000000eab00000, 0x0000000100000000, 0x0000000100000000)
  eden space 329728K, 100% used [0x00000000eab00000,0x00000000fed00000,0x00000000fed00000)
  from space 9728K, 52% used [0x00000000fed00000,0x00000000ff200000,0x00000000ff680000)
  to   space 9728K, 0% used [0x00000000ff680000,0x00000000ff680000,0x0000000100000000)
 ParOldGen       total 494080K, used 468496K [0x00000000c0000000, 0x00000000de280000, 0x00000000eab00000)
  object space 494080K, 94% used [0x00000000c0000000,0x00000000dc984320,0x00000000de280000)
 Metaspace       used 73962K, capacity 86356K, committed 87040K, reserved 1122304K
  class space    used 9729K, capacity 13865K, committed 14080K, reserved 1048576K
Event: 2975.290 GC heap after
Heap after GC invocations=231 (full 9):
 PSYoungGen      total 339456K, used 7232K [0x00000000eab00000, 0x0000000100000000, 0x0000000100000000)
  eden space 329728K, 0% used [0x00000000eab00000,0x00000000eab00000,0x00000000fed00000)
  from space 9728K, 74% used [0x00000000ff680000,0x00000000ffd90000,0x0000000100000000)
  to   space 9728K, 0% used [0x00000000fed00000,0x00000000fed00000,0x00000000ff680000)
 ParOldGen       total 494080K, used 473060K [0x00000000c0000000, 0x00000000de280000, 0x00000000eab00000)
  object space 494080K, 95% used [0x00000000c0000000,0x00000000dcdf9370,0x00000000de280000)
 Metaspace       used 73962K, capacity 86356K, committed 87040K, reserved 1122304K
  class space    used 9729K, capacity 13865K, committed 14080K, reserved 1048576K
}
Event: 2976.293 GC heap before
{Heap before GC invocations=232 (full 9):
 PSYoungGen      total 339456K, used 336960K [0x00000000eab00000, 0x0000000100000000, 0x0000000100000000)
  eden space 329728K, 100% used [0x00000000eab00000,0x00000000fed00000,0x00000000fed00000)
  from space 9728K, 74% used [0x00000000ff680000,0x00000000ffd90000,0x0000000100000000)
  to   space 9728K, 0% used [0x00000000fed00000,0x00000000fed00000,0x00000000ff680000)
 ParOldGen       total 494080K, used 473060K [0x00000000c0000000, 0x00000000de280000, 0x00000000eab00000)
  object space 494080K, 95% used [0x00000000c0000000,0x00000000dcdf9370,0x00000000de280000)
 Metaspace       used 73962K, capacity 86356K, committed 87040K, reserved 1122304K
  class space    used 9729K, capacity 13865K, committed 14080K, reserved 1048576K
Event: 2976.334 GC heap after
Heap after GC invocations=232 (full 9):
 PSYoungGen      total 339456K, used 7744K [0x00000000eab00000, 0x0000000100000000, 0x0000000100000000)
  eden space 329728K, 0% used [0x00000000eab00000,0x00000000eab00000,0x00000000fed00000)
  from space 9728K, 79% used [0x00000000fed00000,0x00000000ff490000,0x00000000ff680000)
  to   space 9728K, 0% used [0x00000000ff680000,0x00000000ff680000,0x0000000100000000)
 ParOldGen       total 494080K, used 479496K [0x00000000c0000000, 0x00000000de280000, 0x00000000eab00000)
  object space 494080K, 97% used [0x00000000c0000000,0x00000000dd4423e0,0x00000000de280000)
 Metaspace       used 73962K, capacity 86356K, committed 87040K, reserved 1122304K
  class space    used 9729K, capacity 13865K, committed 14080K, reserved 1048576K
}
Event: 2979.001 GC heap before
{Heap before GC invocations=233 (full 9):
 PSYoungGen      total 339456K, used 337472K [0x00000000eab00000, 0x0000000100000000, 0x0000000100000000)
  eden space 329728K, 100% used [0x00000000eab00000,0x00000000fed00000,0x00000000fed00000)
  from space 9728K, 79% used [0x00000000fed00000,0x00000000ff490000,0x00000000ff680000)
  to   space 9728K, 0% used [0x00000000ff680000,0x00000000ff680000,0x0000000100000000)
 ParOldGen       total 494080K, used 479496K [0x00000000c0000000, 0x00000000de280000, 0x00000000eab00000)
  object space 494080K, 97% used [0x00000000c0000000,0x00000000dd4423e0,0x00000000de280000)
 Metaspace       used 73962K, capacity 86356K, committed 87040K, reserved 1122304K
  class space    used 9729K, capacity 13865K, committed 14080K, reserved 1048576K
Event: 2979.031 GC heap after
Heap after GC invocations=233 (full 9):
 PSYoungGen      total 339456K, used 5024K [0x00000000eab00000, 0x0000000100000000, 0x0000000100000000)
  eden space 329728K, 0% used [0x00000000eab00000,0x00000000eab00000,0x00000000fed00000)
  from space 9728K, 51% used [0x00000000ff680000,0x00000000ffb68000,0x0000000100000000)
  to   space 9728K, 0% used [0x00000000fed00000,0x00000000fed00000,0x00000000ff680000)
 ParOldGen       total 494080K, used 485356K [0x00000000c0000000, 0x00000000de280000, 0x00000000eab00000)
  object space 494080K, 98% used [0x00000000c0000000,0x00000000dd9fb3f0,0x00000000de280000)
 Metaspace       used 73962K, capacity 86356K, committed 87040K, reserved 1122304K
  class space    used 9729K, capacity 13865K, committed 14080K, reserved 1048576K
}
Event: 3033.420 GC heap before
{Heap before GC invocations=234 (full 9):
 PSYoungGen      total 339456K, used 334752K [0x00000000eab00000, 0x0000000100000000, 0x0000000100000000)
  eden space 329728K, 100% used [0x00000000eab00000,0x00000000fed00000,0x00000000fed00000)
  from space 9728K, 51% used [0x00000000ff680000,0x00000000ffb68000,0x0000000100000000)
  to   space 9728K, 0% used [0x00000000fed00000,0x00000000fed00000,0x00000000ff680000)
 ParOldGen       total 494080K, used 485356K [0x00000000c0000000, 0x00000000de280000, 0x00000000eab00000)
  object space 494080K, 98% used [0x00000000c0000000,0x00000000dd9fb3f0,0x00000000de280000)
 Metaspace       used 73965K, capacity 86356K, committed 87040K, reserved 1122304K
  class space    used 9729K, capacity 13865K, committed 14080K, reserved 1048576K
Event: 3034.159 GC heap after
Heap after GC invocations=234 (full 9):
 PSYoungGen      total 339456K, used 6304K [0x00000000eab00000, 0x0000000100000000, 0x0000000100000000)
  eden space 329728K, 0% used [0x00000000eab00000,0x00000000eab00000,0x00000000fed00000)
  from space 9728K, 64% used [0x00000000fed00000,0x00000000ff328000,0x00000000ff680000)
  to   space 9728K, 0% used [0x00000000ff680000,0x00000000ff680000,0x0000000100000000)
 ParOldGen       total 494080K, used 489025K [0x00000000c0000000, 0x00000000de280000, 0x00000000eab00000)
  object space 494080K, 98% used [0x00000000c0000000,0x00000000ddd90460,0x00000000de280000)
 Metaspace       used 73965K, capacity 86356K, committed 87040K, reserved 1122304K
  class space    used 9729K, capacity 13865K, committed 14080K, reserved 1048576K
}
Event: 3034.163 GC heap before
{Heap before GC invocations=235 (full 10):
 PSYoungGen      total 339456K, used 6304K [0x00000000eab00000, 0x0000000100000000, 0x0000000100000000)
  eden space 329728K, 0% used [0x00000000eab00000,0x00000000eab00000,0x00000000fed00000)
  from space 9728K, 64% used [0x00000000fed00000,0x00000000ff328000,0x00000000ff680000)
  to   space 9728K, 0% used [0x00000000ff680000,0x00000000ff680000,0x0000000100000000)
 ParOldGen       total 494080K, used 489025K [0x00000000c0000000, 0x00000000de280000, 0x00000000eab00000)
  object space 494080K, 98% used [0x00000000c0000000,0x00000000ddd90460,0x00000000de280000)
 Metaspace       used 73965K, capacity 86356K, committed 87040K, reserved 1122304K
  class space    used 9729K, capacity 13865K, committed 14080K, reserved 1048576K

