# JRE version: Java(TM) SE Runtime Environment (8.0_101-b13) (build 1.8.0_101-b13)
# Java VM: Java HotSpot(TM) 64-Bit Server VM (25.101-b13 mixed mode linux-amd64 compressed oops)
Heap:
 PSYoungGen      total 517120K, used 14362K [0x00000000d7000000, 0x00000000f8a80000, 0x0000000100000000)
  eden space 494592K, 0% used [0x00000000d7000000,0x00000000d7000000,0x00000000f5300000)
  from space 22528K, 63% used [0x00000000f5300000,0x00000000f6106a10,0x00000000f6900000)
  to   space 22528K, 0% used [0x00000000f6900000,0x00000000f6900000,0x00000000f7f00000)
 ParOldGen       total 74752K, used 34916K [0x0000000085000000, 0x0000000089900000, 0x00000000d7000000)
  object space 74752K, 46% used [0x0000000085000000,0x0000000087219148,0x0000000089900000)
 Metaspace       used 49940K, capacity 50790K, committed 51072K, reserved 1093632K
  class space    used 6064K, capacity 6223K, committed 6272K, reserved 1048576K
GC Heap History (10 events):
Event: 5.167 GC heap after
Heap after GC invocations=10 (full 1):
 PSYoungGen      total 262144K, used 0K [0x00000000d7000000, 0x00000000f1300000, 0x0000000100000000)
  eden space 246784K, 0% used [0x00000000d7000000,0x00000000d7000000,0x00000000e6100000)
  from space 15360K, 0% used [0x00000000e6100000,0x00000000e6100000,0x00000000e7000000)
  to   space 16896K, 0% used [0x00000000f0280000,0x00000000f0280000,0x00000000f1300000)
 ParOldGen       total 57856K, used 16778K [0x0000000085000000, 0x0000000088880000, 0x00000000d7000000)
  object space 57856K, 29% used [0x0000000085000000,0x0000000086062bc0,0x0000000088880000)
 Metaspace       used 20927K, capacity 21156K, committed 21296K, reserved 1069056K
  class space    used 2356K, capacity 2404K, committed 2432K, reserved 1048576K
}
Event: 7.238 GC heap before
{Heap before GC invocations=11 (full 1):
 PSYoungGen      total 262144K, used 189741K [0x00000000d7000000, 0x00000000f1300000, 0x0000000100000000)
  eden space 246784K, 76% used [0x00000000d7000000,0x00000000e294b4c8,0x00000000e6100000)
  from space 15360K, 0% used [0x00000000e6100000,0x00000000e6100000,0x00000000e7000000)
  to   space 16896K, 0% used [0x00000000f0280000,0x00000000f0280000,0x00000000f1300000)
 ParOldGen       total 57856K, used 16778K [0x0000000085000000, 0x0000000088880000, 0x00000000d7000000)
  object space 57856K, 29% used [0x0000000085000000,0x0000000086062bc0,0x0000000088880000)
 Metaspace       used 34819K, capacity 35120K, committed 35496K, reserved 1081344K
  class space    used 4146K, capacity 4260K, committed 4352K, reserved 1048576K
Event: 7.270 GC heap after
Heap after GC invocations=11 (full 1):
 PSYoungGen      total 386560K, used 12852K [0x00000000d7000000, 0x00000000f0f80000, 0x0000000100000000)
  eden space 373248K, 0% used [0x00000000d7000000,0x00000000d7000000,0x00000000edc80000)
  from space 13312K, 96% used [0x00000000f0280000,0x00000000f0f0d3f8,0x00000000f0f80000)
  to   space 17920K, 0% used [0x00000000eec80000,0x00000000eec80000,0x00000000efe00000)
 ParOldGen       total 57856K, used 16786K [0x0000000085000000, 0x0000000088880000, 0x00000000d7000000)
  object space 57856K, 29% used [0x0000000085000000,0x0000000086064bc0,0x0000000088880000)
 Metaspace       used 34819K, capacity 35120K, committed 35496K, reserved 1081344K
  class space    used 4146K, capacity 4260K, committed 4352K, reserved 1048576K
}
Event: 7.270 GC heap before
{Heap before GC invocations=12 (full 2):
 PSYoungGen      total 386560K, used 12852K [0x00000000d7000000, 0x00000000f0f80000, 0x0000000100000000)
  eden space 373248K, 0% used [0x00000000d7000000,0x00000000d7000000,0x00000000edc80000)
  from space 13312K, 96% used [0x00000000f0280000,0x00000000f0f0d3f8,0x00000000f0f80000)
  to   space 17920K, 0% used [0x00000000eec80000,0x00000000eec80000,0x00000000efe00000)
 ParOldGen       total 57856K, used 16786K [0x0000000085000000, 0x0000000088880000, 0x00000000d7000000)
  object space 57856K, 29% used [0x0000000085000000,0x0000000086064bc0,0x0000000088880000)
 Metaspace       used 34819K, capacity 35120K, committed 35496K, reserved 1081344K
  class space    used 4146K, capacity 4260K, committed 4352K, reserved 1048576K
Event: 7.343 GC heap after
Heap after GC invocations=12 (full 2):
 PSYoungGen      total 386560K, used 0K [0x00000000d7000000, 0x00000000f0f80000, 0x0000000100000000)
  eden space 373248K, 0% used [0x00000000d7000000,0x00000000d7000000,0x00000000edc80000)
  from space 13312K, 0% used [0x00000000f0280000,0x00000000f0280000,0x00000000f0f80000)
  to   space 17920K, 0% used [0x00000000eec80000,0x00000000eec80000,0x00000000efe00000)
 ParOldGen       total 74752K, used 18672K [0x0000000085000000, 0x0000000089900000, 0x00000000d7000000)
  object space 74752K, 24% used [0x0000000085000000,0x000000008623c3f8,0x0000000089900000)
 Metaspace       used 34819K, capacity 35120K, committed 35496K, reserved 1081344K
  class space    used 4146K, capacity 4260K, committed 4352K, reserved 1048576K
}
Event: 10.264 GC heap before
{Heap before GC invocations=13 (full 2):
 PSYoungGen      total 386560K, used 373248K [0x00000000d7000000, 0x00000000f0f80000, 0x0000000100000000)
  eden space 373248K, 100% used [0x00000000d7000000,0x00000000edc80000,0x00000000edc80000)
  from space 13312K, 0% used [0x00000000f0280000,0x00000000f0280000,0x00000000f0f80000)
  to   space 17920K, 0% used [0x00000000eec80000,0x00000000eec80000,0x00000000efe00000)
 ParOldGen       total 74752K, used 18672K [0x0000000085000000, 0x0000000089900000, 0x00000000d7000000)
  object space 74752K, 24% used [0x0000000085000000,0x000000008623c3f8,0x0000000089900000)
 Metaspace       used 43353K, capacity 43708K, committed 44160K, reserved 1087488K
  class space    used 5285K, capacity 5404K, committed 5504K, reserved 1048576K
Event: 10.278 GC heap after
Heap after GC invocations=13 (full 2):
 PSYoungGen      total 407552K, used 17909K [0x00000000d7000000, 0x00000000f7f00000, 0x0000000100000000)
  eden space 389632K, 0% used [0x00000000d7000000,0x00000000d7000000,0x00000000eec80000)
  from space 17920K, 99% used [0x00000000eec80000,0x00000000efdfd568,0x00000000efe00000)
  to   space 22528K, 0% used [0x00000000f6900000,0x00000000f6900000,0x00000000f7f00000)
 ParOldGen       total 74752K, used 23775K [0x0000000085000000, 0x0000000089900000, 0x00000000d7000000)
  object space 74752K, 31% used [0x0000000085000000,0x0000000086737fe8,0x0000000089900000)
 Metaspace       used 43353K, capacity 43708K, committed 44160K, reserved 1087488K
  class space    used 5285K, capacity 5404K, committed 5504K, reserved 1048576K
}
Event: 13.423 GC heap before
{Heap before GC invocations=14 (full 2):
 PSYoungGen      total 407552K, used 407541K [0x00000000d7000000, 0x00000000f7f00000, 0x0000000100000000)
  eden space 389632K, 100% used [0x00000000d7000000,0x00000000eec80000,0x00000000eec80000)
  from space 17920K, 99% used [0x00000000eec80000,0x00000000efdfd568,0x00000000efe00000)
  to   space 22528K, 0% used [0x00000000f6900000,0x00000000f6900000,0x00000000f7f00000)
 ParOldGen       total 74752K, used 23775K [0x0000000085000000, 0x0000000089900000, 0x00000000d7000000)
  object space 74752K, 31% used [0x0000000085000000,0x0000000086737fe8,0x0000000089900000)
 Metaspace       used 48359K, capacity 49076K, committed 49408K, reserved 1093632K
  class space    used 5906K, capacity 6076K, committed 6144K, reserved 1048576K
Event: 13.452 GC heap after
Heap after GC invocations=14 (full 2):
 PSYoungGen      total 517120K, used 13074K [0x00000000d7000000, 0x00000000f8a80000, 0x0000000100000000)
  eden space 494592K, 0% used [0x00000000d7000000,0x00000000d7000000,0x00000000f5300000)
  from space 22528K, 58% used [0x00000000f6900000,0x00000000f75c4878,0x00000000f7f00000)
  to   space 22528K, 0% used [0x00000000f5300000,0x00000000f5300000,0x00000000f6900000)
 ParOldGen       total 74752K, used 27757K [0x0000000085000000, 0x0000000089900000, 0x00000000d7000000)
  object space 74752K, 37% used [0x0000000085000000,0x0000000086b1b430,0x0000000089900000)
 Metaspace       used 48359K, capacity 49076K, committed 49408K, reserved 1093632K
  class space    used 5906K, capacity 6076K, committed 6144K, reserved 1048576K
}
Event: 15.616 GC heap before
{Heap before GC invocations=15 (full 2):
 PSYoungGen      total 517120K, used 507666K [0x00000000d7000000, 0x00000000f8a80000, 0x0000000100000000)
  eden space 494592K, 100% used [0x00000000d7000000,0x00000000f5300000,0x00000000f5300000)
  from space 22528K, 58% used [0x00000000f6900000,0x00000000f75c4878,0x00000000f7f00000)
  to   space 22528K, 0% used [0x00000000f5300000,0x00000000f5300000,0x00000000f6900000)
 ParOldGen       total 74752K, used 27757K [0x0000000085000000, 0x0000000089900000, 0x00000000d7000000)
  object space 74752K, 37% used [0x0000000085000000,0x0000000086b1b430,0x0000000089900000)
 Metaspace       used 49940K, capacity 50790K, committed 51072K, reserved 1093632K
  class space    used 6064K, capacity 6223K, committed 6272K, reserved 1048576K

