# JRE version: Java(TM) SE Runtime Environment (8.0_101-b13) (build 1.8.0_101-b13)
# Java VM: Java HotSpot(TM) 64-Bit Server VM (25.101-b13 mixed mode linux-amd64 compressed oops)
Heap:
 PSYoungGen      total 602112K, used 49666K [0x00000000d7000000, 0x0000000100000000, 0x0000000100000000)
  eden space 572416K, 5% used [0x00000000d7000000,0x00000000d8ece8f8,0x00000000f9f00000)
  from space 29696K, 61% used [0x00000000f9f00000,0x00000000fb0b1f58,0x00000000fbc00000)
  to   space 30208K, 0% used [0x00000000fe280000,0x00000000fe280000,0x0000000100000000)
 ParOldGen       total 86528K, used 44689K [0x0000000085000000, 0x000000008a480000, 0x00000000d7000000)
  object space 86528K, 51% used [0x0000000085000000,0x0000000087ba4718,0x000000008a480000)
 Metaspace       used 54715K, capacity 56012K, committed 56192K, reserved 1099776K
  class space    used 6454K, capacity 6682K, committed 6784K, reserved 1048576K
GC Heap History (10 events):
Event: 6.250 GC heap before
{Heap before GC invocations=9 (full 1):
 PSYoungGen      total 265728K, used 150220K [0x00000000d7000000, 0x00000000f4280000, 0x0000000100000000)
  eden space 253952K, 54% used [0x00000000d7000000,0x00000000df737878,0x00000000e6800000)
  from space 11776K, 99% used [0x00000000e6800000,0x00000000e737b850,0x00000000e7380000)
  to   space 19968K, 0% used [0x00000000f2f00000,0x00000000f2f00000,0x00000000f4280000)
 ParOldGen       total 53760K, used 19244K [0x0000000085000000, 0x0000000088480000, 0x00000000d7000000)
  object space 53760K, 35% used [0x0000000085000000,0x00000000862cb3d0,0x0000000088480000)
 Metaspace       used 34614K, capacity 34940K, committed 35416K, reserved 1081344K
  class space    used 4145K, capacity 4262K, committed 4352K, reserved 1048576K
Event: 6.261 GC heap after
Heap after GC invocations=9 (full 1):
 PSYoungGen      total 441344K, used 13135K [0x00000000d7000000, 0x00000000f3c00000, 0x0000000100000000)
  eden space 428032K, 0% used [0x00000000d7000000,0x00000000d7000000,0x00000000f1200000)
  from space 13312K, 98% used [0x00000000f2f00000,0x00000000f3bd3f38,0x00000000f3c00000)
  to   space 20480K, 0% used [0x00000000f1400000,0x00000000f1400000,0x00000000f2800000)
 ParOldGen       total 53760K, used 19252K [0x0000000085000000, 0x0000000088480000, 0x00000000d7000000)
  object space 53760K, 35% used [0x0000000085000000,0x00000000862cd3d0,0x0000000088480000)
 Metaspace       used 34614K, capacity 34940K, committed 35416K, reserved 1081344K
  class space    used 4145K, capacity 4262K, committed 4352K, reserved 1048576K
}
Event: 6.261 GC heap before
{Heap before GC invocations=10 (full 2):
 PSYoungGen      total 441344K, used 13135K [0x00000000d7000000, 0x00000000f3c00000, 0x0000000100000000)
  eden space 428032K, 0% used [0x00000000d7000000,0x00000000d7000000,0x00000000f1200000)
  from space 13312K, 98% used [0x00000000f2f00000,0x00000000f3bd3f38,0x00000000f3c00000)
  to   space 20480K, 0% used [0x00000000f1400000,0x00000000f1400000,0x00000000f2800000)
 ParOldGen       total 53760K, used 19252K [0x0000000085000000, 0x0000000088480000, 0x00000000d7000000)
  object space 53760K, 35% used [0x0000000085000000,0x00000000862cd3d0,0x0000000088480000)
 Metaspace       used 34614K, capacity 34940K, committed 35416K, reserved 1081344K
  class space    used 4145K, capacity 4262K, committed 4352K, reserved 1048576K
Event: 6.294 GC heap after
Heap after GC invocations=10 (full 2):
 PSYoungGen      total 441344K, used 0K [0x00000000d7000000, 0x00000000f3c00000, 0x0000000100000000)
  eden space 428032K, 0% used [0x00000000d7000000,0x00000000d7000000,0x00000000f1200000)
  from space 13312K, 0% used [0x00000000f2f00000,0x00000000f2f00000,0x00000000f3c00000)
  to   space 20480K, 0% used [0x00000000f1400000,0x00000000f1400000,0x00000000f2800000)
 ParOldGen       total 86528K, used 18934K [0x0000000085000000, 0x000000008a480000, 0x00000000d7000000)
  object space 86528K, 21% used [0x0000000085000000,0x000000008627d9d8,0x000000008a480000)
 Metaspace       used 34614K, capacity 34940K, committed 35416K, reserved 1081344K
  class space    used 4145K, capacity 4262K, committed 4352K, reserved 1048576K
}
Event: 8.770 GC heap before
{Heap before GC invocations=11 (full 2):
 PSYoungGen      total 441344K, used 427944K [0x00000000d7000000, 0x00000000f3c00000, 0x0000000100000000)
  eden space 428032K, 99% used [0x00000000d7000000,0x00000000f11ea350,0x00000000f1200000)
  from space 13312K, 0% used [0x00000000f2f00000,0x00000000f2f00000,0x00000000f3c00000)
  to   space 20480K, 0% used [0x00000000f1400000,0x00000000f1400000,0x00000000f2800000)
 ParOldGen       total 86528K, used 18934K [0x0000000085000000, 0x000000008a480000, 0x00000000d7000000)
  object space 86528K, 21% used [0x0000000085000000,0x000000008627d9d8,0x000000008a480000)
 Metaspace       used 44977K, capacity 45382K, committed 46080K, reserved 1089536K
  class space    used 5458K, capacity 5571K, committed 5632K, reserved 1048576K
Event: 8.794 GC heap after
Heap after GC invocations=11 (full 2):
 PSYoungGen      total 450560K, used 20473K [0x00000000d7000000, 0x00000000fda00000, 0x0000000100000000)
  eden space 430080K, 0% used [0x00000000d7000000,0x00000000d7000000,0x00000000f1400000)
  from space 20480K, 99% used [0x00000000f1400000,0x00000000f27fe448,0x00000000f2800000)
  to   space 28160K, 0% used [0x00000000fbe80000,0x00000000fbe80000,0x00000000fda00000)
 ParOldGen       total 86528K, used 29492K [0x0000000085000000, 0x000000008a480000, 0x00000000d7000000)
  object space 86528K, 34% used [0x0000000085000000,0x0000000086ccd248,0x000000008a480000)
 Metaspace       used 44977K, capacity 45382K, committed 46080K, reserved 1089536K
  class space    used 5458K, capacity 5571K, committed 5632K, reserved 1048576K
}
Event: 11.458 GC heap before
{Heap before GC invocations=12 (full 2):
 PSYoungGen      total 450560K, used 450553K [0x00000000d7000000, 0x00000000fda00000, 0x0000000100000000)
  eden space 430080K, 100% used [0x00000000d7000000,0x00000000f1400000,0x00000000f1400000)
  from space 20480K, 99% used [0x00000000f1400000,0x00000000f27fe448,0x00000000f2800000)
  to   space 28160K, 0% used [0x00000000fbe80000,0x00000000fbe80000,0x00000000fda00000)
 ParOldGen       total 86528K, used 29492K [0x0000000085000000, 0x000000008a480000, 0x00000000d7000000)
  object space 86528K, 34% used [0x0000000085000000,0x0000000086ccd248,0x000000008a480000)
 Metaspace       used 49553K, capacity 50238K, committed 50688K, reserved 1093632K
  class space    used 5966K, capacity 6131K, committed 6144K, reserved 1048576K
Event: 11.482 GC heap after
Heap after GC invocations=12 (full 2):
 PSYoungGen      total 599552K, used 19876K [0x00000000d7000000, 0x00000000fd900000, 0x0000000100000000)
  eden space 572416K, 0% used [0x00000000d7000000,0x00000000d7000000,0x00000000f9f00000)
  from space 27136K, 73% used [0x00000000fbe80000,0x00000000fd1e9000,0x00000000fd900000)
  to   space 29696K, 0% used [0x00000000f9f00000,0x00000000f9f00000,0x00000000fbc00000)
 ParOldGen       total 86528K, used 29500K [0x0000000085000000, 0x000000008a480000, 0x00000000d7000000)
  object space 86528K, 34% used [0x0000000085000000,0x0000000086ccf248,0x000000008a480000)
 Metaspace       used 49553K, capacity 50238K, committed 50688K, reserved 1093632K
  class space    used 5966K, capacity 6131K, committed 6144K, reserved 1048576K
}
Event: 2371.651 GC heap before
{Heap before GC invocations=13 (full 2):
 PSYoungGen      total 599552K, used 592292K [0x00000000d7000000, 0x00000000fd900000, 0x0000000100000000)
  eden space 572416K, 100% used [0x00000000d7000000,0x00000000f9f00000,0x00000000f9f00000)
  from space 27136K, 73% used [0x00000000fbe80000,0x00000000fd1e9000,0x00000000fd900000)
  to   space 29696K, 0% used [0x00000000f9f00000,0x00000000f9f00000,0x00000000fbc00000)
 ParOldGen       total 86528K, used 29500K [0x0000000085000000, 0x000000008a480000, 0x00000000d7000000)
  object space 86528K, 34% used [0x0000000085000000,0x0000000086ccf248,0x000000008a480000)
 Metaspace       used 54442K, capacity 55750K, committed 55936K, reserved 1097728K
  class space    used 6441K, capacity 6681K, committed 6784K, reserved 1048576K
Event: 2371.726 GC heap after
Heap after GC invocations=13 (full 2):
 PSYoungGen      total 602112K, used 18119K [0x00000000d7000000, 0x0000000100000000, 0x0000000100000000)
  eden space 572416K, 0% used [0x00000000d7000000,0x00000000d7000000,0x00000000f9f00000)
  from space 29696K, 61% used [0x00000000f9f00000,0x00000000fb0b1f58,0x00000000fbc00000)
  to   space 30208K, 0% used [0x00000000fe280000,0x00000000fe280000,0x0000000100000000)
 ParOldGen       total 86528K, used 44689K [0x0000000085000000, 0x000000008a480000, 0x00000000d7000000)
  object space 86528K, 51% used [0x0000000085000000,0x0000000087ba4718,0x000000008a480000)
 Metaspace       used 54442K, capacity 55750K, committed 55936K, reserved 1097728K
  class space    used 6441K, capacity 6681K, committed 6784K, reserved 1048576K
}

