# JRE version: Java(TM) SE Runtime Environment (8.0_101-b13) (build 1.8.0_101-b13)
# Java VM: Java HotSpot(TM) 64-Bit Server VM (25.101-b13 mixed mode linux-amd64 compressed oops)
Heap:
 PSYoungGen      total 133632K, used 8684K [0x00000000d7000000, 0x00000000dfd00000, 0x0000000100000000)
  eden space 124928K, 0% used [0x00000000d7000000,0x00000000d7000000,0x00000000dea00000)
  from space 8704K, 99% used [0x00000000dea00000,0x00000000df27b1c8,0x00000000df280000)
  to   space 6656K, 0% used [0x00000000df280000,0x00000000df280000,0x00000000df900000)
 ParOldGen       total 84992K, used 9291K [0x0000000085000000, 0x000000008a300000, 0x00000000d7000000)
  object space 84992K, 10% used [0x0000000085000000,0x0000000085912df0,0x000000008a300000)
 Metaspace       used 20606K, capacity 20894K, committed 21120K, reserved 1069056K
  class space    used 2331K, capacity 2403K, committed 2432K, reserved 1048576K
GC Heap History (10 events):
Event: 1.181 GC heap after
Heap after GC invocations=2 (full 0):
 PSYoungGen      total 36864K, used 3153K [0x00000000d7000000, 0x00000000d9900000, 0x0000000100000000)
  eden space 31744K, 0% used [0x00000000d7000000,0x00000000d7000000,0x00000000d8f00000)
  from space 5120K, 61% used [0x00000000d9400000,0x00000000d97145d0,0x00000000d9900000)
  to   space 5120K, 0% used [0x00000000d8f00000,0x00000000d8f00000,0x00000000d9400000)
 ParOldGen       total 84992K, used 16K [0x0000000085000000, 0x000000008a300000, 0x00000000d7000000)
  object space 84992K, 0% used [0x0000000085000000,0x0000000085004000,0x000000008a300000)
 Metaspace       used 7647K, capacity 7790K, committed 7936K, reserved 1056768K
  class space    used 907K, capacity 950K, committed 1024K, reserved 1048576K
}
Event: 1.796 GC heap before
{Heap before GC invocations=3 (full 0):
 PSYoungGen      total 36864K, used 34897K [0x00000000d7000000, 0x00000000d9900000, 0x0000000100000000)
  eden space 31744K, 100% used [0x00000000d7000000,0x00000000d8f00000,0x00000000d8f00000)
  from space 5120K, 61% used [0x00000000d9400000,0x00000000d97145d0,0x00000000d9900000)
  to   space 5120K, 0% used [0x00000000d8f00000,0x00000000d8f00000,0x00000000d9400000)
 ParOldGen       total 84992K, used 16K [0x0000000085000000, 0x000000008a300000, 0x00000000d7000000)
  object space 84992K, 0% used [0x0000000085000000,0x0000000085004000,0x000000008a300000)
 Metaspace       used 11685K, capacity 11854K, committed 11904K, reserved 1060864K
  class space    used 1327K, capacity 1366K, committed 1408K, reserved 1048576K
Event: 1.813 GC heap after
Heap after GC invocations=3 (full 0):
 PSYoungGen      total 36864K, used 4041K [0x00000000d7000000, 0x00000000db800000, 0x0000000100000000)
  eden space 31744K, 0% used [0x00000000d7000000,0x00000000d7000000,0x00000000d8f00000)
  from space 5120K, 78% used [0x00000000d8f00000,0x00000000d92f2650,0x00000000d9400000)
  to   space 5120K, 0% used [0x00000000db300000,0x00000000db300000,0x00000000db800000)
 ParOldGen       total 84992K, used 16K [0x0000000085000000, 0x000000008a300000, 0x00000000d7000000)
  object space 84992K, 0% used [0x0000000085000000,0x0000000085004000,0x000000008a300000)
 Metaspace       used 11685K, capacity 11854K, committed 11904K, reserved 1060864K
  class space    used 1327K, capacity 1366K, committed 1408K, reserved 1048576K
}
Event: 2.170 GC heap before
{Heap before GC invocations=4 (full 0):
 PSYoungGen      total 36864K, used 35785K [0x00000000d7000000, 0x00000000db800000, 0x0000000100000000)
  eden space 31744K, 100% used [0x00000000d7000000,0x00000000d8f00000,0x00000000d8f00000)
  from space 5120K, 78% used [0x00000000d8f00000,0x00000000d92f2650,0x00000000d9400000)
  to   space 5120K, 0% used [0x00000000db300000,0x00000000db300000,0x00000000db800000)
 ParOldGen       total 84992K, used 16K [0x0000000085000000, 0x000000008a300000, 0x00000000d7000000)
  object space 84992K, 0% used [0x0000000085000000,0x0000000085004000,0x000000008a300000)
 Metaspace       used 12680K, capacity 12832K, committed 13056K, reserved 1060864K
  class space    used 1452K, capacity 1498K, committed 1536K, reserved 1048576K
Event: 2.180 GC heap after
Heap after GC invocations=4 (full 0):
 PSYoungGen      total 68608K, used 4088K [0x00000000d7000000, 0x00000000db800000, 0x0000000100000000)
  eden space 63488K, 0% used [0x00000000d7000000,0x00000000d7000000,0x00000000dae00000)
  from space 5120K, 79% used [0x00000000db300000,0x00000000db6fe080,0x00000000db800000)
  to   space 5120K, 0% used [0x00000000dae00000,0x00000000dae00000,0x00000000db300000)
 ParOldGen       total 84992K, used 88K [0x0000000085000000, 0x000000008a300000, 0x00000000d7000000)
  object space 84992K, 0% used [0x0000000085000000,0x0000000085016010,0x000000008a300000)
 Metaspace       used 12680K, capacity 12832K, committed 13056K, reserved 1060864K
  class space    used 1452K, capacity 1498K, committed 1536K, reserved 1048576K
}
Event: 3.042 GC heap before
{Heap before GC invocations=5 (full 0):
 PSYoungGen      total 68608K, used 67576K [0x00000000d7000000, 0x00000000db800000, 0x0000000100000000)
  eden space 63488K, 100% used [0x00000000d7000000,0x00000000dae00000,0x00000000dae00000)
  from space 5120K, 79% used [0x00000000db300000,0x00000000db6fe080,0x00000000db800000)
  to   space 5120K, 0% used [0x00000000dae00000,0x00000000dae00000,0x00000000db300000)
 ParOldGen       total 84992K, used 88K [0x0000000085000000, 0x000000008a300000, 0x00000000d7000000)
  object space 84992K, 0% used [0x0000000085000000,0x0000000085016010,0x000000008a300000)
 Metaspace       used 16357K, capacity 16558K, committed 16896K, reserved 1064960K
  class space    used 1881K, capacity 1947K, committed 2048K, reserved 1048576K
Event: 3.058 GC heap after
Heap after GC invocations=5 (full 0):
 PSYoungGen      total 68608K, used 5098K [0x00000000d7000000, 0x00000000df900000, 0x0000000100000000)
  eden space 63488K, 0% used [0x00000000d7000000,0x00000000d7000000,0x00000000dae00000)
  from space 5120K, 99% used [0x00000000dae00000,0x00000000db2fa8c0,0x00000000db300000)
  to   space 6656K, 0% used [0x00000000df280000,0x00000000df280000,0x00000000df900000)
 ParOldGen       total 84992K, used 1237K [0x0000000085000000, 0x000000008a300000, 0x00000000d7000000)
  object space 84992K, 1% used [0x0000000085000000,0x00000000851356b8,0x000000008a300000)
 Metaspace       used 16357K, capacity 16558K, committed 16896K, reserved 1064960K
  class space    used 1881K, capacity 1947K, committed 2048K, reserved 1048576K
}
Event: 3.608 GC heap before
{Heap before GC invocations=6 (full 0):
 PSYoungGen      total 68608K, used 68586K [0x00000000d7000000, 0x00000000df900000, 0x0000000100000000)
  eden space 63488K, 100% used [0x00000000d7000000,0x00000000dae00000,0x00000000dae00000)
  from space 5120K, 99% used [0x00000000dae00000,0x00000000db2fa8c0,0x00000000db300000)
  to   space 6656K, 0% used [0x00000000df280000,0x00000000df280000,0x00000000df900000)
 ParOldGen       total 84992K, used 1237K [0x0000000085000000, 0x000000008a300000, 0x00000000d7000000)
  object space 84992K, 1% used [0x0000000085000000,0x00000000851356b8,0x000000008a300000)
 Metaspace       used 19330K, capacity 19514K, committed 19712K, reserved 1067008K
  class space    used 2211K, capacity 2269K, committed 2304K, reserved 1048576K
Event: 3.618 GC heap after
Heap after GC invocations=6 (full 0):
 PSYoungGen      total 131584K, used 6632K [0x00000000d7000000, 0x00000000dfd00000, 0x0000000100000000)
  eden space 124928K, 0% used [0x00000000d7000000,0x00000000d7000000,0x00000000dea00000)
  from space 6656K, 99% used [0x00000000df280000,0x00000000df8fa290,0x00000000df900000)
  to   space 8704K, 0% used [0x00000000dea00000,0x00000000dea00000,0x00000000df280000)
 ParOldGen       total 84992K, used 3642K [0x0000000085000000, 0x000000008a300000, 0x00000000d7000000)
  object space 84992K, 4% used [0x0000000085000000,0x000000008538eaf8,0x000000008a300000)
 Metaspace       used 19330K, capacity 19514K, committed 19712K, reserved 1067008K
  class space    used 2211K, capacity 2269K, committed 2304K, reserved 1048576K
}
Event: 4.296 GC heap before
{Heap before GC invocations=7 (full 0):
 PSYoungGen      total 131584K, used 131560K [0x00000000d7000000, 0x00000000dfd00000, 0x0000000100000000)
  eden space 124928K, 100% used [0x00000000d7000000,0x00000000dea00000,0x00000000dea00000)
  from space 6656K, 99% used [0x00000000df280000,0x00000000df8fa290,0x00000000df900000)
  to   space 8704K, 0% used [0x00000000dea00000,0x00000000dea00000,0x00000000df280000)
 ParOldGen       total 84992K, used 3642K [0x0000000085000000, 0x000000008a300000, 0x00000000d7000000)
  object space 84992K, 4% used [0x0000000085000000,0x000000008538eaf8,0x000000008a300000)
 Metaspace       used 20606K, capacity 20894K, committed 21120K, reserved 1069056K
  class space    used 2331K, capacity 2403K, committed 2432K, reserved 1048576K

