# JRE version: Java(TM) SE Runtime Environment (8.0_101-b13) (build 1.8.0_101-b13)
# Java VM: Java HotSpot(TM) 64-Bit Server VM (25.101-b13 mixed mode linux-amd64 compressed oops)
Heap:
 PSYoungGen      total 294912K, used 5340K [0x00000000eab00000, 0x0000000100000000, 0x0000000100000000)
  eden space 240640K, 0% used [0x00000000eab00000,0x00000000eab00000,0x00000000f9600000)
  from space 54272K, 9% used [0x00000000fcb00000,0x00000000fd0370f0,0x0000000100000000)
  to   space 54272K, 0% used [0x00000000f9600000,0x00000000f9600000,0x00000000fcb00000)
 ParOldGen       total 281600K, used 281204K [0x00000000c0000000, 0x00000000d1300000, 0x00000000eab00000)
  object space 281600K, 99% used [0x00000000c0000000,0x00000000d129d190,0x00000000d1300000)
 Metaspace       used 52579K, capacity 62972K, committed 63360K, reserved 1101824K
  class space    used 7433K, capacity 11192K, committed 11392K, reserved 1048576K
GC Heap History (10 events):
Event: 51.734 GC heap after
Heap after GC invocations=72 (full 4):
 PSYoungGen      total 291840K, used 39648K [0x00000000eab00000, 0x00000000fff00000, 0x0000000100000000)
  eden space 236544K, 0% used [0x00000000eab00000,0x00000000eab00000,0x00000000f9200000)
  from space 55296K, 71% used [0x00000000fc900000,0x00000000fefb8000,0x00000000fff00000)
  to   space 55808K, 0% used [0x00000000f9200000,0x00000000f9200000,0x00000000fc880000)
 ParOldGen       total 281600K, used 269821K [0x00000000c0000000, 0x00000000d1300000, 0x00000000eab00000)
  object space 281600K, 95% used [0x00000000c0000000,0x00000000d077f738,0x00000000d1300000)
 Metaspace       used 52574K, capacity 62908K, committed 63360K, reserved 1101824K
  class space    used 7433K, capacity 11192K, committed 11392K, reserved 1048576K
}
Event: 52.311 GC heap before
{Heap before GC invocations=73 (full 4):
 PSYoungGen      total 291840K, used 276192K [0x00000000eab00000, 0x00000000fff00000, 0x0000000100000000)
  eden space 236544K, 100% used [0x00000000eab00000,0x00000000f9200000,0x00000000f9200000)
  from space 55296K, 71% used [0x00000000fc900000,0x00000000fefb8000,0x00000000fff00000)
  to   space 55808K, 0% used [0x00000000f9200000,0x00000000f9200000,0x00000000fc880000)
 ParOldGen       total 281600K, used 269821K [0x00000000c0000000, 0x00000000d1300000, 0x00000000eab00000)
  object space 281600K, 95% used [0x00000000c0000000,0x00000000d077f738,0x00000000d1300000)
 Metaspace       used 52574K, capacity 62908K, committed 63360K, reserved 1101824K
  class space    used 7433K, capacity 11192K, committed 11392K, reserved 1048576K
Event: 52.345 GC heap after
Heap after GC invocations=73 (full 4):
 PSYoungGen      total 292352K, used 44096K [0x00000000eab00000, 0x00000000ffe80000, 0x0000000100000000)
  eden space 236544K, 0% used [0x00000000eab00000,0x00000000eab00000,0x00000000f9200000)
  from space 55808K, 79% used [0x00000000f9200000,0x00000000fbd10000,0x00000000fc880000)
  to   space 54784K, 0% used [0x00000000fc900000,0x00000000fc900000,0x00000000ffe80000)
 ParOldGen       total 281600K, used 271461K [0x00000000c0000000, 0x00000000d1300000, 0x00000000eab00000)
  object space 281600K, 96% used [0x00000000c0000000,0x00000000d0919758,0x00000000d1300000)
 Metaspace       used 52574K, capacity 62908K, committed 63360K, reserved 1101824K
  class space    used 7433K, capacity 11192K, committed 11392K, reserved 1048576K
}
Event: 52.935 GC heap before
{Heap before GC invocations=74 (full 4):
 PSYoungGen      total 292352K, used 280640K [0x00000000eab00000, 0x00000000ffe80000, 0x0000000100000000)
  eden space 236544K, 100% used [0x00000000eab00000,0x00000000f9200000,0x00000000f9200000)
  from space 55808K, 79% used [0x00000000f9200000,0x00000000fbd10000,0x00000000fc880000)
  to   space 54784K, 0% used [0x00000000fc900000,0x00000000fc900000,0x00000000ffe80000)
 ParOldGen       total 281600K, used 271461K [0x00000000c0000000, 0x00000000d1300000, 0x00000000eab00000)
  object space 281600K, 96% used [0x00000000c0000000,0x00000000d0919758,0x00000000d1300000)
 Metaspace       used 52576K, capacity 62972K, committed 63360K, reserved 1101824K
  class space    used 7433K, capacity 11192K, committed 11392K, reserved 1048576K
Event: 53.051 GC heap after
Heap after GC invocations=74 (full 4):
 PSYoungGen      total 291840K, used 42688K [0x00000000eab00000, 0x00000000ffd00000, 0x0000000100000000)
  eden space 238592K, 0% used [0x00000000eab00000,0x00000000eab00000,0x00000000f9400000)
  from space 53248K, 80% used [0x00000000fc900000,0x00000000ff2b0000,0x00000000ffd00000)
  to   space 53760K, 0% used [0x00000000f9400000,0x00000000f9400000,0x00000000fc880000)
 ParOldGen       total 281600K, used 274109K [0x00000000c0000000, 0x00000000d1300000, 0x00000000eab00000)
  object space 281600K, 97% used [0x00000000c0000000,0x00000000d0baf7b8,0x00000000d1300000)
 Metaspace       used 52576K, capacity 62972K, committed 63360K, reserved 1101824K
  class space    used 7433K, capacity 11192K, committed 11392K, reserved 1048576K
}
Event: 60.141 GC heap before
{Heap before GC invocations=75 (full 4):
 PSYoungGen      total 291840K, used 281280K [0x00000000eab00000, 0x00000000ffd00000, 0x0000000100000000)
  eden space 238592K, 100% used [0x00000000eab00000,0x00000000f9400000,0x00000000f9400000)
  from space 53248K, 80% used [0x00000000fc900000,0x00000000ff2b0000,0x00000000ffd00000)
  to   space 53760K, 0% used [0x00000000f9400000,0x00000000f9400000,0x00000000fc880000)
 ParOldGen       total 281600K, used 274109K [0x00000000c0000000, 0x00000000d1300000, 0x00000000eab00000)
  object space 281600K, 97% used [0x00000000c0000000,0x00000000d0baf7b8,0x00000000d1300000)
 Metaspace       used 52576K, capacity 62972K, committed 63360K, reserved 1101824K
  class space    used 7433K, capacity 11192K, committed 11392K, reserved 1048576K
Event: 60.239 GC heap after
Heap after GC invocations=75 (full 4):
 PSYoungGen      total 292352K, used 46880K [0x00000000eab00000, 0x0000000100000000, 0x0000000100000000)
  eden space 238592K, 0% used [0x00000000eab00000,0x00000000eab00000,0x00000000f9400000)
  from space 53760K, 87% used [0x00000000f9400000,0x00000000fc1c8000,0x00000000fc880000)
  to   space 54272K, 0% used [0x00000000fcb00000,0x00000000fcb00000,0x0000000100000000)
 ParOldGen       total 281600K, used 275869K [0x00000000c0000000, 0x00000000d1300000, 0x00000000eab00000)
  object space 281600K, 97% used [0x00000000c0000000,0x00000000d0d677b8,0x00000000d1300000)
 Metaspace       used 52576K, capacity 62972K, committed 63360K, reserved 1101824K
  class space    used 7433K, capacity 11192K, committed 11392K, reserved 1048576K
}
Event: 62.409 GC heap before
{Heap before GC invocations=76 (full 4):
 PSYoungGen      total 292352K, used 285472K [0x00000000eab00000, 0x0000000100000000, 0x0000000100000000)
  eden space 238592K, 100% used [0x00000000eab00000,0x00000000f9400000,0x00000000f9400000)
  from space 53760K, 87% used [0x00000000f9400000,0x00000000fc1c8000,0x00000000fc880000)
  to   space 54272K, 0% used [0x00000000fcb00000,0x00000000fcb00000,0x0000000100000000)
 ParOldGen       total 281600K, used 275869K [0x00000000c0000000, 0x00000000d1300000, 0x00000000eab00000)
  object space 281600K, 97% used [0x00000000c0000000,0x00000000d0d677b8,0x00000000d1300000)
 Metaspace       used 52579K, capacity 62972K, committed 63360K, reserved 1101824K
  class space    used 7433K, capacity 11192K, committed 11392K, reserved 1048576K
Event: 62.480 GC heap after
Heap after GC invocations=76 (full 4):
 PSYoungGen      total 294912K, used 38208K [0x00000000eab00000, 0x0000000100000000, 0x0000000100000000)
  eden space 240640K, 0% used [0x00000000eab00000,0x00000000eab00000,0x00000000f9600000)
  from space 54272K, 70% used [0x00000000fcb00000,0x00000000ff050000,0x0000000100000000)
  to   space 54272K, 0% used [0x00000000f9600000,0x00000000f9600000,0x00000000fcb00000)
 ParOldGen       total 281600K, used 278366K [0x00000000c0000000, 0x00000000d1300000, 0x00000000eab00000)
  object space 281600K, 98% used [0x00000000c0000000,0x00000000d0fd7818,0x00000000d1300000)
 Metaspace       used 52579K, capacity 62972K, committed 63360K, reserved 1101824K
  class space    used 7433K, capacity 11192K, committed 11392K, reserved 1048576K
}
Event: 62.481 GC heap before
{Heap before GC invocations=77 (full 5):
 PSYoungGen      total 294912K, used 38208K [0x00000000eab00000, 0x0000000100000000, 0x0000000100000000)
  eden space 240640K, 0% used [0x00000000eab00000,0x00000000eab00000,0x00000000f9600000)
  from space 54272K, 70% used [0x00000000fcb00000,0x00000000ff050000,0x0000000100000000)
  to   space 54272K, 0% used [0x00000000f9600000,0x00000000f9600000,0x00000000fcb00000)
 ParOldGen       total 281600K, used 278366K [0x00000000c0000000, 0x00000000d1300000, 0x00000000eab00000)
  object space 281600K, 98% used [0x00000000c0000000,0x00000000d0fd7818,0x00000000d1300000)
 Metaspace       used 52579K, capacity 62972K, committed 63360K, reserved 1101824K
  class space    used 7433K, capacity 11192K, committed 11392K, reserved 1048576K

