# JRE version: Java(TM) SE Runtime Environment (8.0_101-b13) (build 1.8.0_101-b13)
# Java VM: Java HotSpot(TM) 64-Bit Server VM (25.101-b13 mixed mode linux-amd64 compressed oops)
Heap:
 PSYoungGen      total 560640K, used 896K [0x00000000d7000000, 0x00000000fab80000, 0x0000000100000000)
  eden space 536064K, 0% used [0x00000000d7000000,0x00000000d7000000,0x00000000f7b80000)
  from space 24576K, 3% used [0x00000000f7b80000,0x00000000f7c60000,0x00000000f9380000)
  to   space 7168K, 0% used [0x00000000fa480000,0x00000000fa480000,0x00000000fab80000)
 ParOldGen       total 68608K, used 37880K [0x0000000085000000, 0x0000000089300000, 0x00000000d7000000)
  object space 68608K, 55% used [0x0000000085000000,0x00000000874fe190,0x0000000089300000)
 Metaspace       used 54478K, capacity 55302K, committed 55552K, reserved 1097728K
  class space    used 6442K, capacity 6615K, committed 6656K, reserved 1048576K
GC Heap History (10 events):
Event: 7.874 GC heap after
Heap after GC invocations=14 (full 2):
 PSYoungGen      total 314368K, used 0K [0x00000000d7000000, 0x00000000ec080000, 0x0000000100000000)
  eden space 301056K, 0% used [0x00000000d7000000,0x00000000d7000000,0x00000000e9600000)
  from space 13312K, 0% used [0x00000000eb380000,0x00000000eb380000,0x00000000ec080000)
  to   space 16896K, 0% used [0x00000000e9f80000,0x00000000e9f80000,0x00000000eb000000)
 ParOldGen       total 68608K, used 18726K [0x0000000085000000, 0x0000000089300000, 0x00000000d7000000)
  object space 68608K, 27% used [0x0000000085000000,0x0000000086249838,0x0000000089300000)
 Metaspace       used 34748K, capacity 35044K, committed 35496K, reserved 1081344K
  class space    used 4141K, capacity 4258K, committed 4352K, reserved 1048576K
}
Event: 10.013 GC heap before
{Heap before GC invocations=15 (full 2):
 PSYoungGen      total 314368K, used 301056K [0x00000000d7000000, 0x00000000ec080000, 0x0000000100000000)
  eden space 301056K, 100% used [0x00000000d7000000,0x00000000e9600000,0x00000000e9600000)
  from space 13312K, 0% used [0x00000000eb380000,0x00000000eb380000,0x00000000ec080000)
  to   space 16896K, 0% used [0x00000000e9f80000,0x00000000e9f80000,0x00000000eb000000)
 ParOldGen       total 68608K, used 18726K [0x0000000085000000, 0x0000000089300000, 0x00000000d7000000)
  object space 68608K, 27% used [0x0000000085000000,0x0000000086249838,0x0000000089300000)
 Metaspace       used 41636K, capacity 41982K, committed 42624K, reserved 1087488K
  class space    used 5027K, capacity 5135K, committed 5248K, reserved 1048576K
Event: 10.032 GC heap after
Heap after GC invocations=15 (full 2):
 PSYoungGen      total 327680K, used 16884K [0x00000000d7000000, 0x00000000f3280000, 0x0000000100000000)
  eden space 310784K, 0% used [0x00000000d7000000,0x00000000d7000000,0x00000000e9f80000)
  from space 16896K, 99% used [0x00000000e9f80000,0x00000000eaffd360,0x00000000eb000000)
  to   space 20992K, 0% used [0x00000000f1e00000,0x00000000f1e00000,0x00000000f3280000)
 ParOldGen       total 68608K, used 22527K [0x0000000085000000, 0x0000000089300000, 0x00000000d7000000)
  object space 68608K, 32% used [0x0000000085000000,0x00000000865fffb0,0x0000000089300000)
 Metaspace       used 41636K, capacity 41982K, committed 42624K, reserved 1087488K
  class space    used 5027K, capacity 5135K, committed 5248K, reserved 1048576K
}
Event: 12.025 GC heap before
{Heap before GC invocations=16 (full 2):
 PSYoungGen      total 327680K, used 327668K [0x00000000d7000000, 0x00000000f3280000, 0x0000000100000000)
  eden space 310784K, 100% used [0x00000000d7000000,0x00000000e9f80000,0x00000000e9f80000)
  from space 16896K, 99% used [0x00000000e9f80000,0x00000000eaffd360,0x00000000eb000000)
  to   space 20992K, 0% used [0x00000000f1e00000,0x00000000f1e00000,0x00000000f3280000)
 ParOldGen       total 68608K, used 22527K [0x0000000085000000, 0x0000000089300000, 0x00000000d7000000)
  object space 68608K, 32% used [0x0000000085000000,0x00000000865fffb0,0x0000000089300000)
 Metaspace       used 47992K, capacity 48600K, committed 49024K, reserved 1091584K
  class space    used 5848K, capacity 6002K, committed 6016K, reserved 1048576K
Event: 12.052 GC heap after
Heap after GC invocations=16 (full 2):
 PSYoungGen      total 439296K, used 14679K [0x00000000d7000000, 0x00000000f3a00000, 0x0000000100000000)
  eden space 418304K, 0% used [0x00000000d7000000,0x00000000d7000000,0x00000000f0880000)
  from space 20992K, 69% used [0x00000000f1e00000,0x00000000f2c55ef8,0x00000000f3280000)
  to   space 22016K, 0% used [0x00000000f0880000,0x00000000f0880000,0x00000000f1e00000)
 ParOldGen       total 68608K, used 27269K [0x0000000085000000, 0x0000000089300000, 0x00000000d7000000)
  object space 68608K, 39% used [0x0000000085000000,0x0000000086aa16c0,0x0000000089300000)
 Metaspace       used 47992K, capacity 48600K, committed 49024K, reserved 1091584K
  class space    used 5848K, capacity 6002K, committed 6016K, reserved 1048576K
}
Event: 117.296 GC heap before
{Heap before GC invocations=17 (full 2):
 PSYoungGen      total 439296K, used 432983K [0x00000000d7000000, 0x00000000f3a00000, 0x0000000100000000)
  eden space 418304K, 100% used [0x00000000d7000000,0x00000000f0880000,0x00000000f0880000)
  from space 20992K, 69% used [0x00000000f1e00000,0x00000000f2c55ef8,0x00000000f3280000)
  to   space 22016K, 0% used [0x00000000f0880000,0x00000000f0880000,0x00000000f1e00000)
 ParOldGen       total 68608K, used 27269K [0x0000000085000000, 0x0000000089300000, 0x00000000d7000000)
  object space 68608K, 39% used [0x0000000085000000,0x0000000086aa16c0,0x0000000089300000)
 Metaspace       used 53557K, capacity 54356K, committed 54528K, reserved 1097728K
  class space    used 6429K, capacity 6580K, committed 6656K, reserved 1048576K
Event: 117.341 GC heap after
Heap after GC invocations=17 (full 2):
 PSYoungGen      total 440320K, used 18412K [0x00000000d7000000, 0x00000000fbc00000, 0x0000000100000000)
  eden space 418304K, 0% used [0x00000000d7000000,0x00000000d7000000,0x00000000f0880000)
  from space 22016K, 83% used [0x00000000f0880000,0x00000000f1a7b308,0x00000000f1e00000)
  to   space 24064K, 0% used [0x00000000fa480000,0x00000000fa480000,0x00000000fbc00000)
 ParOldGen       total 68608K, used 33634K [0x0000000085000000, 0x0000000089300000, 0x00000000d7000000)
  object space 68608K, 49% used [0x0000000085000000,0x00000000870d8830,0x0000000089300000)
 Metaspace       used 53557K, capacity 54356K, committed 54528K, reserved 1097728K
  class space    used 6429K, capacity 6580K, committed 6656K, reserved 1048576K
}
Event: 84599.930 GC heap before
{Heap before GC invocations=18 (full 2):
 PSYoungGen      total 440320K, used 436716K [0x00000000d7000000, 0x00000000fbc00000, 0x0000000100000000)
  eden space 418304K, 100% used [0x00000000d7000000,0x00000000f0880000,0x00000000f0880000)
  from space 22016K, 83% used [0x00000000f0880000,0x00000000f1a7b308,0x00000000f1e00000)
  to   space 24064K, 0% used [0x00000000fa480000,0x00000000fa480000,0x00000000fbc00000)
 ParOldGen       total 68608K, used 33634K [0x0000000085000000, 0x0000000089300000, 0x00000000d7000000)
  object space 68608K, 49% used [0x0000000085000000,0x00000000870d8830,0x0000000089300000)
 Metaspace       used 54425K, capacity 55238K, committed 55552K, reserved 1097728K
  class space    used 6441K, capacity 6615K, committed 6656K, reserved 1048576K
Event: 84600.893 GC heap after
Heap after GC invocations=18 (full 2):
 PSYoungGen      total 543232K, used 416K [0x00000000d7000000, 0x00000000fab80000, 0x0000000100000000)
  eden space 536064K, 0% used [0x00000000d7000000,0x00000000d7000000,0x00000000f7b80000)
  from space 7168K, 5% used [0x00000000fa480000,0x00000000fa4e8000,0x00000000fab80000)
  to   space 24576K, 0% used [0x00000000f7b80000,0x00000000f7b80000,0x00000000f9380000)
 ParOldGen       total 68608K, used 37872K [0x0000000085000000, 0x0000000089300000, 0x00000000d7000000)
  object space 68608K, 55% used [0x0000000085000000,0x00000000874fc190,0x0000000089300000)
 Metaspace       used 54425K, capacity 55238K, committed 55552K, reserved 1097728K
  class space    used 6441K, capacity 6615K, committed 6656K, reserved 1048576K
}
Event: 110577.197 GC heap before
{Heap before GC invocations=19 (full 2):
 PSYoungGen      total 543232K, used 536480K [0x00000000d7000000, 0x00000000fab80000, 0x0000000100000000)
  eden space 536064K, 100% used [0x00000000d7000000,0x00000000f7b80000,0x00000000f7b80000)
  from space 7168K, 5% used [0x00000000fa480000,0x00000000fa4e8000,0x00000000fab80000)
  to   space 24576K, 0% used [0x00000000f7b80000,0x00000000f7b80000,0x00000000f9380000)
 ParOldGen       total 68608K, used 37872K [0x0000000085000000, 0x0000000089300000, 0x00000000d7000000)
  object space 68608K, 55% used [0x0000000085000000,0x00000000874fc190,0x0000000089300000)
 Metaspace       used 54478K, capacity 55302K, committed 55552K, reserved 1097728K
  class space    used 6442K, capacity 6615K, committed 6656K, reserved 1048576K

