# JRE version: Java(TM) SE Runtime Environment (8.0_101-b13) (build 1.8.0_101-b13)
# Java VM: Java HotSpot(TM) 64-Bit Server VM (25.101-b13 mixed mode linux-amd64 compressed oops)
Heap:
 PSYoungGen      total 327168K, used 0K [0x00000000eab00000, 0x0000000100000000, 0x0000000100000000)
  eden space 305152K, 0% used [0x00000000eab00000,0x00000000eab00000,0x00000000fd500000)
  from space 22016K, 0% used [0x00000000fd500000,0x00000000fd500000,0x00000000fea80000)
  to   space 21504K, 0% used [0x00000000feb00000,0x00000000feb00000,0x0000000100000000)
 ParOldGen       total 417792K, used 371627K [0x00000000c0000000, 0x00000000d9800000, 0x00000000eab00000)
  object space 417792K, 88% used [0x00000000c0000000,0x00000000d6aeae08,0x00000000d9800000)
 Metaspace       used 55626K, capacity 65420K, committed 65536K, reserved 1103872K
  class space    used 7688K, capacity 10935K, committed 11008K, reserved 1048576K
GC Heap History (10 events):
Event: 70.731 GC heap after
Heap after GC invocations=92 (full 7):
 PSYoungGen      total 334848K, used 14336K [0x00000000eab00000, 0x0000000100000000, 0x0000000100000000)
  eden space 320512K, 0% used [0x00000000eab00000,0x00000000eab00000,0x00000000fe400000)
  from space 14336K, 100% used [0x00000000fe400000,0x00000000ff200000,0x00000000ff200000)
  to   space 14336K, 0% used [0x00000000ff200000,0x00000000ff200000,0x0000000100000000)
 ParOldGen       total 417792K, used 370123K [0x00000000c0000000, 0x00000000d9800000, 0x00000000eab00000)
  object space 417792K, 88% used [0x00000000c0000000,0x00000000d6972d08,0x00000000d9800000)
 Metaspace       used 52760K, capacity 61564K, committed 61696K, reserved 1101824K
  class space    used 7148K, capacity 10173K, committed 10240K, reserved 1048576K
}
Event: 71.077 GC heap before
{Heap before GC invocations=93 (full 7):
 PSYoungGen      total 334848K, used 334848K [0x00000000eab00000, 0x0000000100000000, 0x0000000100000000)
  eden space 320512K, 100% used [0x00000000eab00000,0x00000000fe400000,0x00000000fe400000)
  from space 14336K, 100% used [0x00000000fe400000,0x00000000ff200000,0x00000000ff200000)
  to   space 14336K, 0% used [0x00000000ff200000,0x00000000ff200000,0x0000000100000000)
 ParOldGen       total 417792K, used 370123K [0x00000000c0000000, 0x00000000d9800000, 0x00000000eab00000)
  object space 417792K, 88% used [0x00000000c0000000,0x00000000d6972d08,0x00000000d9800000)
 Metaspace       used 52760K, capacity 61564K, committed 61696K, reserved 1101824K
  class space    used 7148K, capacity 10173K, committed 10240K, reserved 1048576K
Event: 71.097 GC heap after
Heap after GC invocations=93 (full 7):
 PSYoungGen      total 329728K, used 11328K [0x00000000eab00000, 0x0000000100000000, 0x0000000100000000)
  eden space 315392K, 0% used [0x00000000eab00000,0x00000000eab00000,0x00000000fdf00000)
  from space 14336K, 79% used [0x00000000ff200000,0x00000000ffd10000,0x0000000100000000)
  to   space 16896K, 0% used [0x00000000fdf00000,0x00000000fdf00000,0x00000000fef80000)
 ParOldGen       total 417792K, used 379563K [0x00000000c0000000, 0x00000000d9800000, 0x00000000eab00000)
  object space 417792K, 90% used [0x00000000c0000000,0x00000000d72aad68,0x00000000d9800000)
 Metaspace       used 52760K, capacity 61564K, committed 61696K, reserved 1101824K
  class space    used 7148K, capacity 10173K, committed 10240K, reserved 1048576K
}
Event: 71.414 GC heap before
{Heap before GC invocations=94 (full 7):
 PSYoungGen      total 329728K, used 326720K [0x00000000eab00000, 0x0000000100000000, 0x0000000100000000)
  eden space 315392K, 100% used [0x00000000eab00000,0x00000000fdf00000,0x00000000fdf00000)
  from space 14336K, 79% used [0x00000000ff200000,0x00000000ffd10000,0x0000000100000000)
  to   space 16896K, 0% used [0x00000000fdf00000,0x00000000fdf00000,0x00000000fef80000)
 ParOldGen       total 417792K, used 379563K [0x00000000c0000000, 0x00000000d9800000, 0x00000000eab00000)
  object space 417792K, 90% used [0x00000000c0000000,0x00000000d72aad68,0x00000000d9800000)
 Metaspace       used 52760K, capacity 61564K, committed 61696K, reserved 1101824K
  class space    used 7148K, capacity 10173K, committed 10240K, reserved 1048576K
Event: 71.433 GC heap after
Heap after GC invocations=94 (full 7):
 PSYoungGen      total 332288K, used 10048K [0x00000000eab00000, 0x0000000100000000, 0x0000000100000000)
  eden space 315392K, 0% used [0x00000000eab00000,0x00000000eab00000,0x00000000fdf00000)
  from space 16896K, 59% used [0x00000000fdf00000,0x00000000fe8d0000,0x00000000fef80000)
  to   space 16384K, 0% used [0x00000000ff000000,0x00000000ff000000,0x0000000100000000)
 ParOldGen       total 417792K, used 383959K [0x00000000c0000000, 0x00000000d9800000, 0x00000000eab00000)
  object space 417792K, 91% used [0x00000000c0000000,0x00000000d76f5dd8,0x00000000d9800000)
 Metaspace       used 52760K, capacity 61564K, committed 61696K, reserved 1101824K
  class space    used 7148K, capacity 10173K, committed 10240K, reserved 1048576K
}
Event: 72.665 GC heap before
{Heap before GC invocations=95 (full 7):
 PSYoungGen      total 332288K, used 325440K [0x00000000eab00000, 0x0000000100000000, 0x0000000100000000)
  eden space 315392K, 100% used [0x00000000eab00000,0x00000000fdf00000,0x00000000fdf00000)
  from space 16896K, 59% used [0x00000000fdf00000,0x00000000fe8d0000,0x00000000fef80000)
  to   space 16384K, 0% used [0x00000000ff000000,0x00000000ff000000,0x0000000100000000)
 ParOldGen       total 417792K, used 383959K [0x00000000c0000000, 0x00000000d9800000, 0x00000000eab00000)
  object space 417792K, 91% used [0x00000000c0000000,0x00000000d76f5dd8,0x00000000d9800000)
 Metaspace       used 55417K, capacity 65132K, committed 65280K, reserved 1103872K
  class space    used 7668K, capacity 10899K, committed 11008K, reserved 1048576K
Event: 72.697 GC heap after
Heap after GC invocations=95 (full 7):
 PSYoungGen      total 321536K, used 16384K [0x00000000eab00000, 0x0000000100000000, 0x0000000100000000)
  eden space 305152K, 0% used [0x00000000eab00000,0x00000000eab00000,0x00000000fd500000)
  from space 16384K, 100% used [0x00000000ff000000,0x0000000100000000,0x0000000100000000)
  to   space 22016K, 0% used [0x00000000fd500000,0x00000000fd500000,0x00000000fea80000)
 ParOldGen       total 417792K, used 394420K [0x00000000c0000000, 0x00000000d9800000, 0x00000000eab00000)
  object space 417792K, 94% used [0x00000000c0000000,0x00000000d812d1b0,0x00000000d9800000)
 Metaspace       used 55417K, capacity 65132K, committed 65280K, reserved 1103872K
  class space    used 7668K, capacity 10899K, committed 11008K, reserved 1048576K
}
Event: 73.471 GC heap before
{Heap before GC invocations=96 (full 7):
 PSYoungGen      total 321536K, used 321536K [0x00000000eab00000, 0x0000000100000000, 0x0000000100000000)
  eden space 305152K, 100% used [0x00000000eab00000,0x00000000fd500000,0x00000000fd500000)
  from space 16384K, 100% used [0x00000000ff000000,0x0000000100000000,0x0000000100000000)
  to   space 22016K, 0% used [0x00000000fd500000,0x00000000fd500000,0x00000000fea80000)
 ParOldGen       total 417792K, used 394420K [0x00000000c0000000, 0x00000000d9800000, 0x00000000eab00000)
  object space 417792K, 94% used [0x00000000c0000000,0x00000000d812d1b0,0x00000000d9800000)
 Metaspace       used 55626K, capacity 65420K, committed 65536K, reserved 1103872K
  class space    used 7688K, capacity 10935K, committed 11008K, reserved 1048576K
Event: 73.501 GC heap after
Heap after GC invocations=96 (full 7):
 PSYoungGen      total 327168K, used 6400K [0x00000000eab00000, 0x0000000100000000, 0x0000000100000000)
  eden space 305152K, 0% used [0x00000000eab00000,0x00000000eab00000,0x00000000fd500000)
  from space 22016K, 29% used [0x00000000fd500000,0x00000000fdb40000,0x00000000fea80000)
  to   space 21504K, 0% used [0x00000000feb00000,0x00000000feb00000,0x0000000100000000)
 ParOldGen       total 417792K, used 410173K [0x00000000c0000000, 0x00000000d9800000, 0x00000000eab00000)
  object space 417792K, 98% used [0x00000000c0000000,0x00000000d908f538,0x00000000d9800000)
 Metaspace       used 55626K, capacity 65420K, committed 65536K, reserved 1103872K
  class space    used 7688K, capacity 10935K, committed 11008K, reserved 1048576K
}
Event: 73.501 GC heap before
{Heap before GC invocations=97 (full 8):
 PSYoungGen      total 327168K, used 6400K [0x00000000eab00000, 0x0000000100000000, 0x0000000100000000)
  eden space 305152K, 0% used [0x00000000eab00000,0x00000000eab00000,0x00000000fd500000)
  from space 22016K, 29% used [0x00000000fd500000,0x00000000fdb40000,0x00000000fea80000)
  to   space 21504K, 0% used [0x00000000feb00000,0x00000000feb00000,0x0000000100000000)
 ParOldGen       total 417792K, used 410173K [0x00000000c0000000, 0x00000000d9800000, 0x00000000eab00000)
  object space 417792K, 98% used [0x00000000c0000000,0x00000000d908f538,0x00000000d9800000)
 Metaspace       used 55626K, capacity 65420K, committed 65536K, reserved 1103872K
  class space    used 7688K, capacity 10935K, committed 11008K, reserved 1048576K

