# JRE version: Java(TM) SE Runtime Environment (8.0_101-b13) (build 1.8.0_101-b13)
# Java VM: Java HotSpot(TM) 64-Bit Server VM (25.101-b13 mixed mode linux-amd64 compressed oops)
Heap:
 PSYoungGen      total 272384K, used 6456K [0x00000000eab00000, 0x0000000100000000, 0x0000000100000000)
  eden space 228352K, 0% used [0x00000000eab00000,0x00000000eab00000,0x00000000f8a00000)
  from space 44032K, 14% used [0x00000000f8a00000,0x00000000f904e0a0,0x00000000fb500000)
  to   space 60928K, 0% used [0x00000000fc480000,0x00000000fc480000,0x0000000100000000)
 ParOldGen       total 390144K, used 390074K [0x00000000c0000000, 0x00000000d7d00000, 0x00000000eab00000)
  object space 390144K, 99% used [0x00000000c0000000,0x00000000d7cee800,0x00000000d7d00000)
 Metaspace       used 55950K, capacity 67502K, committed 67800K, reserved 1103872K
  class space    used 8618K, capacity 12937K, committed 13016K, reserved 1048576K
GC Heap History (10 events):
Event: 45.766 GC heap after
Heap after GC invocations=103 (full 4):
 PSYoungGen      total 290816K, used 46080K [0x00000000eab00000, 0x0000000100000000, 0x0000000100000000)
  eden space 244736K, 0% used [0x00000000eab00000,0x00000000eab00000,0x00000000f9a00000)
  from space 46080K, 100% used [0x00000000f9a00000,0x00000000fc700000,0x00000000fc700000)
  to   space 55296K, 0% used [0x00000000fca00000,0x00000000fca00000,0x0000000100000000)
 ParOldGen       total 390144K, used 376487K [0x00000000c0000000, 0x00000000d7d00000, 0x00000000eab00000)
  object space 390144K, 96% used [0x00000000c0000000,0x00000000d6fa9c08,0x00000000d7d00000)
 Metaspace       used 55944K, capacity 67502K, committed 67800K, reserved 1103872K
  class space    used 8618K, capacity 12937K, committed 13016K, reserved 1048576K
}
Event: 46.129 GC heap before
{Heap before GC invocations=104 (full 4):
 PSYoungGen      total 290816K, used 290816K [0x00000000eab00000, 0x0000000100000000, 0x0000000100000000)
  eden space 244736K, 100% used [0x00000000eab00000,0x00000000f9a00000,0x00000000f9a00000)
  from space 46080K, 100% used [0x00000000f9a00000,0x00000000fc700000,0x00000000fc700000)
  to   space 55296K, 0% used [0x00000000fca00000,0x00000000fca00000,0x0000000100000000)
 ParOldGen       total 390144K, used 376487K [0x00000000c0000000, 0x00000000d7d00000, 0x00000000eab00000)
  object space 390144K, 96% used [0x00000000c0000000,0x00000000d6fa9c08,0x00000000d7d00000)
 Metaspace       used 55950K, capacity 67502K, committed 67800K, reserved 1103872K
  class space    used 8618K, capacity 12937K, committed 13016K, reserved 1048576K
Event: 46.161 GC heap after
Heap after GC invocations=104 (full 4):
 PSYoungGen      total 290816K, used 43584K [0x00000000eab00000, 0x0000000100000000, 0x0000000100000000)
  eden space 235520K, 0% used [0x00000000eab00000,0x00000000eab00000,0x00000000f9100000)
  from space 55296K, 78% used [0x00000000fca00000,0x00000000ff490000,0x0000000100000000)
  to   space 56832K, 0% used [0x00000000f9100000,0x00000000f9100000,0x00000000fc880000)
 ParOldGen       total 390144K, used 378947K [0x00000000c0000000, 0x00000000d7d00000, 0x00000000eab00000)
  object space 390144K, 97% used [0x00000000c0000000,0x00000000d7210c78,0x00000000d7d00000)
 Metaspace       used 55950K, capacity 67502K, committed 67800K, reserved 1103872K
  class space    used 8618K, capacity 12937K, committed 13016K, reserved 1048576K
}
Event: 46.708 GC heap before
{Heap before GC invocations=105 (full 4):
 PSYoungGen      total 290816K, used 279104K [0x00000000eab00000, 0x0000000100000000, 0x0000000100000000)
  eden space 235520K, 100% used [0x00000000eab00000,0x00000000f9100000,0x00000000f9100000)
  from space 55296K, 78% used [0x00000000fca00000,0x00000000ff490000,0x0000000100000000)
  to   space 56832K, 0% used [0x00000000f9100000,0x00000000f9100000,0x00000000fc880000)
 ParOldGen       total 390144K, used 378947K [0x00000000c0000000, 0x00000000d7d00000, 0x00000000eab00000)
  object space 390144K, 97% used [0x00000000c0000000,0x00000000d7210c78,0x00000000d7d00000)
 Metaspace       used 55950K, capacity 67502K, committed 67800K, reserved 1103872K
  class space    used 8618K, capacity 12937K, committed 13016K, reserved 1048576K
Event: 46.745 GC heap after
Heap after GC invocations=105 (full 4):
 PSYoungGen      total 284160K, used 48192K [0x00000000eab00000, 0x0000000100000000, 0x0000000100000000)
  eden space 235520K, 0% used [0x00000000eab00000,0x00000000eab00000,0x00000000f9100000)
  from space 48640K, 99% used [0x00000000f9100000,0x00000000fc010000,0x00000000fc080000)
  to   space 59904K, 0% used [0x00000000fc580000,0x00000000fc580000,0x0000000100000000)
 ParOldGen       total 390144K, used 380539K [0x00000000c0000000, 0x00000000d7d00000, 0x00000000eab00000)
  object space 390144K, 97% used [0x00000000c0000000,0x00000000d739ec98,0x00000000d7d00000)
 Metaspace       used 55950K, capacity 67502K, committed 67800K, reserved 1103872K
  class space    used 8618K, capacity 12937K, committed 13016K, reserved 1048576K
}
Event: 47.065 GC heap before
{Heap before GC invocations=106 (full 4):
 PSYoungGen      total 284160K, used 283712K [0x00000000eab00000, 0x0000000100000000, 0x0000000100000000)
  eden space 235520K, 100% used [0x00000000eab00000,0x00000000f9100000,0x00000000f9100000)
  from space 48640K, 99% used [0x00000000f9100000,0x00000000fc010000,0x00000000fc080000)
  to   space 59904K, 0% used [0x00000000fc580000,0x00000000fc580000,0x0000000100000000)
 ParOldGen       total 390144K, used 380539K [0x00000000c0000000, 0x00000000d7d00000, 0x00000000eab00000)
  object space 390144K, 97% used [0x00000000c0000000,0x00000000d739ec98,0x00000000d7d00000)
 Metaspace       used 55950K, capacity 67502K, committed 67800K, reserved 1103872K
  class space    used 8618K, capacity 12937K, committed 13016K, reserved 1048576K
Event: 47.114 GC heap after
Heap after GC invocations=106 (full 4):
 PSYoungGen      total 288256K, used 43680K [0x00000000eab00000, 0x0000000100000000, 0x0000000100000000)
  eden space 228352K, 0% used [0x00000000eab00000,0x00000000eab00000,0x00000000f8a00000)
  from space 59904K, 72% used [0x00000000fc580000,0x00000000ff028000,0x0000000100000000)
  to   space 60416K, 0% used [0x00000000f8a00000,0x00000000f8a00000,0x00000000fc500000)
 ParOldGen       total 390144K, used 383791K [0x00000000c0000000, 0x00000000d7d00000, 0x00000000eab00000)
  object space 390144K, 98% used [0x00000000c0000000,0x00000000d76cbd28,0x00000000d7d00000)
 Metaspace       used 55950K, capacity 67502K, committed 67800K, reserved 1103872K
  class space    used 8618K, capacity 12937K, committed 13016K, reserved 1048576K
}
Event: 47.740 GC heap before
{Heap before GC invocations=107 (full 4):
 PSYoungGen      total 288256K, used 272032K [0x00000000eab00000, 0x0000000100000000, 0x0000000100000000)
  eden space 228352K, 100% used [0x00000000eab00000,0x00000000f8a00000,0x00000000f8a00000)
  from space 59904K, 72% used [0x00000000fc580000,0x00000000ff028000,0x0000000100000000)
  to   space 60416K, 0% used [0x00000000f8a00000,0x00000000f8a00000,0x00000000fc500000)
 ParOldGen       total 390144K, used 383791K [0x00000000c0000000, 0x00000000d7d00000, 0x00000000eab00000)
  object space 390144K, 98% used [0x00000000c0000000,0x00000000d76cbd28,0x00000000d7d00000)
 Metaspace       used 55950K, capacity 67502K, committed 67800K, reserved 1103872K
  class space    used 8618K, capacity 12937K, committed 13016K, reserved 1048576K
Event: 47.772 GC heap after
Heap after GC invocations=107 (full 4):
 PSYoungGen      total 272384K, used 43968K [0x00000000eab00000, 0x0000000100000000, 0x0000000100000000)
  eden space 228352K, 0% used [0x00000000eab00000,0x00000000eab00000,0x00000000f8a00000)
  from space 44032K, 99% used [0x00000000f8a00000,0x00000000fb4f0000,0x00000000fb500000)
  to   space 60928K, 0% used [0x00000000fc480000,0x00000000fc480000,0x0000000100000000)
 ParOldGen       total 390144K, used 386639K [0x00000000c0000000, 0x00000000d7d00000, 0x00000000eab00000)
  object space 390144K, 99% used [0x00000000c0000000,0x00000000d7993d88,0x00000000d7d00000)
 Metaspace       used 55950K, capacity 67502K, committed 67800K, reserved 1103872K
  class space    used 8618K, capacity 12937K, committed 13016K, reserved 1048576K
}
Event: 47.772 GC heap before
{Heap before GC invocations=108 (full 5):
 PSYoungGen      total 272384K, used 43968K [0x00000000eab00000, 0x0000000100000000, 0x0000000100000000)
  eden space 228352K, 0% used [0x00000000eab00000,0x00000000eab00000,0x00000000f8a00000)
  from space 44032K, 99% used [0x00000000f8a00000,0x00000000fb4f0000,0x00000000fb500000)
  to   space 60928K, 0% used [0x00000000fc480000,0x00000000fc480000,0x0000000100000000)
 ParOldGen       total 390144K, used 386639K [0x00000000c0000000, 0x00000000d7d00000, 0x00000000eab00000)
  object space 390144K, 99% used [0x00000000c0000000,0x00000000d7993d88,0x00000000d7d00000)
 Metaspace       used 55950K, capacity 67502K, committed 67800K, reserved 1103872K
  class space    used 8618K, capacity 12937K, committed 13016K, reserved 1048576K

