# JRE version: Java(TM) SE Runtime Environment (8.0_101-b13) (build 1.8.0_101-b13)
# Java VM: Java HotSpot(TM) 64-Bit Server VM (25.101-b13 mixed mode linux-amd64 compressed oops)
Heap:
 PSYoungGen      total 416768K, used 17904K [0x00000000d7000000, 0x00000000f3700000, 0x0000000100000000)
  eden space 398848K, 0% used [0x00000000d7000000,0x00000000d7000000,0x00000000ef580000)
  from space 17920K, 99% used [0x00000000ef580000,0x00000000f06fc2f0,0x00000000f0700000)
  to   space 17408K, 0% used [0x00000000f0700000,0x00000000f0700000,0x00000000f1800000)
 ParOldGen       total 79872K, used 25899K [0x0000000085000000, 0x0000000089e00000, 0x00000000d7000000)
  object space 79872K, 32% used [0x0000000085000000,0x000000008694ae50,0x0000000089e00000)
 Metaspace       used 41052K, capacity 41596K, committed 41984K, reserved 1085440K
  class space    used 4897K, capacity 5017K, committed 5120K, reserved 1048576K
GC Heap History (10 events):
Event: 9.892 GC heap after
Heap after GC invocations=10 (full 1):
 PSYoungGen      total 210944K, used 11750K [0x00000000d7000000, 0x00000000e9e80000, 0x0000000100000000)
  eden space 199168K, 0% used [0x00000000d7000000,0x00000000d7000000,0x00000000e3280000)
  from space 11776K, 99% used [0x00000000e3280000,0x00000000e3df9b78,0x00000000e3e00000)
  to   space 15872K, 0% used [0x00000000e8f00000,0x00000000e8f00000,0x00000000e9e80000)
 ParOldGen       total 57856K, used 16541K [0x0000000085000000, 0x0000000088880000, 0x00000000d7000000)
  object space 57856K, 28% used [0x0000000085000000,0x0000000086027428,0x0000000088880000)
 Metaspace       used 31874K, capacity 32306K, committed 32640K, reserved 1077248K
  class space    used 3806K, capacity 3910K, committed 3968K, reserved 1048576K
}
Event: 10.853 GC heap before
{Heap before GC invocations=11 (full 1):
 PSYoungGen      total 210944K, used 210918K [0x00000000d7000000, 0x00000000e9e80000, 0x0000000100000000)
  eden space 199168K, 100% used [0x00000000d7000000,0x00000000e3280000,0x00000000e3280000)
  from space 11776K, 99% used [0x00000000e3280000,0x00000000e3df9b78,0x00000000e3e00000)
  to   space 15872K, 0% used [0x00000000e8f00000,0x00000000e8f00000,0x00000000e9e80000)
 ParOldGen       total 57856K, used 16541K [0x0000000085000000, 0x0000000088880000, 0x00000000d7000000)
  object space 57856K, 28% used [0x0000000085000000,0x0000000086027428,0x0000000088880000)
 Metaspace       used 34341K, capacity 34788K, committed 34944K, reserved 1079296K
  class space    used 4091K, capacity 4201K, committed 4224K, reserved 1048576K
Event: 10.872 GC heap after
Heap after GC invocations=11 (full 1):
 PSYoungGen      total 292352K, used 13171K [0x00000000d7000000, 0x00000000ea280000, 0x0000000100000000)
  eden space 276480K, 0% used [0x00000000d7000000,0x00000000d7000000,0x00000000e7e00000)
  from space 15872K, 82% used [0x00000000e8f00000,0x00000000e9bdcf80,0x00000000e9e80000)
  to   space 17408K, 0% used [0x00000000e7e00000,0x00000000e7e00000,0x00000000e8f00000)
 ParOldGen       total 57856K, used 21129K [0x0000000085000000, 0x0000000088880000, 0x00000000d7000000)
  object space 57856K, 36% used [0x0000000085000000,0x00000000864a24b8,0x0000000088880000)
 Metaspace       used 34341K, capacity 34788K, committed 34944K, reserved 1079296K
  class space    used 4091K, capacity 4201K, committed 4224K, reserved 1048576K
}
Event: 11.071 GC heap before
{Heap before GC invocations=12 (full 1):
 PSYoungGen      total 292352K, used 39356K [0x00000000d7000000, 0x00000000ea280000, 0x0000000100000000)
  eden space 276480K, 9% used [0x00000000d7000000,0x00000000d8992130,0x00000000e7e00000)
  from space 15872K, 82% used [0x00000000e8f00000,0x00000000e9bdcf80,0x00000000e9e80000)
  to   space 17408K, 0% used [0x00000000e7e00000,0x00000000e7e00000,0x00000000e8f00000)
 ParOldGen       total 57856K, used 21129K [0x0000000085000000, 0x0000000088880000, 0x00000000d7000000)
  object space 57856K, 36% used [0x0000000085000000,0x00000000864a24b8,0x0000000088880000)
 Metaspace       used 34839K, capacity 35204K, committed 35496K, reserved 1081344K
  class space    used 4139K, capacity 4233K, committed 4352K, reserved 1048576K
Event: 11.081 GC heap after
Heap after GC invocations=12 (full 1):
 PSYoungGen      total 293888K, used 1408K [0x00000000d7000000, 0x00000000f1800000, 0x0000000100000000)
  eden space 276480K, 0% used [0x00000000d7000000,0x00000000d7000000,0x00000000e7e00000)
  from space 17408K, 8% used [0x00000000e7e00000,0x00000000e7f60150,0x00000000e8f00000)
  to   space 17408K, 0% used [0x00000000f0700000,0x00000000f0700000,0x00000000f1800000)
 ParOldGen       total 57856K, used 24856K [0x0000000085000000, 0x0000000088880000, 0x00000000d7000000)
  object space 57856K, 42% used [0x0000000085000000,0x00000000868460a8,0x0000000088880000)
 Metaspace       used 34839K, capacity 35204K, committed 35496K, reserved 1081344K
  class space    used 4139K, capacity 4233K, committed 4352K, reserved 1048576K
}
Event: 11.081 GC heap before
{Heap before GC invocations=13 (full 2):
 PSYoungGen      total 293888K, used 1408K [0x00000000d7000000, 0x00000000f1800000, 0x0000000100000000)
  eden space 276480K, 0% used [0x00000000d7000000,0x00000000d7000000,0x00000000e7e00000)
  from space 17408K, 8% used [0x00000000e7e00000,0x00000000e7f60150,0x00000000e8f00000)
  to   space 17408K, 0% used [0x00000000f0700000,0x00000000f0700000,0x00000000f1800000)
 ParOldGen       total 57856K, used 24856K [0x0000000085000000, 0x0000000088880000, 0x00000000d7000000)
  object space 57856K, 42% used [0x0000000085000000,0x00000000868460a8,0x0000000088880000)
 Metaspace       used 34839K, capacity 35204K, committed 35496K, reserved 1081344K
  class space    used 4139K, capacity 4233K, committed 4352K, reserved 1048576K
Event: 11.141 GC heap after
Heap after GC invocations=13 (full 2):
 PSYoungGen      total 293888K, used 0K [0x00000000d7000000, 0x00000000f1800000, 0x0000000100000000)
  eden space 276480K, 0% used [0x00000000d7000000,0x00000000d7000000,0x00000000e7e00000)
  from space 17408K, 0% used [0x00000000e7e00000,0x00000000e7e00000,0x00000000e8f00000)
  to   space 17408K, 0% used [0x00000000f0700000,0x00000000f0700000,0x00000000f1800000)
 ParOldGen       total 79872K, used 17806K [0x0000000085000000, 0x0000000089e00000, 0x00000000d7000000)
  object space 79872K, 22% used [0x0000000085000000,0x0000000086163a80,0x0000000089e00000)
 Metaspace       used 34839K, capacity 35204K, committed 35496K, reserved 1081344K
  class space    used 4139K, capacity 4233K, committed 4352K, reserved 1048576K
}
Event: 13.382 GC heap before
{Heap before GC invocations=14 (full 2):
 PSYoungGen      total 293888K, used 276480K [0x00000000d7000000, 0x00000000f1800000, 0x0000000100000000)
  eden space 276480K, 100% used [0x00000000d7000000,0x00000000e7e00000,0x00000000e7e00000)
  from space 17408K, 0% used [0x00000000e7e00000,0x00000000e7e00000,0x00000000e8f00000)
  to   space 17408K, 0% used [0x00000000f0700000,0x00000000f0700000,0x00000000f1800000)
 ParOldGen       total 79872K, used 17806K [0x0000000085000000, 0x0000000089e00000, 0x00000000d7000000)
  object space 79872K, 22% used [0x0000000085000000,0x0000000086163a80,0x0000000089e00000)
 Metaspace       used 39079K, capacity 39652K, committed 39936K, reserved 1085440K
  class space    used 4687K, capacity 4821K, committed 4864K, reserved 1048576K
Event: 14.737 GC heap after
Heap after GC invocations=14 (full 2):
 PSYoungGen      total 416256K, used 11652K [0x00000000d7000000, 0x00000000f3700000, 0x0000000100000000)
  eden space 398848K, 0% used [0x00000000d7000000,0x00000000d7000000,0x00000000ef580000)
  from space 17408K, 66% used [0x00000000f0700000,0x00000000f12613d0,0x00000000f1800000)
  to   space 17920K, 0% used [0x00000000ef580000,0x00000000ef580000,0x00000000f0700000)
 ParOldGen       total 79872K, used 17806K [0x0000000085000000, 0x0000000089e00000, 0x00000000d7000000)
  object space 79872K, 22% used [0x0000000085000000,0x0000000086163a80,0x0000000089e00000)
 Metaspace       used 39079K, capacity 39652K, committed 39936K, reserved 1085440K
  class space    used 4687K, capacity 4821K, committed 4864K, reserved 1048576K
}
Event: 16.200 GC heap before
{Heap before GC invocations=15 (full 2):
 PSYoungGen      total 416256K, used 410500K [0x00000000d7000000, 0x00000000f3700000, 0x0000000100000000)
  eden space 398848K, 100% used [0x00000000d7000000,0x00000000ef580000,0x00000000ef580000)
  from space 17408K, 66% used [0x00000000f0700000,0x00000000f12613d0,0x00000000f1800000)
  to   space 17920K, 0% used [0x00000000ef580000,0x00000000ef580000,0x00000000f0700000)
 ParOldGen       total 79872K, used 17806K [0x0000000085000000, 0x0000000089e00000, 0x00000000d7000000)
  object space 79872K, 22% used [0x0000000085000000,0x0000000086163a80,0x0000000089e00000)
 Metaspace       used 41052K, capacity 41596K, committed 41984K, reserved 1085440K
  class space    used 4897K, capacity 5017K, committed 5120K, reserved 1048576K

