# JRE version: Java(TM) SE Runtime Environment (8.0_101-b13) (build 1.8.0_101-b13)
# Java VM: Java HotSpot(TM) 64-Bit Server VM (25.101-b13 mixed mode linux-amd64 compressed oops)
Heap:
 PSYoungGen      total 344576K, used 14919K [0x00000000d7000000, 0x00000000ed180000, 0x0000000100000000)
  eden space 327168K, 0% used [0x00000000d7000000,0x00000000d7000000,0x00000000eaf80000)
  from space 17408K, 85% used [0x00000000eaf80000,0x00000000ebe11ee0,0x00000000ec080000)
  to   space 11264K, 0% used [0x00000000ec680000,0x00000000ec680000,0x00000000ed180000)
 ParOldGen       total 89088K, used 21891K [0x0000000085000000, 0x000000008a700000, 0x00000000d7000000)
  object space 89088K, 24% used [0x0000000085000000,0x0000000086560f48,0x000000008a700000)
 Metaspace       used 40542K, capacity 41060K, committed 41384K, reserved 1085440K
  class space    used 4852K, capacity 4985K, committed 5032K, reserved 1048576K
GC Heap History (10 events):
Event: 9.505 GC heap after
Heap after GC invocations=10 (full 1):
 PSYoungGen      total 202240K, used 11755K [0x00000000d7000000, 0x00000000e7e00000, 0x0000000100000000)
  eden space 190464K, 0% used [0x00000000d7000000,0x00000000d7000000,0x00000000e2a00000)
  from space 11776K, 99% used [0x00000000e2a00000,0x00000000e357ae90,0x00000000e3580000)
  to   space 14848K, 0% used [0x00000000e6f80000,0x00000000e6f80000,0x00000000e7e00000)
 ParOldGen       total 60928K, used 14445K [0x0000000085000000, 0x0000000088b80000, 0x00000000d7000000)
  object space 60928K, 23% used [0x0000000085000000,0x0000000085e1b408,0x0000000088b80000)
 Metaspace       used 31857K, capacity 32204K, committed 32384K, reserved 1077248K
  class space    used 3807K, capacity 3913K, committed 3968K, reserved 1048576K
}
Event: 10.106 GC heap before
{Heap before GC invocations=11 (full 1):
 PSYoungGen      total 202240K, used 202219K [0x00000000d7000000, 0x00000000e7e00000, 0x0000000100000000)
  eden space 190464K, 100% used [0x00000000d7000000,0x00000000e2a00000,0x00000000e2a00000)
  from space 11776K, 99% used [0x00000000e2a00000,0x00000000e357ae90,0x00000000e3580000)
  to   space 14848K, 0% used [0x00000000e6f80000,0x00000000e6f80000,0x00000000e7e00000)
 ParOldGen       total 60928K, used 14445K [0x0000000085000000, 0x0000000088b80000, 0x00000000d7000000)
  object space 60928K, 23% used [0x0000000085000000,0x0000000085e1b408,0x0000000088b80000)
 Metaspace       used 34027K, capacity 34444K, committed 34688K, reserved 1079296K
  class space    used 4046K, capacity 4169K, committed 4224K, reserved 1048576K
Event: 10.120 GC heap after
Heap after GC invocations=11 (full 1):
 PSYoungGen      total 258048K, used 14842K [0x00000000d7000000, 0x00000000e8900000, 0x0000000100000000)
  eden space 243200K, 0% used [0x00000000d7000000,0x00000000d7000000,0x00000000e5d80000)
  from space 14848K, 99% used [0x00000000e6f80000,0x00000000e7dfeac0,0x00000000e7e00000)
  to   space 18432K, 0% used [0x00000000e5d80000,0x00000000e5d80000,0x00000000e6f80000)
 ParOldGen       total 60928K, used 18423K [0x0000000085000000, 0x0000000088b80000, 0x00000000d7000000)
  object space 60928K, 30% used [0x0000000085000000,0x00000000861fdf00,0x0000000088b80000)
 Metaspace       used 34027K, capacity 34444K, committed 34688K, reserved 1079296K
  class space    used 4046K, capacity 4169K, committed 4224K, reserved 1048576K
}
Event: 10.376 GC heap before
{Heap before GC invocations=12 (full 1):
 PSYoungGen      total 258048K, used 83785K [0x00000000d7000000, 0x00000000e8900000, 0x0000000100000000)
  eden space 243200K, 28% used [0x00000000d7000000,0x00000000db353bf0,0x00000000e5d80000)
  from space 14848K, 99% used [0x00000000e6f80000,0x00000000e7dfeac0,0x00000000e7e00000)
  to   space 18432K, 0% used [0x00000000e5d80000,0x00000000e5d80000,0x00000000e6f80000)
 ParOldGen       total 60928K, used 18423K [0x0000000085000000, 0x0000000088b80000, 0x00000000d7000000)
  object space 60928K, 30% used [0x0000000085000000,0x00000000861fdf00,0x0000000088b80000)
 Metaspace       used 34929K, capacity 35294K, committed 35496K, reserved 1081344K
  class space    used 4158K, capacity 4236K, committed 4264K, reserved 1048576K
Event: 10.389 GC heap after
Heap after GC invocations=12 (full 1):
 PSYoungGen      total 261632K, used 6288K [0x00000000d7000000, 0x00000000ed800000, 0x0000000100000000)
  eden space 243200K, 0% used [0x00000000d7000000,0x00000000d7000000,0x00000000e5d80000)
  from space 18432K, 34% used [0x00000000e5d80000,0x00000000e63a40c0,0x00000000e6f80000)
  to   space 17920K, 0% used [0x00000000ec680000,0x00000000ec680000,0x00000000ed800000)
 ParOldGen       total 60928K, used 22819K [0x0000000085000000, 0x0000000088b80000, 0x00000000d7000000)
  object space 60928K, 37% used [0x0000000085000000,0x0000000086648f90,0x0000000088b80000)
 Metaspace       used 34929K, capacity 35294K, committed 35496K, reserved 1081344K
  class space    used 4158K, capacity 4236K, committed 4264K, reserved 1048576K
}
Event: 10.389 GC heap before
{Heap before GC invocations=13 (full 2):
 PSYoungGen      total 261632K, used 6288K [0x00000000d7000000, 0x00000000ed800000, 0x0000000100000000)
  eden space 243200K, 0% used [0x00000000d7000000,0x00000000d7000000,0x00000000e5d80000)
  from space 18432K, 34% used [0x00000000e5d80000,0x00000000e63a40c0,0x00000000e6f80000)
  to   space 17920K, 0% used [0x00000000ec680000,0x00000000ec680000,0x00000000ed800000)
 ParOldGen       total 60928K, used 22819K [0x0000000085000000, 0x0000000088b80000, 0x00000000d7000000)
  object space 60928K, 37% used [0x0000000085000000,0x0000000086648f90,0x0000000088b80000)
 Metaspace       used 34929K, capacity 35294K, committed 35496K, reserved 1081344K
  class space    used 4158K, capacity 4236K, committed 4264K, reserved 1048576K
Event: 10.469 GC heap after
Heap after GC invocations=13 (full 2):
 PSYoungGen      total 261632K, used 0K [0x00000000d7000000, 0x00000000ed800000, 0x0000000100000000)
  eden space 243200K, 0% used [0x00000000d7000000,0x00000000d7000000,0x00000000e5d80000)
  from space 18432K, 0% used [0x00000000e5d80000,0x00000000e5d80000,0x00000000e6f80000)
  to   space 17920K, 0% used [0x00000000ec680000,0x00000000ec680000,0x00000000ed800000)
 ParOldGen       total 89088K, used 19106K [0x0000000085000000, 0x000000008a700000, 0x00000000d7000000)
  object space 89088K, 21% used [0x0000000085000000,0x00000000862a8aa0,0x000000008a700000)
 Metaspace       used 34929K, capacity 35294K, committed 35496K, reserved 1081344K
  class space    used 4158K, capacity 4236K, committed 4264K, reserved 1048576K
}
Event: 12.298 GC heap before
{Heap before GC invocations=14 (full 2):
 PSYoungGen      total 261632K, used 243200K [0x00000000d7000000, 0x00000000ed800000, 0x0000000100000000)
  eden space 243200K, 100% used [0x00000000d7000000,0x00000000e5d80000,0x00000000e5d80000)
  from space 18432K, 0% used [0x00000000e5d80000,0x00000000e5d80000,0x00000000e6f80000)
  to   space 17920K, 0% used [0x00000000ec680000,0x00000000ec680000,0x00000000ed800000)
 ParOldGen       total 89088K, used 19106K [0x0000000085000000, 0x000000008a700000, 0x00000000d7000000)
  object space 89088K, 21% used [0x0000000085000000,0x00000000862a8aa0,0x000000008a700000)
 Metaspace       used 38895K, capacity 39454K, committed 39720K, reserved 1083392K
  class space    used 4677K, capacity 4792K, committed 4904K, reserved 1048576K
Event: 12.309 GC heap after
Heap after GC invocations=14 (full 2):
 PSYoungGen      total 338432K, used 9717K [0x00000000d7000000, 0x00000000ed180000, 0x0000000100000000)
  eden space 327168K, 0% used [0x00000000d7000000,0x00000000d7000000,0x00000000eaf80000)
  from space 11264K, 86% used [0x00000000ec680000,0x00000000ecffd6d8,0x00000000ed180000)
  to   space 17408K, 0% used [0x00000000eaf80000,0x00000000eaf80000,0x00000000ec080000)
 ParOldGen       total 89088K, used 19114K [0x0000000085000000, 0x000000008a700000, 0x00000000d7000000)
  object space 89088K, 21% used [0x0000000085000000,0x00000000862aaaa0,0x000000008a700000)
 Metaspace       used 38895K, capacity 39454K, committed 39720K, reserved 1083392K
  class space    used 4677K, capacity 4792K, committed 4904K, reserved 1048576K
}
Event: 13.221 GC heap before
{Heap before GC invocations=15 (full 2):
 PSYoungGen      total 338432K, used 336885K [0x00000000d7000000, 0x00000000ed180000, 0x0000000100000000)
  eden space 327168K, 100% used [0x00000000d7000000,0x00000000eaf80000,0x00000000eaf80000)
  from space 11264K, 86% used [0x00000000ec680000,0x00000000ecffd6d8,0x00000000ed180000)
  to   space 17408K, 0% used [0x00000000eaf80000,0x00000000eaf80000,0x00000000ec080000)
 ParOldGen       total 89088K, used 19114K [0x0000000085000000, 0x000000008a700000, 0x00000000d7000000)
  object space 89088K, 21% used [0x0000000085000000,0x00000000862aaaa0,0x000000008a700000)
 Metaspace       used 40542K, capacity 41060K, committed 41384K, reserved 1085440K
  class space    used 4852K, capacity 4985K, committed 5032K, reserved 1048576K

