# JRE version: Java(TM) SE Runtime Environment (8.0_101-b13) (build 1.8.0_101-b13)
# Java VM: Java HotSpot(TM) 64-Bit Server VM (25.101-b13 mixed mode linux-amd64 compressed oops)
Heap:
 PSYoungGen      total 487424K, used 2112K [0x00000000d7000000, 0x00000000f6180000, 0x0000000100000000)
  eden space 465408K, 0% used [0x00000000d7000000,0x00000000d7000000,0x00000000f3680000)
  from space 22016K, 9% used [0x00000000f3680000,0x00000000f3890000,0x00000000f4c00000)
  to   space 7168K, 0% used [0x00000000f5a80000,0x00000000f5a80000,0x00000000f6180000)
 ParOldGen       total 93184K, used 39535K [0x0000000085000000, 0x000000008ab00000, 0x00000000d7000000)
  object space 93184K, 42% used [0x0000000085000000,0x000000008769bd10,0x000000008ab00000)
 Metaspace       used 43900K, capacity 44746K, committed 45056K, reserved 1089536K
  class space    used 5148K, capacity 5312K, committed 5376K, reserved 1048576K
GC Heap History (10 events):
Event: 5.169 GC heap after
Heap after GC invocations=12 (full 2):
 PSYoungGen      total 296960K, used 0K [0x00000000d7000000, 0x00000000ea780000, 0x0000000100000000)
  eden space 282112K, 0% used [0x00000000d7000000,0x00000000d7000000,0x00000000e8380000)
  from space 14848K, 0% used [0x00000000e9380000,0x00000000e9380000,0x00000000ea200000)
  to   space 16384K, 0% used [0x00000000e8380000,0x00000000e8380000,0x00000000e9380000)
 ParOldGen       total 93184K, used 24937K [0x0000000085000000, 0x000000008ab00000, 0x00000000d7000000)
  object space 93184K, 26% used [0x0000000085000000,0x000000008685a5b8,0x000000008ab00000)
 Metaspace       used 34852K, capacity 35256K, committed 35496K, reserved 1081344K
  class space    used 4142K, capacity 4241K, committed 4352K, reserved 1048576K
}
Event: 6.456 GC heap before
{Heap before GC invocations=13 (full 2):
 PSYoungGen      total 296960K, used 282112K [0x00000000d7000000, 0x00000000ea780000, 0x0000000100000000)
  eden space 282112K, 100% used [0x00000000d7000000,0x00000000e8380000,0x00000000e8380000)
  from space 14848K, 0% used [0x00000000e9380000,0x00000000e9380000,0x00000000ea200000)
  to   space 16384K, 0% used [0x00000000e8380000,0x00000000e8380000,0x00000000e9380000)
 ParOldGen       total 93184K, used 24937K [0x0000000085000000, 0x000000008ab00000, 0x00000000d7000000)
  object space 93184K, 26% used [0x0000000085000000,0x000000008685a5b8,0x000000008ab00000)
 Metaspace       used 38244K, capacity 38984K, committed 39168K, reserved 1083392K
  class space    used 4591K, capacity 4741K, committed 4864K, reserved 1048576K
Event: 6.482 GC heap after
Heap after GC invocations=13 (full 2):
 PSYoungGen      total 298496K, used 5515K [0x00000000d7000000, 0x00000000efb80000, 0x0000000100000000)
  eden space 282112K, 0% used [0x00000000d7000000,0x00000000d7000000,0x00000000e8380000)
  from space 16384K, 33% used [0x00000000e8380000,0x00000000e88e2c40,0x00000000e9380000)
  to   space 15872K, 0% used [0x00000000eec00000,0x00000000eec00000,0x00000000efb80000)
 ParOldGen       total 93184K, used 24945K [0x0000000085000000, 0x000000008ab00000, 0x00000000d7000000)
  object space 93184K, 26% used [0x0000000085000000,0x000000008685c5b8,0x000000008ab00000)
 Metaspace       used 38244K, capacity 38984K, committed 39168K, reserved 1083392K
  class space    used 4591K, capacity 4741K, committed 4864K, reserved 1048576K
}
Event: 7.644 GC heap before
{Heap before GC invocations=14 (full 2):
 PSYoungGen      total 298496K, used 287627K [0x00000000d7000000, 0x00000000efb80000, 0x0000000100000000)
  eden space 282112K, 100% used [0x00000000d7000000,0x00000000e8380000,0x00000000e8380000)
  from space 16384K, 33% used [0x00000000e8380000,0x00000000e88e2c40,0x00000000e9380000)
  to   space 15872K, 0% used [0x00000000eec00000,0x00000000eec00000,0x00000000efb80000)
 ParOldGen       total 93184K, used 24945K [0x0000000085000000, 0x000000008ab00000, 0x00000000d7000000)
  object space 93184K, 26% used [0x0000000085000000,0x000000008685c5b8,0x000000008ab00000)
 Metaspace       used 39846K, capacity 40660K, committed 40832K, reserved 1085440K
  class space    used 4772K, capacity 4935K, committed 4992K, reserved 1048576K
Event: 7.656 GC heap after
Heap after GC invocations=14 (full 2):
 PSYoungGen      total 378880K, used 11620K [0x00000000d7000000, 0x00000000ef780000, 0x0000000100000000)
  eden space 367104K, 0% used [0x00000000d7000000,0x00000000d7000000,0x00000000ed680000)
  from space 11776K, 98% used [0x00000000eec00000,0x00000000ef759170,0x00000000ef780000)
  to   space 16384K, 0% used [0x00000000ed780000,0x00000000ed780000,0x00000000ee780000)
 ParOldGen       total 93184K, used 28026K [0x0000000085000000, 0x000000008ab00000, 0x00000000d7000000)
  object space 93184K, 30% used [0x0000000085000000,0x0000000086b5e810,0x000000008ab00000)
 Metaspace       used 39846K, capacity 40660K, committed 40832K, reserved 1085440K
  class space    used 4772K, capacity 4935K, committed 4992K, reserved 1048576K
}
Event: 8.694 GC heap before
{Heap before GC invocations=15 (full 2):
 PSYoungGen      total 378880K, used 378724K [0x00000000d7000000, 0x00000000ef780000, 0x0000000100000000)
  eden space 367104K, 100% used [0x00000000d7000000,0x00000000ed680000,0x00000000ed680000)
  from space 11776K, 98% used [0x00000000eec00000,0x00000000ef759170,0x00000000ef780000)
  to   space 16384K, 0% used [0x00000000ed780000,0x00000000ed780000,0x00000000ee780000)
 ParOldGen       total 93184K, used 28026K [0x0000000085000000, 0x000000008ab00000, 0x00000000d7000000)
  object space 93184K, 30% used [0x0000000085000000,0x0000000086b5e810,0x000000008ab00000)
 Metaspace       used 42243K, capacity 43066K, committed 43392K, reserved 1087488K
  class space    used 5043K, capacity 5208K, committed 5248K, reserved 1048576K
Event: 8.719 GC heap after
Heap after GC invocations=15 (full 2):
 PSYoungGen      total 384512K, used 16378K [0x00000000d7000000, 0x00000000f7080000, 0x0000000100000000)
  eden space 368128K, 0% used [0x00000000d7000000,0x00000000d7000000,0x00000000ed780000)
  from space 16384K, 99% used [0x00000000ed780000,0x00000000ee77eb50,0x00000000ee780000)
  to   space 22528K, 0% used [0x00000000f5a80000,0x00000000f5a80000,0x00000000f7080000)
 ParOldGen       total 93184K, used 37287K [0x0000000085000000, 0x000000008ab00000, 0x00000000d7000000)
  object space 93184K, 40% used [0x0000000085000000,0x0000000087469ce0,0x000000008ab00000)
 Metaspace       used 42243K, capacity 43066K, committed 43392K, reserved 1087488K
  class space    used 5043K, capacity 5208K, committed 5248K, reserved 1048576K
}
Event: 34204.032 GC heap before
{Heap before GC invocations=16 (full 2):
 PSYoungGen      total 384512K, used 384506K [0x00000000d7000000, 0x00000000f7080000, 0x0000000100000000)
  eden space 368128K, 100% used [0x00000000d7000000,0x00000000ed780000,0x00000000ed780000)
  from space 16384K, 99% used [0x00000000ed780000,0x00000000ee77eb50,0x00000000ee780000)
  to   space 22528K, 0% used [0x00000000f5a80000,0x00000000f5a80000,0x00000000f7080000)
 ParOldGen       total 93184K, used 37287K [0x0000000085000000, 0x000000008ab00000, 0x00000000d7000000)
  object space 93184K, 40% used [0x0000000085000000,0x0000000087469ce0,0x000000008ab00000)
 Metaspace       used 43821K, capacity 44618K, committed 44800K, reserved 1089536K
  class space    used 5148K, capacity 5312K, committed 5376K, reserved 1048576K
Event: 34204.310 GC heap after
Heap after GC invocations=16 (full 2):
 PSYoungGen      total 472576K, used 3464K [0x00000000d7000000, 0x00000000f6180000, 0x0000000100000000)
  eden space 465408K, 0% used [0x00000000d7000000,0x00000000d7000000,0x00000000f3680000)
  from space 7168K, 48% used [0x00000000f5a80000,0x00000000f5de21d8,0x00000000f6180000)
  to   space 22016K, 0% used [0x00000000f3680000,0x00000000f3680000,0x00000000f4c00000)
 ParOldGen       total 93184K, used 39527K [0x0000000085000000, 0x000000008ab00000, 0x00000000d7000000)
  object space 93184K, 42% used [0x0000000085000000,0x0000000087699d10,0x000000008ab00000)
 Metaspace       used 43821K, capacity 44618K, committed 44800K, reserved 1089536K
  class space    used 5148K, capacity 5312K, committed 5376K, reserved 1048576K
}
Event: 125750.068 GC heap before
{Heap before GC invocations=17 (full 2):
 PSYoungGen      total 472576K, used 468872K [0x00000000d7000000, 0x00000000f6180000, 0x0000000100000000)
  eden space 465408K, 100% used [0x00000000d7000000,0x00000000f3680000,0x00000000f3680000)
  from space 7168K, 48% used [0x00000000f5a80000,0x00000000f5de21d8,0x00000000f6180000)
  to   space 22016K, 0% used [0x00000000f3680000,0x00000000f3680000,0x00000000f4c00000)
 ParOldGen       total 93184K, used 39527K [0x0000000085000000, 0x000000008ab00000, 0x00000000d7000000)
  object space 93184K, 42% used [0x0000000085000000,0x0000000087699d10,0x000000008ab00000)
 Metaspace       used 43900K, capacity 44746K, committed 45056K, reserved 1089536K
  class space    used 5148K, capacity 5312K, committed 5376K, reserved 1048576K

