# JRE version: Java(TM) SE Runtime Environment (8.0_101-b13) (build 1.8.0_101-b13)
# Java VM: Java HotSpot(TM) 64-Bit Server VM (25.101-b13 mixed mode linux-amd64 compressed oops)
Heap:
 PSYoungGen      total 386048K, used 17396K [0x00000000d7000000, 0x00000000f0d00000, 0x0000000100000000)
  eden space 368640K, 0% used [0x00000000d7000000,0x00000000d7000000,0x00000000ed800000)
  from space 17408K, 99% used [0x00000000eeb00000,0x00000000efbfd198,0x00000000efc00000)
  to   space 13312K, 0% used [0x00000000f0000000,0x00000000f0000000,0x00000000f0d00000)
 ParOldGen       total 70656K, used 26082K [0x0000000085000000, 0x0000000089500000, 0x00000000d7000000)
  object space 70656K, 36% used [0x0000000085000000,0x0000000086978860,0x0000000089500000)
 Metaspace       used 44220K, capacity 44604K, committed 44928K, reserved 1089536K
  class space    used 5353K, capacity 5468K, committed 5504K, reserved 1048576K
GC Heap History (10 events):
Event: 5.921 GC heap after
Heap after GC invocations=8 (full 0):
 PSYoungGen      total 258560K, used 12784K [0x00000000d7000000, 0x00000000e8500000, 0x0000000100000000)
  eden space 245760K, 0% used [0x00000000d7000000,0x00000000d7000000,0x00000000e6000000)
  from space 12800K, 99% used [0x00000000e7080000,0x00000000e7cfc3c0,0x00000000e7d00000)
  to   space 16896K, 0% used [0x00000000e6000000,0x00000000e6000000,0x00000000e7080000)
 ParOldGen       total 84992K, used 13144K [0x0000000085000000, 0x000000008a300000, 0x00000000d7000000)
  object space 84992K, 15% used [0x0000000085000000,0x0000000085cd6240,0x000000008a300000)
 Metaspace       used 20691K, capacity 20958K, committed 21120K, reserved 1069056K
  class space    used 2326K, capacity 2403K, committed 2432K, reserved 1048576K
}
Event: 6.066 GC heap before
{Heap before GC invocations=9 (full 0):
 PSYoungGen      total 258560K, used 86323K [0x00000000d7000000, 0x00000000e8500000, 0x0000000100000000)
  eden space 245760K, 29% used [0x00000000d7000000,0x00000000db7d0a18,0x00000000e6000000)
  from space 12800K, 99% used [0x00000000e7080000,0x00000000e7cfc3c0,0x00000000e7d00000)
  to   space 16896K, 0% used [0x00000000e6000000,0x00000000e6000000,0x00000000e7080000)
 ParOldGen       total 84992K, used 13144K [0x0000000085000000, 0x000000008a300000, 0x00000000d7000000)
  object space 84992K, 15% used [0x0000000085000000,0x0000000085cd6240,0x000000008a300000)
 Metaspace       used 20926K, capacity 21150K, committed 21296K, reserved 1069056K
  class space    used 2354K, capacity 2403K, committed 2432K, reserved 1048576K
Event: 6.077 GC heap after
Heap after GC invocations=9 (full 0):
 PSYoungGen      total 262656K, used 8323K [0x00000000d7000000, 0x00000000f1000000, 0x0000000100000000)
  eden space 245760K, 0% used [0x00000000d7000000,0x00000000d7000000,0x00000000e6000000)
  from space 16896K, 49% used [0x00000000e6000000,0x00000000e6820d18,0x00000000e7080000)
  to   space 16384K, 0% used [0x00000000f0000000,0x00000000f0000000,0x00000000f1000000)
 ParOldGen       total 84992K, used 15089K [0x0000000085000000, 0x000000008a300000, 0x00000000d7000000)
  object space 84992K, 17% used [0x0000000085000000,0x0000000085ebc6a0,0x000000008a300000)
 Metaspace       used 20926K, capacity 21150K, committed 21296K, reserved 1069056K
  class space    used 2354K, capacity 2403K, committed 2432K, reserved 1048576K
}
Event: 6.077 GC heap before
{Heap before GC invocations=10 (full 1):
 PSYoungGen      total 262656K, used 8323K [0x00000000d7000000, 0x00000000f1000000, 0x0000000100000000)
  eden space 245760K, 0% used [0x00000000d7000000,0x00000000d7000000,0x00000000e6000000)
  from space 16896K, 49% used [0x00000000e6000000,0x00000000e6820d18,0x00000000e7080000)
  to   space 16384K, 0% used [0x00000000f0000000,0x00000000f0000000,0x00000000f1000000)
 ParOldGen       total 84992K, used 15089K [0x0000000085000000, 0x000000008a300000, 0x00000000d7000000)
  object space 84992K, 17% used [0x0000000085000000,0x0000000085ebc6a0,0x000000008a300000)
 Metaspace       used 20926K, capacity 21150K, committed 21296K, reserved 1069056K
  class space    used 2354K, capacity 2403K, committed 2432K, reserved 1048576K
Event: 6.114 GC heap after
Heap after GC invocations=10 (full 1):
 PSYoungGen      total 262656K, used 0K [0x00000000d7000000, 0x00000000f1000000, 0x0000000100000000)
  eden space 245760K, 0% used [0x00000000d7000000,0x00000000d7000000,0x00000000e6000000)
  from space 16896K, 0% used [0x00000000e6000000,0x00000000e6000000,0x00000000e7080000)
  to   space 16384K, 0% used [0x00000000f0000000,0x00000000f0000000,0x00000000f1000000)
 ParOldGen       total 54272K, used 12868K [0x0000000085000000, 0x0000000088500000, 0x00000000d7000000)
  object space 54272K, 23% used [0x0000000085000000,0x0000000085c91100,0x0000000088500000)
 Metaspace       used 20926K, capacity 21150K, committed 21296K, reserved 1069056K
  class space    used 2354K, capacity 2403K, committed 2432K, reserved 1048576K
}
Event: 7.808 GC heap before
{Heap before GC invocations=11 (full 1):
 PSYoungGen      total 262656K, used 174223K [0x00000000d7000000, 0x00000000f1000000, 0x0000000100000000)
  eden space 245760K, 70% used [0x00000000d7000000,0x00000000e1a23f50,0x00000000e6000000)
  from space 16896K, 0% used [0x00000000e6000000,0x00000000e6000000,0x00000000e7080000)
  to   space 16384K, 0% used [0x00000000f0000000,0x00000000f0000000,0x00000000f1000000)
 ParOldGen       total 54272K, used 12868K [0x0000000085000000, 0x0000000088500000, 0x00000000d7000000)
  object space 54272K, 23% used [0x0000000085000000,0x0000000085c91100,0x0000000088500000)
 Metaspace       used 34868K, capacity 35178K, committed 35496K, reserved 1081344K
  class space    used 4161K, capacity 4259K, committed 4352K, reserved 1048576K
Event: 7.822 GC heap after
Heap after GC invocations=11 (full 1):
 PSYoungGen      total 381952K, used 12831K [0x00000000d7000000, 0x00000000f0d00000, 0x0000000100000000)
  eden space 368640K, 0% used [0x00000000d7000000,0x00000000d7000000,0x00000000ed800000)
  from space 13312K, 96% used [0x00000000f0000000,0x00000000f0c87d98,0x00000000f0d00000)
  to   space 17408K, 0% used [0x00000000eeb00000,0x00000000eeb00000,0x00000000efc00000)
 ParOldGen       total 54272K, used 12876K [0x0000000085000000, 0x0000000088500000, 0x00000000d7000000)
  object space 54272K, 23% used [0x0000000085000000,0x0000000085c93100,0x0000000088500000)
 Metaspace       used 34868K, capacity 35178K, committed 35496K, reserved 1081344K
  class space    used 4161K, capacity 4259K, committed 4352K, reserved 1048576K
}
Event: 7.822 GC heap before
{Heap before GC invocations=12 (full 2):
 PSYoungGen      total 381952K, used 12831K [0x00000000d7000000, 0x00000000f0d00000, 0x0000000100000000)
  eden space 368640K, 0% used [0x00000000d7000000,0x00000000d7000000,0x00000000ed800000)
  from space 13312K, 96% used [0x00000000f0000000,0x00000000f0c87d98,0x00000000f0d00000)
  to   space 17408K, 0% used [0x00000000eeb00000,0x00000000eeb00000,0x00000000efc00000)
 ParOldGen       total 54272K, used 12876K [0x0000000085000000, 0x0000000088500000, 0x00000000d7000000)
  object space 54272K, 23% used [0x0000000085000000,0x0000000085c93100,0x0000000088500000)
 Metaspace       used 34868K, capacity 35178K, committed 35496K, reserved 1081344K
  class space    used 4161K, capacity 4259K, committed 4352K, reserved 1048576K
Event: 7.855 GC heap after
Heap after GC invocations=12 (full 2):
 PSYoungGen      total 381952K, used 0K [0x00000000d7000000, 0x00000000f0d00000, 0x0000000100000000)
  eden space 368640K, 0% used [0x00000000d7000000,0x00000000d7000000,0x00000000ed800000)
  from space 13312K, 0% used [0x00000000f0000000,0x00000000f0000000,0x00000000f0d00000)
  to   space 17408K, 0% used [0x00000000eeb00000,0x00000000eeb00000,0x00000000efc00000)
 ParOldGen       total 70656K, used 18697K [0x0000000085000000, 0x0000000089500000, 0x00000000d7000000)
  object space 70656K, 26% used [0x0000000085000000,0x0000000086242448,0x0000000089500000)
 Metaspace       used 34868K, capacity 35178K, committed 35496K, reserved 1081344K
  class space    used 4161K, capacity 4259K, committed 4352K, reserved 1048576K
}
Event: 10.617 GC heap before
{Heap before GC invocations=13 (full 2):
 PSYoungGen      total 381952K, used 368640K [0x00000000d7000000, 0x00000000f0d00000, 0x0000000100000000)
  eden space 368640K, 100% used [0x00000000d7000000,0x00000000ed800000,0x00000000ed800000)
  from space 13312K, 0% used [0x00000000f0000000,0x00000000f0000000,0x00000000f0d00000)
  to   space 17408K, 0% used [0x00000000eeb00000,0x00000000eeb00000,0x00000000efc00000)
 ParOldGen       total 70656K, used 18697K [0x0000000085000000, 0x0000000089500000, 0x00000000d7000000)
  object space 70656K, 26% used [0x0000000085000000,0x0000000086242448,0x0000000089500000)
 Metaspace       used 44220K, capacity 44604K, committed 44928K, reserved 1089536K
  class space    used 5353K, capacity 5468K, committed 5504K, reserved 1048576K

