# JRE version: Java(TM) SE Runtime Environment (8.0_101-b13) (build 1.8.0_101-b13)
# Java VM: Java HotSpot(TM) 64-Bit Server VM (25.101-b13 mixed mode linux-amd64 compressed oops)
Heap:
 PSYoungGen      total 303104K, used 0K [0x00000000eab00000, 0x0000000100000000, 0x0000000100000000)
  eden space 258560K, 0% used [0x00000000eab00000,0x00000000eab00000,0x00000000fa780000)
  from space 44544K, 0% used [0x00000000fa780000,0x00000000fa780000,0x00000000fd300000)
  to   space 45056K, 0% used [0x00000000fd400000,0x00000000fd400000,0x0000000100000000)
 ParOldGen       total 400896K, used 377301K [0x00000000c0000000, 0x00000000d8780000, 0x00000000eab00000)
  object space 400896K, 94% used [0x00000000c0000000,0x00000000d70755a8,0x00000000d8780000)
 Metaspace       used 55887K, capacity 67438K, committed 67544K, reserved 1103872K
  class space    used 8612K, capacity 12937K, committed 13016K, reserved 1048576K
GC Heap History (10 events):
Event: 42.349 GC heap after
Heap after GC invocations=99 (full 4):
 PSYoungGen      total 302080K, used 35424K [0x00000000eab00000, 0x0000000100000000, 0x0000000100000000)
  eden space 254976K, 0% used [0x00000000eab00000,0x00000000eab00000,0x00000000fa400000)
  from space 47104K, 75% used [0x00000000fa400000,0x00000000fc698020,0x00000000fd200000)
  to   space 47104K, 0% used [0x00000000fd200000,0x00000000fd200000,0x0000000100000000)
 ParOldGen       total 400896K, used 370433K [0x00000000c0000000, 0x00000000d8780000, 0x00000000eab00000)
  object space 400896K, 92% used [0x00000000c0000000,0x00000000d69c07c0,0x00000000d8780000)
 Metaspace       used 55882K, capacity 67432K, committed 67544K, reserved 1103872K
  class space    used 8611K, capacity 12936K, committed 13016K, reserved 1048576K
}
Event: 42.623 GC heap before
{Heap before GC invocations=100 (full 4):
 PSYoungGen      total 302080K, used 290400K [0x00000000eab00000, 0x0000000100000000, 0x0000000100000000)
  eden space 254976K, 100% used [0x00000000eab00000,0x00000000fa400000,0x00000000fa400000)
  from space 47104K, 75% used [0x00000000fa400000,0x00000000fc698020,0x00000000fd200000)
  to   space 47104K, 0% used [0x00000000fd200000,0x00000000fd200000,0x0000000100000000)
 ParOldGen       total 400896K, used 370433K [0x00000000c0000000, 0x00000000d8780000, 0x00000000eab00000)
  object space 400896K, 92% used [0x00000000c0000000,0x00000000d69c07c0,0x00000000d8780000)
 Metaspace       used 55882K, capacity 67432K, committed 67544K, reserved 1103872K
  class space    used 8611K, capacity 12936K, committed 13016K, reserved 1048576K
Event: 42.649 GC heap after
Heap after GC invocations=100 (full 4):
 PSYoungGen      total 299008K, used 31520K [0x00000000eab00000, 0x00000000ffd00000, 0x0000000100000000)
  eden space 254976K, 0% used [0x00000000eab00000,0x00000000eab00000,0x00000000fa400000)
  from space 44032K, 71% used [0x00000000fd200000,0x00000000ff0c8000,0x00000000ffd00000)
  to   space 45568K, 0% used [0x00000000fa400000,0x00000000fa400000,0x00000000fd080000)
 ParOldGen       total 400896K, used 374934K [0x00000000c0000000, 0x00000000d8780000, 0x00000000eab00000)
  object space 400896K, 93% used [0x00000000c0000000,0x00000000d6e25830,0x00000000d8780000)
 Metaspace       used 55882K, capacity 67432K, committed 67544K, reserved 1103872K
  class space    used 8611K, capacity 12936K, committed 13016K, reserved 1048576K
}
Event: 42.945 GC heap before
{Heap before GC invocations=101 (full 4):
 PSYoungGen      total 299008K, used 286496K [0x00000000eab00000, 0x00000000ffd00000, 0x0000000100000000)
  eden space 254976K, 100% used [0x00000000eab00000,0x00000000fa400000,0x00000000fa400000)
  from space 44032K, 71% used [0x00000000fd200000,0x00000000ff0c8000,0x00000000ffd00000)
  to   space 45568K, 0% used [0x00000000fa400000,0x00000000fa400000,0x00000000fd080000)
 ParOldGen       total 400896K, used 374934K [0x00000000c0000000, 0x00000000d8780000, 0x00000000eab00000)
  object space 400896K, 93% used [0x00000000c0000000,0x00000000d6e25830,0x00000000d8780000)
 Metaspace       used 55882K, capacity 67432K, committed 67544K, reserved 1103872K
  class space    used 8611K, capacity 12936K, committed 13016K, reserved 1048576K
Event: 42.965 GC heap after
Heap after GC invocations=101 (full 4):
 PSYoungGen      total 300544K, used 27136K [0x00000000eab00000, 0x0000000100000000, 0x0000000100000000)
  eden space 254976K, 0% used [0x00000000eab00000,0x00000000eab00000,0x00000000fa400000)
  from space 45568K, 59% used [0x00000000fa400000,0x00000000fbe80000,0x00000000fd080000)
  to   space 45056K, 0% used [0x00000000fd400000,0x00000000fd400000,0x0000000100000000)
 ParOldGen       total 400896K, used 382450K [0x00000000c0000000, 0x00000000d8780000, 0x00000000eab00000)
  object space 400896K, 95% used [0x00000000c0000000,0x00000000d757c920,0x00000000d8780000)
 Metaspace       used 55882K, capacity 67432K, committed 67544K, reserved 1103872K
  class space    used 8611K, capacity 12936K, committed 13016K, reserved 1048576K
}
Event: 43.267 GC heap before
{Heap before GC invocations=102 (full 4):
 PSYoungGen      total 300544K, used 282112K [0x00000000eab00000, 0x0000000100000000, 0x0000000100000000)
  eden space 254976K, 100% used [0x00000000eab00000,0x00000000fa400000,0x00000000fa400000)
  from space 45568K, 59% used [0x00000000fa400000,0x00000000fbe80000,0x00000000fd080000)
  to   space 45056K, 0% used [0x00000000fd400000,0x00000000fd400000,0x0000000100000000)
 ParOldGen       total 400896K, used 382450K [0x00000000c0000000, 0x00000000d8780000, 0x00000000eab00000)
  object space 400896K, 95% used [0x00000000c0000000,0x00000000d757c920,0x00000000d8780000)
 Metaspace       used 55887K, capacity 67438K, committed 67544K, reserved 1103872K
  class space    used 8612K, capacity 12937K, committed 13016K, reserved 1048576K
Event: 43.297 GC heap after
Heap after GC invocations=102 (full 4):
 PSYoungGen      total 302080K, used 25792K [0x00000000eab00000, 0x00000000ffe80000, 0x0000000100000000)
  eden space 258560K, 0% used [0x00000000eab00000,0x00000000eab00000,0x00000000fa780000)
  from space 43520K, 59% used [0x00000000fd400000,0x00000000fed30000,0x00000000ffe80000)
  to   space 44544K, 0% used [0x00000000fa780000,0x00000000fa780000,0x00000000fd300000)
 ParOldGen       total 400896K, used 388386K [0x00000000c0000000, 0x00000000d8780000, 0x00000000eab00000)
  object space 400896K, 96% used [0x00000000c0000000,0x00000000d7b489a0,0x00000000d8780000)
 Metaspace       used 55887K, capacity 67438K, committed 67544K, reserved 1103872K
  class space    used 8612K, capacity 12937K, committed 13016K, reserved 1048576K
}
Event: 43.567 GC heap before
{Heap before GC invocations=103 (full 4):
 PSYoungGen      total 302080K, used 284352K [0x00000000eab00000, 0x00000000ffe80000, 0x0000000100000000)
  eden space 258560K, 100% used [0x00000000eab00000,0x00000000fa780000,0x00000000fa780000)
  from space 43520K, 59% used [0x00000000fd400000,0x00000000fed30000,0x00000000ffe80000)
  to   space 44544K, 0% used [0x00000000fa780000,0x00000000fa780000,0x00000000fd300000)
 ParOldGen       total 400896K, used 388386K [0x00000000c0000000, 0x00000000d8780000, 0x00000000eab00000)
  object space 400896K, 96% used [0x00000000c0000000,0x00000000d7b489a0,0x00000000d8780000)
 Metaspace       used 55887K, capacity 67438K, committed 67544K, reserved 1103872K
  class space    used 8612K, capacity 12937K, committed 13016K, reserved 1048576K
Event: 43.590 GC heap after
Heap after GC invocations=103 (full 4):
 PSYoungGen      total 303104K, used 19456K [0x00000000eab00000, 0x0000000100000000, 0x0000000100000000)
  eden space 258560K, 0% used [0x00000000eab00000,0x00000000eab00000,0x00000000fa780000)
  from space 44544K, 43% used [0x00000000fa780000,0x00000000fba80000,0x00000000fd300000)
  to   space 45056K, 0% used [0x00000000fd400000,0x00000000fd400000,0x0000000100000000)
 ParOldGen       total 400896K, used 395942K [0x00000000c0000000, 0x00000000d8780000, 0x00000000eab00000)
  object space 400896K, 98% used [0x00000000c0000000,0x00000000d82a9a30,0x00000000d8780000)
 Metaspace       used 55887K, capacity 67438K, committed 67544K, reserved 1103872K
  class space    used 8612K, capacity 12937K, committed 13016K, reserved 1048576K
}
Event: 43.591 GC heap before
{Heap before GC invocations=104 (full 5):
 PSYoungGen      total 303104K, used 19456K [0x00000000eab00000, 0x0000000100000000, 0x0000000100000000)
  eden space 258560K, 0% used [0x00000000eab00000,0x00000000eab00000,0x00000000fa780000)
  from space 44544K, 43% used [0x00000000fa780000,0x00000000fba80000,0x00000000fd300000)
  to   space 45056K, 0% used [0x00000000fd400000,0x00000000fd400000,0x0000000100000000)
 ParOldGen       total 400896K, used 395942K [0x00000000c0000000, 0x00000000d8780000, 0x00000000eab00000)
  object space 400896K, 98% used [0x00000000c0000000,0x00000000d82a9a30,0x00000000d8780000)
 Metaspace       used 55887K, capacity 67438K, committed 67544K, reserved 1103872K
  class space    used 8612K, capacity 12937K, committed 13016K, reserved 1048576K

