# JRE version: Java(TM) SE Runtime Environment (8.0_101-b13) (build 1.8.0_101-b13)
# Java VM: Java HotSpot(TM) 64-Bit Server VM (25.101-b13 mixed mode linux-amd64 compressed oops)
Heap:
 PSYoungGen      total 138240K, used 4254K [0x00000000d7000000, 0x00000000e0200000, 0x0000000100000000)
  eden space 126976K, 0% used [0x00000000d7000000,0x00000000d7000000,0x00000000dec00000)
  from space 11264K, 37% used [0x00000000dec00000,0x00000000df0279f0,0x00000000df700000)
  to   space 10752K, 0% used [0x00000000df780000,0x00000000df780000,0x00000000e0200000)
 ParOldGen       total 55808K, used 10044K [0x0000000085000000, 0x0000000088680000, 0x00000000d7000000)
  object space 55808K, 17% used [0x0000000085000000,0x00000000859cf020,0x0000000088680000)
 Metaspace       used 22700K, capacity 23038K, committed 23088K, reserved 1069056K
  class space    used 2802K, capacity 2902K, committed 2944K, reserved 1048576K
GC Heap History (10 events):
Event: 1.601 GC heap after
Heap after GC invocations=3 (full 0):
 PSYoungGen      total 36864K, used 5100K [0x00000000d7000000, 0x00000000db800000, 0x0000000100000000)
  eden space 31744K, 0% used [0x00000000d7000000,0x00000000d7000000,0x00000000d8f00000)
  from space 5120K, 99% used [0x00000000d8f00000,0x00000000d93fb228,0x00000000d9400000)
  to   space 5120K, 0% used [0x00000000db300000,0x00000000db300000,0x00000000db800000)
 ParOldGen       total 84992K, used 1662K [0x0000000085000000, 0x000000008a300000, 0x00000000d7000000)
  object space 84992K, 1% used [0x0000000085000000,0x000000008519f838,0x000000008a300000)
 Metaspace       used 10462K, capacity 10640K, committed 10880K, reserved 1058816K
  class space    used 1317K, capacity 1368K, committed 1408K, reserved 1048576K
}
Event: 1.739 GC heap before
{Heap before GC invocations=4 (full 0):
 PSYoungGen      total 36864K, used 36844K [0x00000000d7000000, 0x00000000db800000, 0x0000000100000000)
  eden space 31744K, 100% used [0x00000000d7000000,0x00000000d8f00000,0x00000000d8f00000)
  from space 5120K, 99% used [0x00000000d8f00000,0x00000000d93fb228,0x00000000d9400000)
  to   space 5120K, 0% used [0x00000000db300000,0x00000000db300000,0x00000000db800000)
 ParOldGen       total 84992K, used 1662K [0x0000000085000000, 0x000000008a300000, 0x00000000d7000000)
  object space 84992K, 1% used [0x0000000085000000,0x000000008519f838,0x000000008a300000)
 Metaspace       used 13196K, capacity 13360K, committed 13440K, reserved 1060864K
  class space    used 1617K, capacity 1656K, committed 1664K, reserved 1048576K
Event: 1.744 GC heap after
Heap after GC invocations=4 (full 0):
 PSYoungGen      total 68608K, used 5119K [0x00000000d7000000, 0x00000000db800000, 0x0000000100000000)
  eden space 63488K, 0% used [0x00000000d7000000,0x00000000d7000000,0x00000000dae00000)
  from space 5120K, 99% used [0x00000000db300000,0x00000000db7fff48,0x00000000db800000)
  to   space 5120K, 0% used [0x00000000dae00000,0x00000000dae00000,0x00000000db300000)
 ParOldGen       total 84992K, used 4801K [0x0000000085000000, 0x000000008a300000, 0x00000000d7000000)
  object space 84992K, 5% used [0x0000000085000000,0x00000000854b0798,0x000000008a300000)
 Metaspace       used 13196K, capacity 13360K, committed 13440K, reserved 1060864K
  class space    used 1617K, capacity 1656K, committed 1664K, reserved 1048576K
}
Event: 2.091 GC heap before
{Heap before GC invocations=5 (full 0):
 PSYoungGen      total 68608K, used 68607K [0x00000000d7000000, 0x00000000db800000, 0x0000000100000000)
  eden space 63488K, 100% used [0x00000000d7000000,0x00000000dae00000,0x00000000dae00000)
  from space 5120K, 99% used [0x00000000db300000,0x00000000db7fff48,0x00000000db800000)
  to   space 5120K, 0% used [0x00000000dae00000,0x00000000dae00000,0x00000000db300000)
 ParOldGen       total 84992K, used 4801K [0x0000000085000000, 0x000000008a300000, 0x00000000d7000000)
  object space 84992K, 5% used [0x0000000085000000,0x00000000854b0798,0x000000008a300000)
 Metaspace       used 18242K, capacity 18426K, committed 18688K, reserved 1064960K
  class space    used 2230K, capacity 2255K, committed 2304K, reserved 1048576K
Event: 2.100 GC heap after
Heap after GC invocations=5 (full 0):
 PSYoungGen      total 68608K, used 5088K [0x00000000d7000000, 0x00000000e0300000, 0x0000000100000000)
  eden space 63488K, 0% used [0x00000000d7000000,0x00000000d7000000,0x00000000dae00000)
  from space 5120K, 99% used [0x00000000dae00000,0x00000000db2f8020,0x00000000db300000)
  to   space 11776K, 0% used [0x00000000df780000,0x00000000df780000,0x00000000e0300000)
 ParOldGen       total 84992K, used 9403K [0x0000000085000000, 0x000000008a300000, 0x00000000d7000000)
  object space 84992K, 11% used [0x0000000085000000,0x000000008592ecd0,0x000000008a300000)
 Metaspace       used 18242K, capacity 18426K, committed 18688K, reserved 1064960K
  class space    used 2230K, capacity 2255K, committed 2304K, reserved 1048576K
}
Event: 2.269 GC heap before
{Heap before GC invocations=6 (full 0):
 PSYoungGen      total 68608K, used 36207K [0x00000000d7000000, 0x00000000e0300000, 0x0000000100000000)
  eden space 63488K, 49% used [0x00000000d7000000,0x00000000d8e63dd0,0x00000000dae00000)
  from space 5120K, 99% used [0x00000000dae00000,0x00000000db2f8020,0x00000000db300000)
  to   space 11776K, 0% used [0x00000000df780000,0x00000000df780000,0x00000000e0300000)
 ParOldGen       total 84992K, used 9403K [0x0000000085000000, 0x000000008a300000, 0x00000000d7000000)
  object space 84992K, 11% used [0x0000000085000000,0x000000008592ecd0,0x000000008a300000)
 Metaspace       used 20952K, capacity 21172K, committed 21296K, reserved 1069056K
  class space    used 2595K, capacity 2659K, committed 2688K, reserved 1048576K
Event: 2.277 GC heap after
Heap after GC invocations=6 (full 0):
 PSYoungGen      total 137728K, used 6985K [0x00000000d7000000, 0x00000000e0200000, 0x0000000100000000)
  eden space 126976K, 0% used [0x00000000d7000000,0x00000000d7000000,0x00000000dec00000)
  from space 10752K, 64% used [0x00000000df780000,0x00000000dfe52668,0x00000000e0200000)
  to   space 11264K, 0% used [0x00000000dec00000,0x00000000dec00000,0x00000000df700000)
 ParOldGen       total 84992K, used 9411K [0x0000000085000000, 0x000000008a300000, 0x00000000d7000000)
  object space 84992K, 11% used [0x0000000085000000,0x0000000085930cd0,0x000000008a300000)
 Metaspace       used 20952K, capacity 21172K, committed 21296K, reserved 1069056K
  class space    used 2595K, capacity 2659K, committed 2688K, reserved 1048576K
}
Event: 2.278 GC heap before
{Heap before GC invocations=7 (full 1):
 PSYoungGen      total 137728K, used 6985K [0x00000000d7000000, 0x00000000e0200000, 0x0000000100000000)
  eden space 126976K, 0% used [0x00000000d7000000,0x00000000d7000000,0x00000000dec00000)
  from space 10752K, 64% used [0x00000000df780000,0x00000000dfe52668,0x00000000e0200000)
  to   space 11264K, 0% used [0x00000000dec00000,0x00000000dec00000,0x00000000df700000)
 ParOldGen       total 84992K, used 9411K [0x0000000085000000, 0x000000008a300000, 0x00000000d7000000)
  object space 84992K, 11% used [0x0000000085000000,0x0000000085930cd0,0x000000008a300000)
 Metaspace       used 20952K, capacity 21172K, committed 21296K, reserved 1069056K
  class space    used 2595K, capacity 2659K, committed 2688K, reserved 1048576K
Event: 2.306 GC heap after
Heap after GC invocations=7 (full 1):
 PSYoungGen      total 137728K, used 0K [0x00000000d7000000, 0x00000000e0200000, 0x0000000100000000)
  eden space 126976K, 0% used [0x00000000d7000000,0x00000000d7000000,0x00000000dec00000)
  from space 10752K, 0% used [0x00000000df780000,0x00000000df780000,0x00000000e0200000)
  to   space 11264K, 0% used [0x00000000dec00000,0x00000000dec00000,0x00000000df700000)
 ParOldGen       total 55808K, used 10036K [0x0000000085000000, 0x0000000088680000, 0x00000000d7000000)
  object space 55808K, 17% used [0x0000000085000000,0x00000000859cd020,0x0000000088680000)
 Metaspace       used 20952K, capacity 21172K, committed 21296K, reserved 1069056K
  class space    used 2595K, capacity 2659K, committed 2688K, reserved 1048576K
}
Event: 3.042 GC heap before
{Heap before GC invocations=8 (full 1):
 PSYoungGen      total 137728K, used 126976K [0x00000000d7000000, 0x00000000e0200000, 0x0000000100000000)
  eden space 126976K, 100% used [0x00000000d7000000,0x00000000dec00000,0x00000000dec00000)
  from space 10752K, 0% used [0x00000000df780000,0x00000000df780000,0x00000000e0200000)
  to   space 11264K, 0% used [0x00000000dec00000,0x00000000dec00000,0x00000000df700000)
 ParOldGen       total 55808K, used 10036K [0x0000000085000000, 0x0000000088680000, 0x00000000d7000000)
  object space 55808K, 17% used [0x0000000085000000,0x00000000859cd020,0x0000000088680000)
 Metaspace       used 22700K, capacity 23038K, committed 23088K, reserved 1069056K
  class space    used 2802K, capacity 2902K, committed 2944K, reserved 1048576K

