# JRE version: Java(TM) SE Runtime Environment (8.0_101-b13) (build 1.8.0_101-b13)
# Java VM: Java HotSpot(TM) 64-Bit Server VM (25.101-b13 mixed mode linux-amd64 compressed oops)
Heap:
 PSYoungGen      total 598016K, used 318367K [0x00000000d7000000, 0x00000000fd400000, 0x0000000100000000)
  eden space 574976K, 51% used [0x00000000d7000000,0x00000000e93a7730,0x00000000fa180000)
  from space 23040K, 85% used [0x00000000fba80000,0x00000000fcdc06a0,0x00000000fd100000)
  to   space 25600K, 0% used [0x00000000fa180000,0x00000000fa180000,0x00000000fba80000)
 ParOldGen       total 88064K, used 33079K [0x0000000085000000, 0x000000008a600000, 0x00000000d7000000)
  object space 88064K, 37% used [0x0000000085000000,0x000000008704dfc8,0x000000008a600000)
 Metaspace       used 57093K, capacity 58498K, committed 58712K, reserved 1101824K
  class space    used 6717K, capacity 6961K, committed 7040K, reserved 1048576K
GC Heap History (10 events):
Event: 5.930 GC heap before
{Heap before GC invocations=12 (full 2):
 PSYoungGen      total 360448K, used 13214K [0x00000000d7000000, 0x00000000ee680000, 0x0000000100000000)
  eden space 346624K, 0% used [0x00000000d7000000,0x00000000d7000000,0x00000000ec280000)
  from space 13824K, 95% used [0x00000000ed900000,0x00000000ee5e7868,0x00000000ee680000)
  to   space 18432K, 0% used [0x00000000ec280000,0x00000000ec280000,0x00000000ed480000)
 ParOldGen       total 54272K, used 23355K [0x0000000085000000, 0x0000000088500000, 0x00000000d7000000)
  object space 54272K, 43% used [0x0000000085000000,0x00000000866ced58,0x0000000088500000)
 Metaspace       used 34614K, capacity 34946K, committed 35416K, reserved 1081344K
  class space    used 4109K, capacity 4199K, committed 4224K, reserved 1048576K
Event: 5.968 GC heap after
Heap after GC invocations=12 (full 2):
 PSYoungGen      total 360448K, used 0K [0x00000000d7000000, 0x00000000ee680000, 0x0000000100000000)
  eden space 346624K, 0% used [0x00000000d7000000,0x00000000d7000000,0x00000000ec280000)
  from space 13824K, 0% used [0x00000000ed900000,0x00000000ed900000,0x00000000ee680000)
  to   space 18432K, 0% used [0x00000000ec280000,0x00000000ec280000,0x00000000ed480000)
 ParOldGen       total 88064K, used 18836K [0x0000000085000000, 0x000000008a600000, 0x00000000d7000000)
  object space 88064K, 21% used [0x0000000085000000,0x0000000086265378,0x000000008a600000)
 Metaspace       used 34614K, capacity 34946K, committed 35416K, reserved 1081344K
  class space    used 4109K, capacity 4199K, committed 4224K, reserved 1048576K
}
Event: 7.603 GC heap before
{Heap before GC invocations=13 (full 2):
 PSYoungGen      total 360448K, used 346624K [0x00000000d7000000, 0x00000000ee680000, 0x0000000100000000)
  eden space 346624K, 100% used [0x00000000d7000000,0x00000000ec280000,0x00000000ec280000)
  from space 13824K, 0% used [0x00000000ed900000,0x00000000ed900000,0x00000000ee680000)
  to   space 18432K, 0% used [0x00000000ec280000,0x00000000ec280000,0x00000000ed480000)
 ParOldGen       total 88064K, used 18836K [0x0000000085000000, 0x000000008a600000, 0x00000000d7000000)
  object space 88064K, 21% used [0x0000000085000000,0x0000000086265378,0x000000008a600000)
 Metaspace       used 42127K, capacity 42452K, committed 43096K, reserved 1087488K
  class space    used 5054K, capacity 5176K, committed 5248K, reserved 1048576K
Event: 7.623 GC heap after
Heap after GC invocations=13 (full 2):
 PSYoungGen      total 365056K, used 18419K [0x00000000d7000000, 0x00000000f5400000, 0x0000000100000000)
  eden space 346624K, 0% used [0x00000000d7000000,0x00000000d7000000,0x00000000ec280000)
  from space 18432K, 99% used [0x00000000ec280000,0x00000000ed47cec0,0x00000000ed480000)
  to   space 21504K, 0% used [0x00000000f3f00000,0x00000000f3f00000,0x00000000f5400000)
 ParOldGen       total 88064K, used 19554K [0x0000000085000000, 0x000000008a600000, 0x00000000d7000000)
  object space 88064K, 22% used [0x0000000085000000,0x0000000086318bf8,0x000000008a600000)
 Metaspace       used 42127K, capacity 42452K, committed 43096K, reserved 1087488K
  class space    used 5054K, capacity 5176K, committed 5248K, reserved 1048576K
}
Event: 9.131 GC heap before
{Heap before GC invocations=14 (full 2):
 PSYoungGen      total 365056K, used 365043K [0x00000000d7000000, 0x00000000f5400000, 0x0000000100000000)
  eden space 346624K, 100% used [0x00000000d7000000,0x00000000ec280000,0x00000000ec280000)
  from space 18432K, 99% used [0x00000000ec280000,0x00000000ed47cec0,0x00000000ed480000)
  to   space 21504K, 0% used [0x00000000f3f00000,0x00000000f3f00000,0x00000000f5400000)
 ParOldGen       total 88064K, used 19554K [0x0000000085000000, 0x000000008a600000, 0x00000000d7000000)
  object space 88064K, 22% used [0x0000000085000000,0x0000000086318bf8,0x000000008a600000)
 Metaspace       used 48140K, capacity 48572K, committed 49240K, reserved 1093632K
  class space    used 5859K, capacity 5992K, committed 6016K, reserved 1048576K
Event: 9.155 GC heap after
Heap after GC invocations=14 (full 2):
 PSYoungGen      total 471552K, used 18384K [0x00000000d7000000, 0x00000000f5980000, 0x0000000100000000)
  eden space 450048K, 0% used [0x00000000d7000000,0x00000000d7000000,0x00000000f2780000)
  from space 21504K, 85% used [0x00000000f3f00000,0x00000000f50f43d0,0x00000000f5400000)
  to   space 24064K, 0% used [0x00000000f2780000,0x00000000f2780000,0x00000000f3f00000)
 ParOldGen       total 88064K, used 27162K [0x0000000085000000, 0x000000008a600000, 0x00000000d7000000)
  object space 88064K, 30% used [0x0000000085000000,0x0000000086a86a30,0x000000008a600000)
 Metaspace       used 48140K, capacity 48572K, committed 49240K, reserved 1093632K
  class space    used 5859K, capacity 5992K, committed 6016K, reserved 1048576K
}
Event: 11.212 GC heap before
{Heap before GC invocations=15 (full 2):
 PSYoungGen      total 471552K, used 468432K [0x00000000d7000000, 0x00000000f5980000, 0x0000000100000000)
  eden space 450048K, 100% used [0x00000000d7000000,0x00000000f2780000,0x00000000f2780000)
  from space 21504K, 85% used [0x00000000f3f00000,0x00000000f50f43d0,0x00000000f5400000)
  to   space 24064K, 0% used [0x00000000f2780000,0x00000000f2780000,0x00000000f3f00000)
 ParOldGen       total 88064K, used 27162K [0x0000000085000000, 0x000000008a600000, 0x00000000d7000000)
  object space 88064K, 30% used [0x0000000085000000,0x0000000086a86a30,0x000000008a600000)
 Metaspace       used 50339K, capacity 51144K, committed 51544K, reserved 1095680K
  class space    used 6034K, capacity 6218K, committed 6272K, reserved 1048576K
Event: 11.226 GC heap after
Heap after GC invocations=15 (full 2):
 PSYoungGen      total 474112K, used 5341K [0x00000000d7000000, 0x00000000fd100000, 0x0000000100000000)
  eden space 450048K, 0% used [0x00000000d7000000,0x00000000d7000000,0x00000000f2780000)
  from space 24064K, 22% used [0x00000000f2780000,0x00000000f2cb7478,0x00000000f3f00000)
  to   space 23040K, 0% used [0x00000000fba80000,0x00000000fba80000,0x00000000fd100000)
 ParOldGen       total 88064K, used 33071K [0x0000000085000000, 0x000000008a600000, 0x00000000d7000000)
  object space 88064K, 37% used [0x0000000085000000,0x000000008704bfc8,0x000000008a600000)
 Metaspace       used 50339K, capacity 51144K, committed 51544K, reserved 1095680K
  class space    used 6034K, capacity 6218K, committed 6272K, reserved 1048576K
}
Event: 12.623 GC heap before
{Heap before GC invocations=16 (full 2):
 PSYoungGen      total 474112K, used 455389K [0x00000000d7000000, 0x00000000fd100000, 0x0000000100000000)
  eden space 450048K, 100% used [0x00000000d7000000,0x00000000f2780000,0x00000000f2780000)
  from space 24064K, 22% used [0x00000000f2780000,0x00000000f2cb7478,0x00000000f3f00000)
  to   space 23040K, 0% used [0x00000000fba80000,0x00000000fba80000,0x00000000fd100000)
 ParOldGen       total 88064K, used 33071K [0x0000000085000000, 0x000000008a600000, 0x00000000d7000000)
  object space 88064K, 37% used [0x0000000085000000,0x000000008704bfc8,0x000000008a600000)
 Metaspace       used 52144K, capacity 53034K, committed 53208K, reserved 1095680K
  class space    used 6170K, capacity 6357K, committed 6400K, reserved 1048576K
Event: 12.640 GC heap after
Heap after GC invocations=16 (full 2):
 PSYoungGen      total 598016K, used 19713K [0x00000000d7000000, 0x00000000fd400000, 0x0000000100000000)
  eden space 574976K, 0% used [0x00000000d7000000,0x00000000d7000000,0x00000000fa180000)
  from space 23040K, 85% used [0x00000000fba80000,0x00000000fcdc06a0,0x00000000fd100000)
  to   space 25600K, 0% used [0x00000000fa180000,0x00000000fa180000,0x00000000fba80000)
 ParOldGen       total 88064K, used 33079K [0x0000000085000000, 0x000000008a600000, 0x00000000d7000000)
  object space 88064K, 37% used [0x0000000085000000,0x000000008704dfc8,0x000000008a600000)
 Metaspace       used 52144K, capacity 53034K, committed 53208K, reserved 1095680K
  class space    used 6170K, capacity 6357K, committed 6400K, reserved 1048576K
}

