# JRE version: Java(TM) SE Runtime Environment (8.0_101-b13) (build 1.8.0_101-b13)
# Java VM: Java HotSpot(TM) 64-Bit Server VM (25.101-b13 mixed mode linux-amd64 compressed oops)
Heap:
 PSYoungGen      total 133120K, used 8168K [0x00000000d7000000, 0x00000000dfa00000, 0x0000000100000000)
  eden space 124928K, 0% used [0x00000000d7000000,0x00000000d7000000,0x00000000dea00000)
  from space 8192K, 99% used [0x00000000dea00000,0x00000000df1fa0d0,0x00000000df200000)
  to   space 8192K, 0% used [0x00000000df200000,0x00000000df200000,0x00000000dfa00000)
 ParOldGen       total 84992K, used 10927K [0x0000000085000000, 0x000000008a300000, 0x00000000d7000000)
  object space 84992K, 12% used [0x0000000085000000,0x0000000085aabff8,0x000000008a300000)
 Metaspace       used 20624K, capacity 20894K, committed 21120K, reserved 1069056K
  class space    used 2328K, capacity 2403K, committed 2432K, reserved 1048576K
GC Heap History (10 events):
Event: 2.800 GC heap after
Heap after GC invocations=4 (full 0):
 PSYoungGen      total 36864K, used 4155K [0x00000000d7000000, 0x00000000db800000, 0x0000000100000000)
  eden space 31744K, 0% used [0x00000000d7000000,0x00000000d7000000,0x00000000d8f00000)
  from space 5120K, 81% used [0x00000000d9400000,0x00000000d980ed98,0x00000000d9900000)
  to   space 5120K, 0% used [0x00000000d8f00000,0x00000000d8f00000,0x00000000d9400000)
 ParOldGen       total 84992K, used 96K [0x0000000085000000, 0x000000008a300000, 0x00000000d7000000)
  object space 84992K, 0% used [0x0000000085000000,0x0000000085018010,0x000000008a300000)
 Metaspace       used 12754K, capacity 12896K, committed 13056K, reserved 1060864K
  class space    used 1466K, capacity 1498K, committed 1536K, reserved 1048576K
}
Event: 3.136 GC heap before
{Heap before GC invocations=5 (full 0):
 PSYoungGen      total 36864K, used 35899K [0x00000000d7000000, 0x00000000db800000, 0x0000000100000000)
  eden space 31744K, 100% used [0x00000000d7000000,0x00000000d8f00000,0x00000000d8f00000)
  from space 5120K, 81% used [0x00000000d9400000,0x00000000d980ed98,0x00000000d9900000)
  to   space 5120K, 0% used [0x00000000d8f00000,0x00000000d8f00000,0x00000000d9400000)
 ParOldGen       total 84992K, used 96K [0x0000000085000000, 0x000000008a300000, 0x00000000d7000000)
  object space 84992K, 0% used [0x0000000085000000,0x0000000085018010,0x000000008a300000)
 Metaspace       used 13980K, capacity 14150K, committed 14208K, reserved 1062912K
  class space    used 1611K, capacity 1659K, committed 1664K, reserved 1048576K
Event: 3.146 GC heap after
Heap after GC invocations=5 (full 0):
 PSYoungGen      total 36864K, used 4227K [0x00000000d7000000, 0x00000000db800000, 0x0000000100000000)
  eden space 31744K, 0% used [0x00000000d7000000,0x00000000d7000000,0x00000000d8f00000)
  from space 5120K, 82% used [0x00000000d8f00000,0x00000000d9320c68,0x00000000d9400000)
  to   space 5120K, 0% used [0x00000000db300000,0x00000000db300000,0x00000000db800000)
 ParOldGen       total 84992K, used 104K [0x0000000085000000, 0x000000008a300000, 0x00000000d7000000)
  object space 84992K, 0% used [0x0000000085000000,0x000000008501a010,0x000000008a300000)
 Metaspace       used 13980K, capacity 14150K, committed 14208K, reserved 1062912K
  class space    used 1611K, capacity 1659K, committed 1664K, reserved 1048576K
}
Event: 3.598 GC heap before
{Heap before GC invocations=6 (full 0):
 PSYoungGen      total 36864K, used 35971K [0x00000000d7000000, 0x00000000db800000, 0x0000000100000000)
  eden space 31744K, 100% used [0x00000000d7000000,0x00000000d8f00000,0x00000000d8f00000)
  from space 5120K, 82% used [0x00000000d8f00000,0x00000000d9320c68,0x00000000d9400000)
  to   space 5120K, 0% used [0x00000000db300000,0x00000000db300000,0x00000000db800000)
 ParOldGen       total 84992K, used 104K [0x0000000085000000, 0x000000008a300000, 0x00000000d7000000)
  object space 84992K, 0% used [0x0000000085000000,0x000000008501a010,0x000000008a300000)
 Metaspace       used 16353K, capacity 16622K, committed 16896K, reserved 1064960K
  class space    used 1883K, capacity 1947K, committed 2048K, reserved 1048576K
Event: 3.608 GC heap after
Heap after GC invocations=6 (full 0):
 PSYoungGen      total 67584K, used 5092K [0x00000000d7000000, 0x00000000dba00000, 0x0000000100000000)
  eden space 62464K, 0% used [0x00000000d7000000,0x00000000d7000000,0x00000000dad00000)
  from space 5120K, 99% used [0x00000000db300000,0x00000000db7f9018,0x00000000db800000)
  to   space 6144K, 0% used [0x00000000dad00000,0x00000000dad00000,0x00000000db300000)
 ParOldGen       total 84992K, used 435K [0x0000000085000000, 0x000000008a300000, 0x00000000d7000000)
  object space 84992K, 0% used [0x0000000085000000,0x000000008506cf30,0x000000008a300000)
 Metaspace       used 16353K, capacity 16622K, committed 16896K, reserved 1064960K
  class space    used 1883K, capacity 1947K, committed 2048K, reserved 1048576K
}
Event: 4.671 GC heap before
{Heap before GC invocations=7 (full 0):
 PSYoungGen      total 67584K, used 67556K [0x00000000d7000000, 0x00000000dba00000, 0x0000000100000000)
  eden space 62464K, 100% used [0x00000000d7000000,0x00000000dad00000,0x00000000dad00000)
  from space 5120K, 99% used [0x00000000db300000,0x00000000db7f9018,0x00000000db800000)
  to   space 6144K, 0% used [0x00000000dad00000,0x00000000dad00000,0x00000000db300000)
 ParOldGen       total 84992K, used 435K [0x0000000085000000, 0x000000008a300000, 0x00000000d7000000)
  object space 84992K, 0% used [0x0000000085000000,0x000000008506cf30,0x000000008a300000)
 Metaspace       used 19276K, capacity 19514K, committed 19712K, reserved 1067008K
  class space    used 2208K, capacity 2269K, committed 2304K, reserved 1048576K
Event: 4.680 GC heap after
Heap after GC invocations=7 (full 0):
 PSYoungGen      total 68608K, used 6133K [0x00000000d7000000, 0x00000000dfa00000, 0x0000000100000000)
  eden space 62464K, 0% used [0x00000000d7000000,0x00000000d7000000,0x00000000dad00000)
  from space 6144K, 99% used [0x00000000dad00000,0x00000000db2fd610,0x00000000db300000)
  to   space 8192K, 0% used [0x00000000df200000,0x00000000df200000,0x00000000dfa00000)
 ParOldGen       total 84992K, used 3348K [0x0000000085000000, 0x000000008a300000, 0x00000000d7000000)
  object space 84992K, 3% used [0x0000000085000000,0x00000000853451e0,0x000000008a300000)
 Metaspace       used 19276K, capacity 19514K, committed 19712K, reserved 1067008K
  class space    used 2208K, capacity 2269K, committed 2304K, reserved 1048576K
}
Event: 5.049 GC heap before
{Heap before GC invocations=8 (full 0):
 PSYoungGen      total 68608K, used 68597K [0x00000000d7000000, 0x00000000dfa00000, 0x0000000100000000)
  eden space 62464K, 100% used [0x00000000d7000000,0x00000000dad00000,0x00000000dad00000)
  from space 6144K, 99% used [0x00000000dad00000,0x00000000db2fd610,0x00000000db300000)
  to   space 8192K, 0% used [0x00000000df200000,0x00000000df200000,0x00000000dfa00000)
 ParOldGen       total 84992K, used 3348K [0x0000000085000000, 0x000000008a300000, 0x00000000d7000000)
  object space 84992K, 3% used [0x0000000085000000,0x00000000853451e0,0x000000008a300000)
 Metaspace       used 19828K, capacity 20038K, committed 20352K, reserved 1067008K
  class space    used 2262K, capacity 2335K, committed 2432K, reserved 1048576K
Event: 5.055 GC heap after
Heap after GC invocations=8 (full 0):
 PSYoungGen      total 133120K, used 6035K [0x00000000d7000000, 0x00000000dfa00000, 0x0000000100000000)
  eden space 124928K, 0% used [0x00000000d7000000,0x00000000d7000000,0x00000000dea00000)
  from space 8192K, 73% used [0x00000000df200000,0x00000000df7e4fc8,0x00000000dfa00000)
  to   space 8192K, 0% used [0x00000000dea00000,0x00000000dea00000,0x00000000df200000)
 ParOldGen       total 84992K, used 4276K [0x0000000085000000, 0x000000008a300000, 0x00000000d7000000)
  object space 84992K, 5% used [0x0000000085000000,0x000000008542d200,0x000000008a300000)
 Metaspace       used 19828K, capacity 20038K, committed 20352K, reserved 1067008K
  class space    used 2262K, capacity 2335K, committed 2432K, reserved 1048576K
}
Event: 5.924 GC heap before
{Heap before GC invocations=9 (full 0):
 PSYoungGen      total 133120K, used 130963K [0x00000000d7000000, 0x00000000dfa00000, 0x0000000100000000)
  eden space 124928K, 100% used [0x00000000d7000000,0x00000000dea00000,0x00000000dea00000)
  from space 8192K, 73% used [0x00000000df200000,0x00000000df7e4fc8,0x00000000dfa00000)
  to   space 8192K, 0% used [0x00000000dea00000,0x00000000dea00000,0x00000000df200000)
 ParOldGen       total 84992K, used 4276K [0x0000000085000000, 0x000000008a300000, 0x00000000d7000000)
  object space 84992K, 5% used [0x0000000085000000,0x000000008542d200,0x000000008a300000)
 Metaspace       used 20624K, capacity 20894K, committed 21120K, reserved 1069056K
  class space    used 2328K, capacity 2403K, committed 2432K, reserved 1048576K

