# JRE version: Java(TM) SE Runtime Environment (8.0_101-b13) (build 1.8.0_101-b13)
# Java VM: Java HotSpot(TM) 64-Bit Server VM (25.101-b13 mixed mode linux-amd64 compressed oops)
Heap:
 PSYoungGen      total 388096K, used 14012K [0x00000000d7000000, 0x00000000efc80000, 0x0000000100000000)
  eden space 370176K, 0% used [0x00000000d7000000,0x00000000d7000000,0x00000000ed980000)
  from space 17920K, 78% used [0x00000000ed980000,0x00000000ee72f370,0x00000000eeb00000)
  to   space 14336K, 0% used [0x00000000eec80000,0x00000000eec80000,0x00000000efa80000)
 ParOldGen       total 54272K, used 28043K [0x0000000085000000, 0x0000000088500000, 0x00000000d7000000)
  object space 54272K, 51% used [0x0000000085000000,0x0000000086b62fa0,0x0000000088500000)
 Metaspace       used 33938K, capacity 34508K, committed 34560K, reserved 1079296K
  class space    used 4238K, capacity 4341K, committed 4352K, reserved 1048576K
GC Heap History (10 events):
Event: 3.601 GC heap after
Heap after GC invocations=7 (full 0):
 PSYoungGen      total 138240K, used 7878K [0x00000000d7000000, 0x00000000e7e00000, 0x0000000100000000)
  eden space 126976K, 0% used [0x00000000d7000000,0x00000000d7000000,0x00000000dec00000)
  from space 11264K, 69% used [0x00000000dec00000,0x00000000df3b1bb8,0x00000000df700000)
  to   space 11264K, 0% used [0x00000000e7300000,0x00000000e7300000,0x00000000e7e00000)
 ParOldGen       total 84992K, used 9341K [0x0000000085000000, 0x000000008a300000, 0x00000000d7000000)
  object space 84992K, 10% used [0x0000000085000000,0x000000008591f4f8,0x000000008a300000)
 Metaspace       used 19805K, capacity 20192K, committed 20352K, reserved 1067008K
  class space    used 2537K, capacity 2615K, committed 2688K, reserved 1048576K
}
Event: 3.685 GC heap before
{Heap before GC invocations=8 (full 0):
 PSYoungGen      total 138240K, used 25098K [0x00000000d7000000, 0x00000000e7e00000, 0x0000000100000000)
  eden space 126976K, 13% used [0x00000000d7000000,0x00000000d80d0df8,0x00000000dec00000)
  from space 11264K, 69% used [0x00000000dec00000,0x00000000df3b1bb8,0x00000000df700000)
  to   space 11264K, 0% used [0x00000000e7300000,0x00000000e7300000,0x00000000e7e00000)
 ParOldGen       total 84992K, used 9341K [0x0000000085000000, 0x000000008a300000, 0x00000000d7000000)
  object space 84992K, 10% used [0x0000000085000000,0x000000008591f4f8,0x000000008a300000)
 Metaspace       used 20807K, capacity 21158K, committed 21248K, reserved 1067008K
  class space    used 2632K, capacity 2744K, committed 2816K, reserved 1048576K
Event: 3.702 GC heap after
Heap after GC invocations=8 (full 0):
 PSYoungGen      total 265216K, used 4538K [0x00000000d7000000, 0x00000000e7e00000, 0x0000000100000000)
  eden space 253952K, 0% used [0x00000000d7000000,0x00000000d7000000,0x00000000e6800000)
  from space 11264K, 40% used [0x00000000e7300000,0x00000000e776eac8,0x00000000e7e00000)
  to   space 11264K, 0% used [0x00000000e6800000,0x00000000e6800000,0x00000000e7300000)
 ParOldGen       total 84992K, used 11544K [0x0000000085000000, 0x000000008a300000, 0x00000000d7000000)
  object space 84992K, 13% used [0x0000000085000000,0x0000000085b46228,0x000000008a300000)
 Metaspace       used 20807K, capacity 21158K, committed 21248K, reserved 1067008K
  class space    used 2632K, capacity 2744K, committed 2816K, reserved 1048576K
}
Event: 3.702 GC heap before
{Heap before GC invocations=9 (full 1):
 PSYoungGen      total 265216K, used 4538K [0x00000000d7000000, 0x00000000e7e00000, 0x0000000100000000)
  eden space 253952K, 0% used [0x00000000d7000000,0x00000000d7000000,0x00000000e6800000)
  from space 11264K, 40% used [0x00000000e7300000,0x00000000e776eac8,0x00000000e7e00000)
  to   space 11264K, 0% used [0x00000000e6800000,0x00000000e6800000,0x00000000e7300000)
 ParOldGen       total 84992K, used 11544K [0x0000000085000000, 0x000000008a300000, 0x00000000d7000000)
  object space 84992K, 13% used [0x0000000085000000,0x0000000085b46228,0x000000008a300000)
 Metaspace       used 20807K, capacity 21158K, committed 21248K, reserved 1067008K
  class space    used 2632K, capacity 2744K, committed 2816K, reserved 1048576K
Event: 3.747 GC heap after
Heap after GC invocations=9 (full 1):
 PSYoungGen      total 265216K, used 0K [0x00000000d7000000, 0x00000000e7e00000, 0x0000000100000000)
  eden space 253952K, 0% used [0x00000000d7000000,0x00000000d7000000,0x00000000e6800000)
  from space 11264K, 0% used [0x00000000e7300000,0x00000000e7300000,0x00000000e7e00000)
  to   space 11264K, 0% used [0x00000000e6800000,0x00000000e6800000,0x00000000e7300000)
 ParOldGen       total 54272K, used 12394K [0x0000000085000000, 0x0000000088500000, 0x00000000d7000000)
  object space 54272K, 22% used [0x0000000085000000,0x0000000085c1a8d8,0x0000000088500000)
 Metaspace       used 20807K, capacity 21158K, committed 21248K, reserved 1067008K
  class space    used 2632K, capacity 2744K, committed 2816K, reserved 1048576K
}
Event: 5.020 GC heap before
{Heap before GC invocations=10 (full 1):
 PSYoungGen      total 265216K, used 253952K [0x00000000d7000000, 0x00000000e7e00000, 0x0000000100000000)
  eden space 253952K, 100% used [0x00000000d7000000,0x00000000e6800000,0x00000000e6800000)
  from space 11264K, 0% used [0x00000000e7300000,0x00000000e7300000,0x00000000e7e00000)
  to   space 11264K, 0% used [0x00000000e6800000,0x00000000e6800000,0x00000000e7300000)
 ParOldGen       total 54272K, used 12394K [0x0000000085000000, 0x0000000088500000, 0x00000000d7000000)
  object space 54272K, 22% used [0x0000000085000000,0x0000000085c1a8d8,0x0000000088500000)
 Metaspace       used 27503K, capacity 27898K, committed 28160K, reserved 1073152K
  class space    used 3417K, capacity 3526K, committed 3584K, reserved 1048576K
Event: 5.033 GC heap after
Heap after GC invocations=10 (full 1):
 PSYoungGen      total 265216K, used 11261K [0x00000000d7000000, 0x00000000efa80000, 0x0000000100000000)
  eden space 253952K, 0% used [0x00000000d7000000,0x00000000d7000000,0x00000000e6800000)
  from space 11264K, 99% used [0x00000000e6800000,0x00000000e72ff710,0x00000000e7300000)
  to   space 14336K, 0% used [0x00000000eec80000,0x00000000eec80000,0x00000000efa80000)
 ParOldGen       total 54272K, used 16800K [0x0000000085000000, 0x0000000088500000, 0x00000000d7000000)
  object space 54272K, 30% used [0x0000000085000000,0x0000000086068298,0x0000000088500000)
 Metaspace       used 27503K, capacity 27898K, committed 28160K, reserved 1073152K
  class space    used 3417K, capacity 3526K, committed 3584K, reserved 1048576K
}
Event: 6.715 GC heap before
{Heap before GC invocations=11 (full 1):
 PSYoungGen      total 265216K, used 265213K [0x00000000d7000000, 0x00000000efa80000, 0x0000000100000000)
  eden space 253952K, 100% used [0x00000000d7000000,0x00000000e6800000,0x00000000e6800000)
  from space 11264K, 99% used [0x00000000e6800000,0x00000000e72ff710,0x00000000e7300000)
  to   space 14336K, 0% used [0x00000000eec80000,0x00000000eec80000,0x00000000efa80000)
 ParOldGen       total 54272K, used 16800K [0x0000000085000000, 0x0000000088500000, 0x00000000d7000000)
  object space 54272K, 30% used [0x0000000085000000,0x0000000086068298,0x0000000088500000)
 Metaspace       used 29879K, capacity 30284K, committed 30464K, reserved 1075200K
  class space    used 3686K, capacity 3785K, committed 3840K, reserved 1048576K
Event: 6.737 GC heap after
Heap after GC invocations=11 (full 1):
 PSYoungGen      total 384512K, used 14318K [0x00000000d7000000, 0x00000000efc80000, 0x0000000100000000)
  eden space 370176K, 0% used [0x00000000d7000000,0x00000000d7000000,0x00000000ed980000)
  from space 14336K, 99% used [0x00000000eec80000,0x00000000efa7baf8,0x00000000efa80000)
  to   space 17920K, 0% used [0x00000000ed980000,0x00000000ed980000,0x00000000eeb00000)
 ParOldGen       total 54272K, used 21554K [0x0000000085000000, 0x0000000088500000, 0x00000000d7000000)
  object space 54272K, 39% used [0x0000000085000000,0x000000008650cba8,0x0000000088500000)
 Metaspace       used 29879K, capacity 30284K, committed 30464K, reserved 1075200K
  class space    used 3686K, capacity 3785K, committed 3840K, reserved 1048576K
}
Event: 9.327 GC heap before
{Heap before GC invocations=12 (full 1):
 PSYoungGen      total 384512K, used 384494K [0x00000000d7000000, 0x00000000efc80000, 0x0000000100000000)
  eden space 370176K, 100% used [0x00000000d7000000,0x00000000ed980000,0x00000000ed980000)
  from space 14336K, 99% used [0x00000000eec80000,0x00000000efa7baf8,0x00000000efa80000)
  to   space 17920K, 0% used [0x00000000ed980000,0x00000000ed980000,0x00000000eeb00000)
 ParOldGen       total 54272K, used 21554K [0x0000000085000000, 0x0000000088500000, 0x00000000d7000000)
  object space 54272K, 39% used [0x0000000085000000,0x000000008650cba8,0x0000000088500000)
 Metaspace       used 33938K, capacity 34508K, committed 34560K, reserved 1079296K
  class space    used 4238K, capacity 4341K, committed 4352K, reserved 1048576K

