# JRE version: Java(TM) SE Runtime Environment (8.0_101-b13) (build 1.8.0_101-b13)
# Java VM: Java HotSpot(TM) 64-Bit Server VM (25.101-b13 mixed mode linux-amd64 compressed oops)
Heap:
 PSYoungGen      total 380928K, used 7734K [0x00000000d7000000, 0x00000000ef580000, 0x0000000100000000)
  eden space 363008K, 0% used [0x00000000d7000000,0x00000000d7000000,0x00000000ed280000)
  from space 17920K, 43% used [0x00000000ed280000,0x00000000eda0d900,0x00000000ee400000)
  to   space 13824K, 0% used [0x00000000ee700000,0x00000000ee700000,0x00000000ef480000)
 ParOldGen       total 53248K, used 27269K [0x0000000085000000, 0x0000000088400000, 0x00000000d7000000)
  object space 53248K, 51% used [0x0000000085000000,0x0000000086aa1628,0x0000000088400000)
 Metaspace       used 33782K, capacity 34370K, committed 34560K, reserved 1079296K
  class space    used 4215K, capacity 4342K, committed 4352K, reserved 1048576K
GC Heap History (10 events):
Event: 4.307 GC heap after
Heap after GC invocations=7 (full 0):
 PSYoungGen      total 137728K, used 7387K [0x00000000d7000000, 0x00000000e7d00000, 0x0000000100000000)
  eden space 126976K, 0% used [0x00000000d7000000,0x00000000d7000000,0x00000000dec00000)
  from space 10752K, 68% used [0x00000000dec00000,0x00000000df336d58,0x00000000df680000)
  to   space 10752K, 0% used [0x00000000e7280000,0x00000000e7280000,0x00000000e7d00000)
 ParOldGen       total 84992K, used 9417K [0x0000000085000000, 0x000000008a300000, 0x00000000d7000000)
  object space 84992K, 11% used [0x0000000085000000,0x0000000085932780,0x000000008a300000)
 Metaspace       used 19805K, capacity 20176K, committed 20352K, reserved 1067008K
  class space    used 2533K, capacity 2615K, committed 2688K, reserved 1048576K
}
Event: 4.398 GC heap before
{Heap before GC invocations=8 (full 0):
 PSYoungGen      total 137728K, used 26283K [0x00000000d7000000, 0x00000000e7d00000, 0x0000000100000000)
  eden space 126976K, 14% used [0x00000000d7000000,0x00000000d8273fc0,0x00000000dec00000)
  from space 10752K, 68% used [0x00000000dec00000,0x00000000df336d58,0x00000000df680000)
  to   space 10752K, 0% used [0x00000000e7280000,0x00000000e7280000,0x00000000e7d00000)
 ParOldGen       total 84992K, used 9417K [0x0000000085000000, 0x000000008a300000, 0x00000000d7000000)
  object space 84992K, 11% used [0x0000000085000000,0x0000000085932780,0x000000008a300000)
 Metaspace       used 20800K, capacity 21142K, committed 21248K, reserved 1067008K
  class space    used 2627K, capacity 2744K, committed 2816K, reserved 1048576K
Event: 4.412 GC heap after
Heap after GC invocations=8 (full 0):
 PSYoungGen      total 264704K, used 4762K [0x00000000d7000000, 0x00000000e7d00000, 0x0000000100000000)
  eden space 253952K, 0% used [0x00000000d7000000,0x00000000d7000000,0x00000000e6800000)
  from space 10752K, 44% used [0x00000000e7280000,0x00000000e7726ac8,0x00000000e7d00000)
  to   space 10752K, 0% used [0x00000000e6800000,0x00000000e6800000,0x00000000e7280000)
 ParOldGen       total 84992K, used 10835K [0x0000000085000000, 0x000000008a300000, 0x00000000d7000000)
  object space 84992K, 12% used [0x0000000085000000,0x0000000085a94e40,0x000000008a300000)
 Metaspace       used 20800K, capacity 21142K, committed 21248K, reserved 1067008K
  class space    used 2627K, capacity 2744K, committed 2816K, reserved 1048576K
}
Event: 4.412 GC heap before
{Heap before GC invocations=9 (full 1):
 PSYoungGen      total 264704K, used 4762K [0x00000000d7000000, 0x00000000e7d00000, 0x0000000100000000)
  eden space 253952K, 0% used [0x00000000d7000000,0x00000000d7000000,0x00000000e6800000)
  from space 10752K, 44% used [0x00000000e7280000,0x00000000e7726ac8,0x00000000e7d00000)
  to   space 10752K, 0% used [0x00000000e6800000,0x00000000e6800000,0x00000000e7280000)
 ParOldGen       total 84992K, used 10835K [0x0000000085000000, 0x000000008a300000, 0x00000000d7000000)
  object space 84992K, 12% used [0x0000000085000000,0x0000000085a94e40,0x000000008a300000)
 Metaspace       used 20800K, capacity 21142K, committed 21248K, reserved 1067008K
  class space    used 2627K, capacity 2744K, committed 2816K, reserved 1048576K
Event: 4.470 GC heap after
Heap after GC invocations=9 (full 1):
 PSYoungGen      total 264704K, used 0K [0x00000000d7000000, 0x00000000e7d00000, 0x0000000100000000)
  eden space 253952K, 0% used [0x00000000d7000000,0x00000000d7000000,0x00000000e6800000)
  from space 10752K, 0% used [0x00000000e7280000,0x00000000e7280000,0x00000000e7d00000)
  to   space 10752K, 0% used [0x00000000e6800000,0x00000000e6800000,0x00000000e7280000)
 ParOldGen       total 53248K, used 10712K [0x0000000085000000, 0x0000000088400000, 0x00000000d7000000)
  object space 53248K, 20% used [0x0000000085000000,0x0000000085a76110,0x0000000088400000)
 Metaspace       used 20800K, capacity 21142K, committed 21248K, reserved 1067008K
  class space    used 2627K, capacity 2744K, committed 2816K, reserved 1048576K
}
Event: 49.532 GC heap before
{Heap before GC invocations=10 (full 1):
 PSYoungGen      total 264704K, used 253952K [0x00000000d7000000, 0x00000000e7d00000, 0x0000000100000000)
  eden space 253952K, 100% used [0x00000000d7000000,0x00000000e6800000,0x00000000e6800000)
  from space 10752K, 0% used [0x00000000e7280000,0x00000000e7280000,0x00000000e7d00000)
  to   space 10752K, 0% used [0x00000000e6800000,0x00000000e6800000,0x00000000e7280000)
 ParOldGen       total 53248K, used 10712K [0x0000000085000000, 0x0000000088400000, 0x00000000d7000000)
  object space 53248K, 20% used [0x0000000085000000,0x0000000085a76110,0x0000000088400000)
 Metaspace       used 27513K, capacity 27882K, committed 28160K, reserved 1073152K
  class space    used 3415K, capacity 3526K, committed 3584K, reserved 1048576K
Event: 49.884 GC heap after
Heap after GC invocations=10 (full 1):
 PSYoungGen      total 264704K, used 10745K [0x00000000d7000000, 0x00000000ef480000, 0x0000000100000000)
  eden space 253952K, 0% used [0x00000000d7000000,0x00000000d7000000,0x00000000e6800000)
  from space 10752K, 99% used [0x00000000e6800000,0x00000000e727e6a8,0x00000000e7280000)
  to   space 13824K, 0% used [0x00000000ee700000,0x00000000ee700000,0x00000000ef480000)
 ParOldGen       total 53248K, used 15522K [0x0000000085000000, 0x0000000088400000, 0x00000000d7000000)
  object space 53248K, 29% used [0x0000000085000000,0x0000000085f28888,0x0000000088400000)
 Metaspace       used 27513K, capacity 27882K, committed 28160K, reserved 1073152K
  class space    used 3415K, capacity 3526K, committed 3584K, reserved 1048576K
}
Event: 53.256 GC heap before
{Heap before GC invocations=11 (full 1):
 PSYoungGen      total 264704K, used 264697K [0x00000000d7000000, 0x00000000ef480000, 0x0000000100000000)
  eden space 253952K, 100% used [0x00000000d7000000,0x00000000e6800000,0x00000000e6800000)
  from space 10752K, 99% used [0x00000000e6800000,0x00000000e727e6a8,0x00000000e7280000)
  to   space 13824K, 0% used [0x00000000ee700000,0x00000000ee700000,0x00000000ef480000)
 ParOldGen       total 53248K, used 15522K [0x0000000085000000, 0x0000000088400000, 0x00000000d7000000)
  object space 53248K, 29% used [0x0000000085000000,0x0000000085f28888,0x0000000088400000)
 Metaspace       used 29886K, capacity 30268K, committed 30464K, reserved 1075200K
  class space    used 3684K, capacity 3785K, committed 3840K, reserved 1048576K
Event: 53.276 GC heap after
Heap after GC invocations=11 (full 1):
 PSYoungGen      total 376832K, used 13803K [0x00000000d7000000, 0x00000000ef580000, 0x0000000100000000)
  eden space 363008K, 0% used [0x00000000d7000000,0x00000000d7000000,0x00000000ed280000)
  from space 13824K, 99% used [0x00000000ee700000,0x00000000ef47ae60,0x00000000ef480000)
  to   space 17920K, 0% used [0x00000000ed280000,0x00000000ed280000,0x00000000ee400000)
 ParOldGen       total 53248K, used 20840K [0x0000000085000000, 0x0000000088400000, 0x00000000d7000000)
  object space 53248K, 39% used [0x0000000085000000,0x000000008645a230,0x0000000088400000)
 Metaspace       used 29886K, capacity 30268K, committed 30464K, reserved 1075200K
  class space    used 3684K, capacity 3785K, committed 3840K, reserved 1048576K
}
Event: 82.979 GC heap before
{Heap before GC invocations=12 (full 1):
 PSYoungGen      total 376832K, used 376811K [0x00000000d7000000, 0x00000000ef580000, 0x0000000100000000)
  eden space 363008K, 100% used [0x00000000d7000000,0x00000000ed280000,0x00000000ed280000)
  from space 13824K, 99% used [0x00000000ee700000,0x00000000ef47ae60,0x00000000ef480000)
  to   space 17920K, 0% used [0x00000000ed280000,0x00000000ed280000,0x00000000ee400000)
 ParOldGen       total 53248K, used 20840K [0x0000000085000000, 0x0000000088400000, 0x00000000d7000000)
  object space 53248K, 39% used [0x0000000085000000,0x000000008645a230,0x0000000088400000)
 Metaspace       used 33782K, capacity 34370K, committed 34560K, reserved 1079296K
  class space    used 4215K, capacity 4342K, committed 4352K, reserved 1048576K

