# JRE version: Java(TM) SE Runtime Environment (8.0_101-b13) (build 1.8.0_101-b13)
# Java VM: Java HotSpot(TM) 64-Bit Server VM (25.101-b13 mixed mode linux-amd64 compressed oops)
Heap:
 PSYoungGen      total 505344K, used 315737K [0x00000000d7000000, 0x00000000ff380000, 0x0000000100000000)
  eden space 482816K, 61% used [0x00000000d7000000,0x00000000e91fe580,0x00000000f4780000)
  from space 22528K, 83% used [0x00000000f4780000,0x00000000f59d8190,0x00000000f5d80000)
  to   space 24576K, 0% used [0x00000000fdb80000,0x00000000fdb80000,0x00000000ff380000)
 ParOldGen       total 77312K, used 28318K [0x0000000085000000, 0x0000000089b80000, 0x00000000d7000000)
  object space 77312K, 36% used [0x0000000085000000,0x0000000086ba78b0,0x0000000089b80000)
 Metaspace       used 53514K, capacity 54328K, committed 54656K, reserved 1097728K
  class space    used 6323K, capacity 6488K, committed 6528K, reserved 1048576K
GC Heap History (10 events):
Event: 6.529 GC heap before
{Heap before GC invocations=11 (full 1):
 PSYoungGen      total 261632K, used 183574K [0x00000000d7000000, 0x00000000f1680000, 0x0000000100000000)
  eden space 247808K, 74% used [0x00000000d7000000,0x00000000e2345a90,0x00000000e6200000)
  from space 13824K, 0% used [0x00000000e6200000,0x00000000e6200000,0x00000000e6f80000)
  to   space 17920K, 0% used [0x00000000f0500000,0x00000000f0500000,0x00000000f1680000)
 ParOldGen       total 62464K, used 19652K [0x0000000085000000, 0x0000000088d00000, 0x00000000d7000000)
  object space 62464K, 31% used [0x0000000085000000,0x00000000863313a8,0x0000000088d00000)
 Metaspace       used 34862K, capacity 35178K, committed 35496K, reserved 1081344K
  class space    used 4162K, capacity 4259K, committed 4352K, reserved 1048576K
Event: 6.543 GC heap after
Heap after GC invocations=11 (full 1):
 PSYoungGen      total 376832K, used 12892K [0x00000000d7000000, 0x00000000f1200000, 0x0000000100000000)
  eden space 363520K, 0% used [0x00000000d7000000,0x00000000d7000000,0x00000000ed300000)
  from space 13312K, 96% used [0x00000000f0500000,0x00000000f1197128,0x00000000f1200000)
  to   space 18944K, 0% used [0x00000000eed00000,0x00000000eed00000,0x00000000eff80000)
 ParOldGen       total 62464K, used 19660K [0x0000000085000000, 0x0000000088d00000, 0x00000000d7000000)
  object space 62464K, 31% used [0x0000000085000000,0x00000000863333a8,0x0000000088d00000)
 Metaspace       used 34862K, capacity 35178K, committed 35496K, reserved 1081344K
  class space    used 4162K, capacity 4259K, committed 4352K, reserved 1048576K
}
Event: 6.543 GC heap before
{Heap before GC invocations=12 (full 2):
 PSYoungGen      total 376832K, used 12892K [0x00000000d7000000, 0x00000000f1200000, 0x0000000100000000)
  eden space 363520K, 0% used [0x00000000d7000000,0x00000000d7000000,0x00000000ed300000)
  from space 13312K, 96% used [0x00000000f0500000,0x00000000f1197128,0x00000000f1200000)
  to   space 18944K, 0% used [0x00000000eed00000,0x00000000eed00000,0x00000000eff80000)
 ParOldGen       total 62464K, used 19660K [0x0000000085000000, 0x0000000088d00000, 0x00000000d7000000)
  object space 62464K, 31% used [0x0000000085000000,0x00000000863333a8,0x0000000088d00000)
 Metaspace       used 34862K, capacity 35178K, committed 35496K, reserved 1081344K
  class space    used 4162K, capacity 4259K, committed 4352K, reserved 1048576K
Event: 6.587 GC heap after
Heap after GC invocations=12 (full 2):
 PSYoungGen      total 376832K, used 0K [0x00000000d7000000, 0x00000000f1200000, 0x0000000100000000)
  eden space 363520K, 0% used [0x00000000d7000000,0x00000000d7000000,0x00000000ed300000)
  from space 13312K, 0% used [0x00000000f0500000,0x00000000f0500000,0x00000000f1200000)
  to   space 18944K, 0% used [0x00000000eed00000,0x00000000eed00000,0x00000000eff80000)
 ParOldGen       total 77312K, used 18812K [0x0000000085000000, 0x0000000089b80000, 0x00000000d7000000)
  object space 77312K, 24% used [0x0000000085000000,0x000000008625f340,0x0000000089b80000)
 Metaspace       used 34862K, capacity 35178K, committed 35496K, reserved 1081344K
  class space    used 4162K, capacity 4259K, committed 4352K, reserved 1048576K
}
Event: 9.104 GC heap before
{Heap before GC invocations=13 (full 2):
 PSYoungGen      total 376832K, used 363520K [0x00000000d7000000, 0x00000000f1200000, 0x0000000100000000)
  eden space 363520K, 100% used [0x00000000d7000000,0x00000000ed300000,0x00000000ed300000)
  from space 13312K, 0% used [0x00000000f0500000,0x00000000f0500000,0x00000000f1200000)
  to   space 18944K, 0% used [0x00000000eed00000,0x00000000eed00000,0x00000000eff80000)
 ParOldGen       total 77312K, used 18812K [0x0000000085000000, 0x0000000089b80000, 0x00000000d7000000)
  object space 77312K, 24% used [0x0000000085000000,0x000000008625f340,0x0000000089b80000)
 Metaspace       used 43303K, capacity 43696K, committed 44160K, reserved 1087488K
  class space    used 5271K, capacity 5402K, committed 5504K, reserved 1048576K
Event: 9.121 GC heap after
Heap after GC invocations=13 (full 2):
 PSYoungGen      total 409088K, used 18915K [0x00000000d7000000, 0x00000000f7400000, 0x0000000100000000)
  eden space 390144K, 0% used [0x00000000d7000000,0x00000000d7000000,0x00000000eed00000)
  from space 18944K, 99% used [0x00000000eed00000,0x00000000eff78d88,0x00000000eff80000)
  to   space 23040K, 0% used [0x00000000f5d80000,0x00000000f5d80000,0x00000000f7400000)
 ParOldGen       total 77312K, used 22566K [0x0000000085000000, 0x0000000089b80000, 0x00000000d7000000)
  object space 77312K, 29% used [0x0000000085000000,0x0000000086609ac0,0x0000000089b80000)
 Metaspace       used 43303K, capacity 43696K, committed 44160K, reserved 1087488K
  class space    used 5271K, capacity 5402K, committed 5504K, reserved 1048576K
}
Event: 11.276 GC heap before
{Heap before GC invocations=14 (full 2):
 PSYoungGen      total 409088K, used 409059K [0x00000000d7000000, 0x00000000f7400000, 0x0000000100000000)
  eden space 390144K, 100% used [0x00000000d7000000,0x00000000eed00000,0x00000000eed00000)
  from space 18944K, 99% used [0x00000000eed00000,0x00000000eff78d88,0x00000000eff80000)
  to   space 23040K, 0% used [0x00000000f5d80000,0x00000000f5d80000,0x00000000f7400000)
 ParOldGen       total 77312K, used 22566K [0x0000000085000000, 0x0000000089b80000, 0x00000000d7000000)
  object space 77312K, 29% used [0x0000000085000000,0x0000000086609ac0,0x0000000089b80000)
 Metaspace       used 48992K, capacity 49688K, committed 49920K, reserved 1093632K
  class space    used 5944K, capacity 6114K, committed 6144K, reserved 1048576K
Event: 11.299 GC heap after
Heap after GC invocations=14 (full 2):
 PSYoungGen      total 505856K, used 12084K [0x00000000d7000000, 0x00000000f8d80000, 0x0000000100000000)
  eden space 482816K, 0% used [0x00000000d7000000,0x00000000d7000000,0x00000000f4780000)
  from space 23040K, 52% used [0x00000000f5d80000,0x00000000f694d3f0,0x00000000f7400000)
  to   space 22528K, 0% used [0x00000000f4780000,0x00000000f4780000,0x00000000f5d80000)
 ParOldGen       total 77312K, used 26262K [0x0000000085000000, 0x0000000089b80000, 0x00000000d7000000)
  object space 77312K, 33% used [0x0000000085000000,0x00000000869a5908,0x0000000089b80000)
 Metaspace       used 48992K, capacity 49688K, committed 49920K, reserved 1093632K
  class space    used 5944K, capacity 6114K, committed 6144K, reserved 1048576K
}
Event: 496.735 GC heap before
{Heap before GC invocations=15 (full 2):
 PSYoungGen      total 505856K, used 494900K [0x00000000d7000000, 0x00000000f8d80000, 0x0000000100000000)
  eden space 482816K, 100% used [0x00000000d7000000,0x00000000f4780000,0x00000000f4780000)
  from space 23040K, 52% used [0x00000000f5d80000,0x00000000f694d3f0,0x00000000f7400000)
  to   space 22528K, 0% used [0x00000000f4780000,0x00000000f4780000,0x00000000f5d80000)
 ParOldGen       total 77312K, used 26262K [0x0000000085000000, 0x0000000089b80000, 0x00000000d7000000)
  object space 77312K, 33% used [0x0000000085000000,0x00000000869a5908,0x0000000089b80000)
 Metaspace       used 52647K, capacity 53488K, committed 53632K, reserved 1095680K
  class space    used 6299K, capacity 6470K, committed 6528K, reserved 1048576K
Event: 496.749 GC heap after
Heap after GC invocations=15 (full 2):
 PSYoungGen      total 505344K, used 18784K [0x00000000d7000000, 0x00000000ff380000, 0x0000000100000000)
  eden space 482816K, 0% used [0x00000000d7000000,0x00000000d7000000,0x00000000f4780000)
  from space 22528K, 83% used [0x00000000f4780000,0x00000000f59d8190,0x00000000f5d80000)
  to   space 24576K, 0% used [0x00000000fdb80000,0x00000000fdb80000,0x00000000ff380000)
 ParOldGen       total 77312K, used 28318K [0x0000000085000000, 0x0000000089b80000, 0x00000000d7000000)
  object space 77312K, 36% used [0x0000000085000000,0x0000000086ba78b0,0x0000000089b80000)
 Metaspace       used 52647K, capacity 53488K, committed 53632K, reserved 1095680K
  class space    used 6299K, capacity 6470K, committed 6528K, reserved 1048576K
}

