# JRE version: Java(TM) SE Runtime Environment (8.0_101-b13) (build 1.8.0_101-b13)
# Java VM: Java HotSpot(TM) 64-Bit Server VM (25.101-b13 mixed mode linux-amd64 compressed oops)
Heap:
 PSYoungGen      total 536576K, used 625K [0x00000000d7000000, 0x00000000f9200000, 0x0000000100000000)
  eden space 516608K, 0% used [0x00000000d7000000,0x00000000d7000000,0x00000000f6880000)
  from space 19968K, 3% used [0x00000000f6880000,0x00000000f691c470,0x00000000f7c00000)
  to   space 19968K, 0% used [0x00000000f7c00000,0x00000000f7c00000,0x00000000f8f80000)
 ParOldGen       total 109568K, used 31938K [0x0000000085000000, 0x000000008bb00000, 0x00000000d7000000)
  object space 109568K, 29% used [0x0000000085000000,0x0000000086f30b38,0x000000008bb00000)
 Metaspace       used 58534K, capacity 59892K, committed 60160K, reserved 1101824K
  class space    used 6903K, capacity 7134K, committed 7168K, reserved 1048576K
GC Heap History (10 events):
Event: 15.564 GC heap after
Heap after GC invocations=17 (full 2):
 PSYoungGen      total 367616K, used 13484K [0x00000000d7000000, 0x00000000f5600000, 0x0000000100000000)
  eden space 347648K, 0% used [0x00000000d7000000,0x00000000d7000000,0x00000000ec380000)
  from space 19968K, 67% used [0x00000000ec380000,0x00000000ed0ab390,0x00000000ed700000)
  to   space 20480K, 0% used [0x00000000f4200000,0x00000000f4200000,0x00000000f5600000)
 ParOldGen       total 77312K, used 31097K [0x0000000085000000, 0x0000000089b80000, 0x00000000d7000000)
  object space 77312K, 40% used [0x0000000085000000,0x0000000086e5e6b0,0x0000000089b80000)
 Metaspace       used 50604K, capacity 51668K, committed 51968K, reserved 1095680K
  class space    used 6110K, capacity 6284K, committed 6400K, reserved 1048576K
}
Event: 16.924 GC heap before
{Heap before GC invocations=18 (full 2):
 PSYoungGen      total 367616K, used 361132K [0x00000000d7000000, 0x00000000f5600000, 0x0000000100000000)
  eden space 347648K, 100% used [0x00000000d7000000,0x00000000ec380000,0x00000000ec380000)
  from space 19968K, 67% used [0x00000000ec380000,0x00000000ed0ab390,0x00000000ed700000)
  to   space 20480K, 0% used [0x00000000f4200000,0x00000000f4200000,0x00000000f5600000)
 ParOldGen       total 77312K, used 31097K [0x0000000085000000, 0x0000000089b80000, 0x00000000d7000000)
  object space 77312K, 40% used [0x0000000085000000,0x0000000086e5e6b0,0x0000000089b80000)
 Metaspace       used 50920K, capacity 52000K, committed 52224K, reserved 1095680K
  class space    used 6133K, capacity 6334K, committed 6400K, reserved 1048576K
Event: 16.930 GC heap after
Heap after GC invocations=18 (full 2):
 PSYoungGen      total 455680K, used 832K [0x00000000d7000000, 0x00000000f4c00000, 0x0000000100000000)
  eden space 445440K, 0% used [0x00000000d7000000,0x00000000d7000000,0x00000000f2300000)
  from space 10240K, 8% used [0x00000000f4200000,0x00000000f42d0000,0x00000000f4c00000)
  to   space 20992K, 0% used [0x00000000f2300000,0x00000000f2300000,0x00000000f3780000)
 ParOldGen       total 77312K, used 34019K [0x0000000085000000, 0x0000000089b80000, 0x00000000d7000000)
  object space 77312K, 44% used [0x0000000085000000,0x0000000087138ca0,0x0000000089b80000)
 Metaspace       used 50920K, capacity 52000K, committed 52224K, reserved 1095680K
  class space    used 6133K, capacity 6334K, committed 6400K, reserved 1048576K
}
Event: 754.803 GC heap before
{Heap before GC invocations=19 (full 2):
 PSYoungGen      total 455680K, used 329504K [0x00000000d7000000, 0x00000000f4c00000, 0x0000000100000000)
  eden space 445440K, 73% used [0x00000000d7000000,0x00000000eb0f8040,0x00000000f2300000)
  from space 10240K, 8% used [0x00000000f4200000,0x00000000f42d0000,0x00000000f4c00000)
  to   space 20992K, 0% used [0x00000000f2300000,0x00000000f2300000,0x00000000f3780000)
 ParOldGen       total 77312K, used 34019K [0x0000000085000000, 0x0000000089b80000, 0x00000000d7000000)
  object space 77312K, 44% used [0x0000000085000000,0x0000000087138ca0,0x0000000089b80000)
 Metaspace       used 57751K, capacity 58996K, committed 59136K, reserved 1101824K
  class space    used 6874K, capacity 7076K, committed 7168K, reserved 1048576K
Event: 755.236 GC heap after
Heap after GC invocations=19 (full 2):
 PSYoungGen      total 466432K, used 9457K [0x00000000d7000000, 0x00000000f8f80000, 0x0000000100000000)
  eden space 445440K, 0% used [0x00000000d7000000,0x00000000d7000000,0x00000000f2300000)
  from space 20992K, 45% used [0x00000000f2300000,0x00000000f2c3c788,0x00000000f3780000)
  to   space 19968K, 0% used [0x00000000f7c00000,0x00000000f7c00000,0x00000000f8f80000)
 ParOldGen       total 77312K, used 34027K [0x0000000085000000, 0x0000000089b80000, 0x00000000d7000000)
  object space 77312K, 44% used [0x0000000085000000,0x000000008713aca0,0x0000000089b80000)
 Metaspace       used 57751K, capacity 58996K, committed 59136K, reserved 1101824K
  class space    used 6874K, capacity 7076K, committed 7168K, reserved 1048576K
}
Event: 755.236 GC heap before
{Heap before GC invocations=20 (full 3):
 PSYoungGen      total 466432K, used 9457K [0x00000000d7000000, 0x00000000f8f80000, 0x0000000100000000)
  eden space 445440K, 0% used [0x00000000d7000000,0x00000000d7000000,0x00000000f2300000)
  from space 20992K, 45% used [0x00000000f2300000,0x00000000f2c3c788,0x00000000f3780000)
  to   space 19968K, 0% used [0x00000000f7c00000,0x00000000f7c00000,0x00000000f8f80000)
 ParOldGen       total 77312K, used 34027K [0x0000000085000000, 0x0000000089b80000, 0x00000000d7000000)
  object space 77312K, 44% used [0x0000000085000000,0x000000008713aca0,0x0000000089b80000)
 Metaspace       used 57751K, capacity 58996K, committed 59136K, reserved 1101824K
  class space    used 6874K, capacity 7076K, committed 7168K, reserved 1048576K
Event: 757.168 GC heap after
Heap after GC invocations=20 (full 3):
 PSYoungGen      total 466432K, used 0K [0x00000000d7000000, 0x00000000f8f80000, 0x0000000100000000)
  eden space 445440K, 0% used [0x00000000d7000000,0x00000000d7000000,0x00000000f2300000)
  from space 20992K, 0% used [0x00000000f2300000,0x00000000f2300000,0x00000000f3780000)
  to   space 19968K, 0% used [0x00000000f7c00000,0x00000000f7c00000,0x00000000f8f80000)
 ParOldGen       total 109568K, used 31922K [0x0000000085000000, 0x000000008bb00000, 0x00000000d7000000)
  object space 109568K, 29% used [0x0000000085000000,0x0000000086f2cb38,0x000000008bb00000)
 Metaspace       used 57716K, capacity 58940K, committed 59136K, reserved 1101824K
  class space    used 6868K, capacity 7066K, committed 7168K, reserved 1048576K
}
Event: 9747.234 GC heap before
{Heap before GC invocations=21 (full 3):
 PSYoungGen      total 466432K, used 445440K [0x00000000d7000000, 0x00000000f8f80000, 0x0000000100000000)
  eden space 445440K, 100% used [0x00000000d7000000,0x00000000f2300000,0x00000000f2300000)
  from space 20992K, 0% used [0x00000000f2300000,0x00000000f2300000,0x00000000f3780000)
  to   space 19968K, 0% used [0x00000000f7c00000,0x00000000f7c00000,0x00000000f8f80000)
 ParOldGen       total 109568K, used 31922K [0x0000000085000000, 0x000000008bb00000, 0x00000000d7000000)
  object space 109568K, 29% used [0x0000000085000000,0x0000000086f2cb38,0x000000008bb00000)
 Metaspace       used 58514K, capacity 59892K, committed 60160K, reserved 1101824K
  class space    used 6903K, capacity 7134K, committed 7168K, reserved 1048576K
Event: 9753.400 GC heap after
Heap after GC invocations=21 (full 3):
 PSYoungGen      total 536576K, used 992K [0x00000000d7000000, 0x00000000f9200000, 0x0000000100000000)
  eden space 516608K, 0% used [0x00000000d7000000,0x00000000d7000000,0x00000000f6880000)
  from space 19968K, 4% used [0x00000000f7c00000,0x00000000f7cf8240,0x00000000f8f80000)
  to   space 19968K, 0% used [0x00000000f6880000,0x00000000f6880000,0x00000000f7c00000)
 ParOldGen       total 109568K, used 31930K [0x0000000085000000, 0x000000008bb00000, 0x00000000d7000000)
  object space 109568K, 29% used [0x0000000085000000,0x0000000086f2eb38,0x000000008bb00000)
 Metaspace       used 58514K, capacity 59892K, committed 60160K, reserved 1101824K
  class space    used 6903K, capacity 7134K, committed 7168K, reserved 1048576K
}
Event: 10004.993 GC heap before
{Heap before GC invocations=22 (full 3):
 PSYoungGen      total 536576K, used 517600K [0x00000000d7000000, 0x00000000f9200000, 0x0000000100000000)
  eden space 516608K, 100% used [0x00000000d7000000,0x00000000f6880000,0x00000000f6880000)
  from space 19968K, 4% used [0x00000000f7c00000,0x00000000f7cf8240,0x00000000f8f80000)
  to   space 19968K, 0% used [0x00000000f6880000,0x00000000f6880000,0x00000000f7c00000)
 ParOldGen       total 109568K, used 31930K [0x0000000085000000, 0x000000008bb00000, 0x00000000d7000000)
  object space 109568K, 29% used [0x0000000085000000,0x0000000086f2eb38,0x000000008bb00000)
 Metaspace       used 58534K, capacity 59892K, committed 60160K, reserved 1101824K
  class space    used 6903K, capacity 7134K, committed 7168K, reserved 1048576K

