# JRE version: Java(TM) SE Runtime Environment (8.0_101-b13) (build 1.8.0_101-b13)
# Java VM: Java HotSpot(TM) 64-Bit Server VM (25.101-b13 mixed mode linux-amd64 compressed oops)
Heap:
 PSYoungGen      total 528896K, used 195569K [0x00000000d7000000, 0x00000000f9700000, 0x0000000100000000)
  eden space 509440K, 34% used [0x00000000d7000000,0x00000000e1c55578,0x00000000f6180000)
  from space 19456K, 98% used [0x00000000f8400000,0x00000000f96a6f20,0x00000000f9700000)
  to   space 24576K, 0% used [0x00000000f6700000,0x00000000f6700000,0x00000000f7f00000)
 ParOldGen       total 78336K, used 34131K [0x0000000085000000, 0x0000000089c80000, 0x00000000d7000000)
  object space 78336K, 43% used [0x0000000085000000,0x0000000087154e60,0x0000000089c80000)
 Metaspace       used 56955K, capacity 58212K, committed 58368K, reserved 1101824K
  class space    used 6661K, capacity 6886K, committed 6912K, reserved 1048576K
GC Heap History (10 events):
Event: 7.362 GC heap before
{Heap before GC invocations=12 (full 2):
 PSYoungGen      total 328192K, used 8642K [0x00000000d7000000, 0x00000000eed80000, 0x0000000100000000)
  eden space 310784K, 0% used [0x00000000d7000000,0x00000000d7000000,0x00000000e9f80000)
  from space 17408K, 49% used [0x00000000eb000000,0x00000000eb870808,0x00000000ec100000)
  to   space 16896K, 0% used [0x00000000e9f80000,0x00000000e9f80000,0x00000000eb000000)
 ParOldGen       total 56832K, used 18305K [0x0000000085000000, 0x0000000088780000, 0x00000000d7000000)
  object space 56832K, 32% used [0x0000000085000000,0x00000000861e06f0,0x0000000088780000)
 Metaspace       used 34613K, capacity 34908K, committed 35416K, reserved 1081344K
  class space    used 4129K, capacity 4230K, committed 4352K, reserved 1048576K
Event: 7.420 GC heap after
Heap after GC invocations=12 (full 2):
 PSYoungGen      total 328192K, used 0K [0x00000000d7000000, 0x00000000eed80000, 0x0000000100000000)
  eden space 310784K, 0% used [0x00000000d7000000,0x00000000d7000000,0x00000000e9f80000)
  from space 17408K, 0% used [0x00000000eb000000,0x00000000eb000000,0x00000000ec100000)
  to   space 16896K, 0% used [0x00000000e9f80000,0x00000000e9f80000,0x00000000eb000000)
 ParOldGen       total 78336K, used 14824K [0x0000000085000000, 0x0000000089c80000, 0x00000000d7000000)
  object space 78336K, 18% used [0x0000000085000000,0x0000000085e7a128,0x0000000089c80000)
 Metaspace       used 34613K, capacity 34908K, committed 35416K, reserved 1081344K
  class space    used 4129K, capacity 4230K, committed 4352K, reserved 1048576K
}
Event: 9.572 GC heap before
{Heap before GC invocations=13 (full 2):
 PSYoungGen      total 328192K, used 310784K [0x00000000d7000000, 0x00000000eed80000, 0x0000000100000000)
  eden space 310784K, 100% used [0x00000000d7000000,0x00000000e9f80000,0x00000000e9f80000)
  from space 17408K, 0% used [0x00000000eb000000,0x00000000eb000000,0x00000000ec100000)
  to   space 16896K, 0% used [0x00000000e9f80000,0x00000000e9f80000,0x00000000eb000000)
 ParOldGen       total 78336K, used 14824K [0x0000000085000000, 0x0000000089c80000, 0x00000000d7000000)
  object space 78336K, 18% used [0x0000000085000000,0x0000000085e7a128,0x0000000089c80000)
 Metaspace       used 42170K, capacity 42484K, committed 43136K, reserved 1087488K
  class space    used 5095K, capacity 5208K, committed 5248K, reserved 1048576K
Event: 9.587 GC heap after
Heap after GC invocations=13 (full 2):
 PSYoungGen      total 327680K, used 16892K [0x00000000d7000000, 0x00000000f2a00000, 0x0000000100000000)
  eden space 310784K, 0% used [0x00000000d7000000,0x00000000d7000000,0x00000000e9f80000)
  from space 16896K, 99% used [0x00000000e9f80000,0x00000000eafff098,0x00000000eb000000)
  to   space 21504K, 0% used [0x00000000f1500000,0x00000000f1500000,0x00000000f2a00000)
 ParOldGen       total 78336K, used 20834K [0x0000000085000000, 0x0000000089c80000, 0x00000000d7000000)
  object space 78336K, 26% used [0x0000000085000000,0x0000000086458818,0x0000000089c80000)
 Metaspace       used 42170K, capacity 42484K, committed 43136K, reserved 1087488K
  class space    used 5095K, capacity 5208K, committed 5248K, reserved 1048576K
}
Event: 11.505 GC heap before
{Heap before GC invocations=14 (full 2):
 PSYoungGen      total 327680K, used 327676K [0x00000000d7000000, 0x00000000f2a00000, 0x0000000100000000)
  eden space 310784K, 100% used [0x00000000d7000000,0x00000000e9f80000,0x00000000e9f80000)
  from space 16896K, 99% used [0x00000000e9f80000,0x00000000eafff098,0x00000000eb000000)
  to   space 21504K, 0% used [0x00000000f1500000,0x00000000f1500000,0x00000000f2a00000)
 ParOldGen       total 78336K, used 20834K [0x0000000085000000, 0x0000000089c80000, 0x00000000d7000000)
  object space 78336K, 26% used [0x0000000085000000,0x0000000086458818,0x0000000089c80000)
 Metaspace       used 48465K, capacity 49066K, committed 49664K, reserved 1093632K
  class space    used 5912K, capacity 6069K, committed 6144K, reserved 1048576K
Event: 11.537 GC heap after
Heap after GC invocations=14 (full 2):
 PSYoungGen      total 429568K, used 15014K [0x00000000d7000000, 0x00000000f2a80000, 0x0000000100000000)
  eden space 408064K, 0% used [0x00000000d7000000,0x00000000d7000000,0x00000000efe80000)
  from space 21504K, 69% used [0x00000000f1500000,0x00000000f23a9bb0,0x00000000f2a00000)
  to   space 22528K, 0% used [0x00000000efe80000,0x00000000efe80000,0x00000000f1480000)
 ParOldGen       total 78336K, used 27611K [0x0000000085000000, 0x0000000089c80000, 0x00000000d7000000)
  object space 78336K, 35% used [0x0000000085000000,0x0000000086af6d18,0x0000000089c80000)
 Metaspace       used 48465K, capacity 49066K, committed 49664K, reserved 1093632K
  class space    used 5912K, capacity 6069K, committed 6144K, reserved 1048576K
}
Event: 16.121 GC heap before
{Heap before GC invocations=15 (full 2):
 PSYoungGen      total 429568K, used 423078K [0x00000000d7000000, 0x00000000f2a80000, 0x0000000100000000)
  eden space 408064K, 100% used [0x00000000d7000000,0x00000000efe80000,0x00000000efe80000)
  from space 21504K, 69% used [0x00000000f1500000,0x00000000f23a9bb0,0x00000000f2a00000)
  to   space 22528K, 0% used [0x00000000efe80000,0x00000000efe80000,0x00000000f1480000)
 ParOldGen       total 78336K, used 27611K [0x0000000085000000, 0x0000000089c80000, 0x00000000d7000000)
  object space 78336K, 35% used [0x0000000085000000,0x0000000086af6d18,0x0000000089c80000)
 Metaspace       used 50351K, capacity 51160K, committed 51584K, reserved 1095680K
  class space    used 6004K, capacity 6194K, committed 6272K, reserved 1048576K
Event: 16.142 GC heap after
Heap after GC invocations=15 (full 2):
 PSYoungGen      total 430592K, used 4384K [0x00000000d7000000, 0x00000000f9980000, 0x0000000100000000)
  eden space 408064K, 0% used [0x00000000d7000000,0x00000000d7000000,0x00000000efe80000)
  from space 22528K, 19% used [0x00000000efe80000,0x00000000f02c8010,0x00000000f1480000)
  to   space 22016K, 0% used [0x00000000f8400000,0x00000000f8400000,0x00000000f9980000)
 ParOldGen       total 78336K, used 34123K [0x0000000085000000, 0x0000000089c80000, 0x00000000d7000000)
  object space 78336K, 43% used [0x0000000085000000,0x0000000087152e60,0x0000000089c80000)
 Metaspace       used 50351K, capacity 51160K, committed 51584K, reserved 1095680K
  class space    used 6004K, capacity 6194K, committed 6272K, reserved 1048576K
}
Event: 22.410 GC heap before
{Heap before GC invocations=16 (full 2):
 PSYoungGen      total 430592K, used 412448K [0x00000000d7000000, 0x00000000f9980000, 0x0000000100000000)
  eden space 408064K, 100% used [0x00000000d7000000,0x00000000efe80000,0x00000000efe80000)
  from space 22528K, 19% used [0x00000000efe80000,0x00000000f02c8010,0x00000000f1480000)
  to   space 22016K, 0% used [0x00000000f8400000,0x00000000f8400000,0x00000000f9980000)
 ParOldGen       total 78336K, used 34123K [0x0000000085000000, 0x0000000089c80000, 0x00000000d7000000)
  object space 78336K, 43% used [0x0000000085000000,0x0000000087152e60,0x0000000089c80000)
 Metaspace       used 52696K, capacity 53896K, committed 54144K, reserved 1097728K
  class space    used 6274K, capacity 6474K, committed 6528K, reserved 1048576K
Event: 22.428 GC heap after
Heap after GC invocations=16 (full 2):
 PSYoungGen      total 528896K, used 19099K [0x00000000d7000000, 0x00000000f9700000, 0x0000000100000000)
  eden space 509440K, 0% used [0x00000000d7000000,0x00000000d7000000,0x00000000f6180000)
  from space 19456K, 98% used [0x00000000f8400000,0x00000000f96a6f20,0x00000000f9700000)
  to   space 24576K, 0% used [0x00000000f6700000,0x00000000f6700000,0x00000000f7f00000)
 ParOldGen       total 78336K, used 34131K [0x0000000085000000, 0x0000000089c80000, 0x00000000d7000000)
  object space 78336K, 43% used [0x0000000085000000,0x0000000087154e60,0x0000000089c80000)
 Metaspace       used 52696K, capacity 53896K, committed 54144K, reserved 1097728K
  class space    used 6274K, capacity 6474K, committed 6528K, reserved 1048576K
}

